{"C:\\Users\\Bobby\\Documents\\Kwesta-mobile\\app\\context\\(auth)\\Login.tsx": {"path":"C:\\Users\\Bobby\\Documents\\Kwesta-mobile\\app\\context\\(auth)\\Login.tsx","statementMap":{"0":{"start":{"line":12,"column":66},"end":{"line":12,"column":75}},"1":{"start":{"line":13,"column":17},"end":{"line":13,"column":28}},"2":{"start":{"line":15,"column":28},"end":{"line":15,"column":40}},"3":{"start":{"line":16,"column":36},"end":{"line":16,"column":51}},"4":{"start":{"line":17,"column":40},"end":{"line":20,"column":4}},"5":{"start":{"line":23,"column":4},"end":{"line":54,"column":5}},"6":{"start":{"line":24,"column":6},"end":{"line":24,"column":25}},"7":{"start":{"line":25,"column":6},"end":{"line":37,"column":8}},"8":{"start":{"line":38,"column":26},"end":{"line":38,"column":57}},"9":{"start":{"line":39,"column":6},"end":{"line":39,"column":42}},"10":{"start":{"line":40,"column":6},"end":{"line":40,"column":53}},"11":{"start":{"line":42,"column":6},"end":{"line":48,"column":7}},"12":{"start":{"line":43,"column":8},"end":{"line":43,"column":33}},"13":{"start":{"line":45,"column":8},"end":{"line":45,"column":39}},"14":{"start":{"line":47,"column":8},"end":{"line":47,"column":39}},"15":{"start":{"line":51,"column":6},"end":{"line":51,"column":28}},"16":{"start":{"line":53,"column":6},"end":{"line":53,"column":26}},"17":{"start":{"line":57,"column":2},"end":{"line":91,"column":4}},"18":{"start":{"line":67,"column":33},"end":{"line":67,"column":84}},"19":{"start":{"line":77,"column":33},"end":{"line":77,"column":84}},"20":{"start":{"line":94,"column":15},"end":{"line":142,"column":2}}},"fnMap":{"0":{"name":"Login","decl":{"start":{"line":11,"column":24},"end":{"line":11,"column":29}},"loc":{"start":{"line":11,"column":32},"end":{"line":92,"column":1}},"line":11},"1":{"name":"submitForm","decl":{"start":{"line":22,"column":17},"end":{"line":22,"column":27}},"loc":{"start":{"line":22,"column":30},"end":{"line":55,"column":3}},"line":22},"2":{"name":"(anonymous_2)","decl":{"start":{"line":67,"column":22},"end":{"line":67,"column":23}},"loc":{"start":{"line":67,"column":33},"end":{"line":67,"column":84}},"line":67},"3":{"name":"(anonymous_3)","decl":{"start":{"line":77,"column":22},"end":{"line":77,"column":23}},"loc":{"start":{"line":77,"column":33},"end":{"line":77,"column":84}},"line":77}},"branchMap":{"0":{"loc":{"start":{"line":38,"column":26},"end":{"line":38,"column":57}},"type":"binary-expr","locations":[{"start":{"line":38,"column":26},"end":{"line":38,"column":44}},{"start":{"line":38,"column":48},"end":{"line":38,"column":57}}],"line":38},"1":{"loc":{"start":{"line":42,"column":6},"end":{"line":48,"column":7}},"type":"if","locations":[{"start":{"line":42,"column":6},"end":{"line":48,"column":7}},{"start":{"line":46,"column":13},"end":{"line":48,"column":7}}],"line":42},"2":{"loc":{"start":{"line":84,"column":7},"end":{"line":84,"column":99}},"type":"binary-expr","locations":[{"start":{"line":84,"column":7},"end":{"line":84,"column":16}},{"start":{"line":84,"column":20},"end":{"line":84,"column":99}}],"line":84},"3":{"loc":{"start":{"line":85,"column":7},"end":{"line":85,"column":64}},"type":"binary-expr","locations":[{"start":{"line":85,"column":7},"end":{"line":85,"column":19}},{"start":{"line":85,"column":23},"end":{"line":85,"column":64}}],"line":85}},"s":{"0":4,"1":4,"2":4,"3":4,"4":4,"5":1,"6":1,"7":1,"8":0,"9":0,"10":0,"11":0,"12":0,"13":0,"14":0,"15":0,"16":0,"17":4,"18":1,"19":1,"20":1},"f":{"0":4,"1":1,"2":1,"3":1},"b":{"0":[0,0],"1":[0,0],"2":[4,1],"3":[4,0]},"_coverageSchema":"1a1c01bbd47fc00a2c39e90264f33305004495a9","hash":"16fbf1f926b0262130e2b34cf17b816c20b87a20"}
,"C:\\Users\\Bobby\\Documents\\Kwesta-mobile\\app\\context\\(tabs)\\UserProfile.tsx": {"path":"C:\\Users\\Bobby\\Documents\\Kwesta-mobile\\app\\context\\(tabs)\\UserProfile.tsx","statementMap":{"0":{"start":{"line":18,"column":22},"end":{"line":18,"column":38}},"1":{"start":{"line":19,"column":17},"end":{"line":19,"column":47}},"2":{"start":{"line":21,"column":30},"end":{"line":21,"column":39}},"3":{"start":{"line":22,"column":32},"end":{"line":22,"column":58}},"4":{"start":{"line":24,"column":40},"end":{"line":24,"column":51}},"5":{"start":{"line":26,"column":2},"end":{"line":60,"column":42}},"6":{"start":{"line":27,"column":24},"end":{"line":57,"column":5}},"7":{"start":{"line":29,"column":6},"end":{"line":29,"column":43}},"8":{"start":{"line":30,"column":6},"end":{"line":37,"column":7}},"9":{"start":{"line":31,"column":8},"end":{"line":34,"column":11}},"10":{"start":{"line":36,"column":8},"end":{"line":36,"column":15}},"11":{"start":{"line":39,"column":6},"end":{"line":39,"column":28}},"12":{"start":{"line":42,"column":6},"end":{"line":44,"column":9}},"13":{"start":{"line":47,"column":6},"end":{"line":47,"column":28}},"14":{"start":{"line":47,"column":21},"end":{"line":47,"column":28}},"15":{"start":{"line":50,"column":6},"end":{"line":56,"column":7}},"16":{"start":{"line":51,"column":23},"end":{"line":51,"column":64}},"17":{"start":{"line":53,"column":8},"end":{"line":53,"column":27}},"18":{"start":{"line":55,"column":8},"end":{"line":55,"column":27}},"19":{"start":{"line":59,"column":4},"end":{"line":59,"column":18}},"20":{"start":{"line":62,"column":30},"end":{"line":62,"column":52}},"21":{"start":{"line":63,"column":44},"end":{"line":63,"column":59}},"22":{"start":{"line":65,"column":21},"end":{"line":76,"column":13}},"23":{"start":{"line":66,"column":4},"end":{"line":66,"column":27}},"24":{"start":{"line":68,"column":4},"end":{"line":75,"column":5}},"25":{"start":{"line":69,"column":21},"end":{"line":69,"column":51}},"26":{"start":{"line":70,"column":6},"end":{"line":70,"column":53}},"27":{"start":{"line":72,"column":6},"end":{"line":72,"column":20}},"28":{"start":{"line":74,"column":6},"end":{"line":74,"column":30}},"29":{"start":{"line":78,"column":2},"end":{"line":81,"column":38}},"30":{"start":{"line":79,"column":4},"end":{"line":79,"column":24}},"31":{"start":{"line":80,"column":4},"end":{"line":80,"column":17}},"32":{"start":{"line":83,"column":2},"end":{"line":138,"column":4}},"33":{"start":{"line":127,"column":12},"end":{"line":129,"column":19}},"34":{"start":{"line":141,"column":15},"end":{"line":196,"column":2}}},"fnMap":{"0":{"name":"UserProfile","decl":{"start":{"line":17,"column":24},"end":{"line":17,"column":35}},"loc":{"start":{"line":17,"column":57},"end":{"line":139,"column":1}},"line":17},"1":{"name":"(anonymous_1)","decl":{"start":{"line":26,"column":12},"end":{"line":26,"column":13}},"loc":{"start":{"line":26,"column":18},"end":{"line":60,"column":3}},"line":26},"2":{"name":"(anonymous_2)","decl":{"start":{"line":27,"column":24},"end":{"line":27,"column":25}},"loc":{"start":{"line":27,"column":36},"end":{"line":57,"column":5}},"line":27},"3":{"name":"(anonymous_3)","decl":{"start":{"line":65,"column":33},"end":{"line":65,"column":34}},"loc":{"start":{"line":65,"column":45},"end":{"line":76,"column":3}},"line":65},"4":{"name":"(anonymous_4)","decl":{"start":{"line":78,"column":12},"end":{"line":78,"column":13}},"loc":{"start":{"line":78,"column":18},"end":{"line":81,"column":3}},"line":78},"5":{"name":"(anonymous_5)","decl":{"start":{"line":126,"column":21},"end":{"line":126,"column":22}},"loc":{"start":{"line":127,"column":12},"end":{"line":129,"column":19}},"line":127}},"branchMap":{"0":{"loc":{"start":{"line":19,"column":24},"end":{"line":19,"column":46}},"type":"binary-expr","locations":[{"start":{"line":19,"column":24},"end":{"line":19,"column":35}},{"start":{"line":19,"column":39},"end":{"line":19,"column":46}}],"line":19},"1":{"loc":{"start":{"line":30,"column":6},"end":{"line":37,"column":7}},"type":"if","locations":[{"start":{"line":30,"column":6},"end":{"line":37,"column":7}},{"start":{},"end":{}}],"line":30},"2":{"loc":{"start":{"line":43,"column":18},"end":{"line":43,"column":44}},"type":"binary-expr","locations":[{"start":{"line":43,"column":18},"end":{"line":43,"column":26}},{"start":{"line":43,"column":30},"end":{"line":43,"column":44}}],"line":43},"3":{"loc":{"start":{"line":47,"column":6},"end":{"line":47,"column":28}},"type":"if","locations":[{"start":{"line":47,"column":6},"end":{"line":47,"column":28}},{"start":{},"end":{}}],"line":47},"4":{"loc":{"start":{"line":70,"column":16},"end":{"line":70,"column":51}},"type":"cond-expr","locations":[{"start":{"line":70,"column":40},"end":{"line":70,"column":46}},{"start":{"line":70,"column":49},"end":{"line":70,"column":51}}],"line":70},"5":{"loc":{"start":{"line":94,"column":32},"end":{"line":94,"column":46}},"type":"binary-expr","locations":[{"start":{"line":94,"column":32},"end":{"line":94,"column":40}},{"start":{"line":94,"column":44},"end":{"line":94,"column":46}}],"line":94},"6":{"loc":{"start":{"line":96,"column":11},"end":{"line":96,"column":46}},"type":"binary-expr","locations":[{"start":{"line":96,"column":11},"end":{"line":96,"column":28}},{"start":{"line":96,"column":32},"end":{"line":96,"column":46}}],"line":96},"7":{"loc":{"start":{"line":103,"column":23},"end":{"line":103,"column":51}},"type":"binary-expr","locations":[{"start":{"line":103,"column":23},"end":{"line":103,"column":46}},{"start":{"line":103,"column":50},"end":{"line":103,"column":51}}],"line":103},"8":{"loc":{"start":{"line":109,"column":23},"end":{"line":109,"column":51}},"type":"binary-expr","locations":[{"start":{"line":109,"column":23},"end":{"line":109,"column":46}},{"start":{"line":109,"column":50},"end":{"line":109,"column":51}}],"line":109},"9":{"loc":{"start":{"line":115,"column":17},"end":{"line":115,"column":37}},"type":"binary-expr","locations":[{"start":{"line":115,"column":17},"end":{"line":115,"column":32}},{"start":{"line":115,"column":36},"end":{"line":115,"column":37}}],"line":115},"10":{"loc":{"start":{"line":121,"column":9},"end":{"line":135,"column":9}},"type":"cond-expr","locations":[{"start":{"line":122,"column":10},"end":{"line":124,"column":17}},{"start":{"line":125,"column":12},"end":{"line":135,"column":9}}],"line":121},"11":{"loc":{"start":{"line":125,"column":12},"end":{"line":135,"column":9}},"type":"cond-expr","locations":[{"start":{"line":126,"column":10},"end":{"line":130,"column":12}},{"start":{"line":132,"column":10},"end":{"line":134,"column":17}}],"line":125}},"s":{"0":0,"1":0,"2":0,"3":0,"4":0,"5":0,"6":0,"7":0,"8":0,"9":0,"10":0,"11":0,"12":0,"13":0,"14":0,"15":0,"16":0,"17":0,"18":0,"19":0,"20":0,"21":0,"22":0,"23":0,"24":0,"25":0,"26":0,"27":0,"28":0,"29":0,"30":0,"31":0,"32":0,"33":0,"34":2},"f":{"0":0,"1":0,"2":0,"3":0,"4":0,"5":0},"b":{"0":[0,0],"1":[0,0],"2":[0,0],"3":[0,0],"4":[0,0],"5":[0,0],"6":[0,0],"7":[0,0],"8":[0,0],"9":[0,0],"10":[0,0],"11":[0,0]},"_coverageSchema":"1a1c01bbd47fc00a2c39e90264f33305004495a9","hash":"29d00934283d366e233b45d0592cdeb9b3c56678"}
,"C:\\Users\\Bobby\\Documents\\Kwesta-mobile\\assets\\images\\close_black.png": {"path":"C:\\Users\\Bobby\\Documents\\Kwesta-mobile\\assets\\images\\close_black.png","statementMap":{"0":{"start":{"line":1,"column":0},"end":{"line":4,"column":6}}},"fnMap":{},"branchMap":{},"s":{"0":2},"f":{},"b":{},"_coverageSchema":"1a1c01bbd47fc00a2c39e90264f33305004495a9","hash":"c213960315203338c0ff0a277df0fb88d5dee382"}
,"C:\\Users\\Bobby\\Documents\\Kwesta-mobile\\assets\\images\\enter_sign.png": {"path":"C:\\Users\\Bobby\\Documents\\Kwesta-mobile\\assets\\images\\enter_sign.png","statementMap":{"0":{"start":{"line":1,"column":0},"end":{"line":4,"column":6}}},"fnMap":{},"branchMap":{},"s":{"0":2},"f":{},"b":{},"_coverageSchema":"1a1c01bbd47fc00a2c39e90264f33305004495a9","hash":"0c126abb100658ec81762719a74a2f85e1cb8604"}
,"C:\\Users\\Bobby\\Documents\\Kwesta-mobile\\assets\\images\\exit_sign.png": {"path":"C:\\Users\\Bobby\\Documents\\Kwesta-mobile\\assets\\images\\exit_sign.png","statementMap":{"0":{"start":{"line":1,"column":0},"end":{"line":4,"column":6}}},"fnMap":{},"branchMap":{},"s":{"0":2},"f":{},"b":{},"_coverageSchema":"1a1c01bbd47fc00a2c39e90264f33305004495a9","hash":"ed68ef92e196e00153acfe4e66d9b0e852a9215a"}
,"C:\\Users\\Bobby\\Documents\\Kwesta-mobile\\assets\\images\\flag_empty_black.png": {"path":"C:\\Users\\Bobby\\Documents\\Kwesta-mobile\\assets\\images\\flag_empty_black.png","statementMap":{"0":{"start":{"line":1,"column":0},"end":{"line":4,"column":6}}},"fnMap":{},"branchMap":{},"s":{"0":1},"f":{},"b":{},"_coverageSchema":"1a1c01bbd47fc00a2c39e90264f33305004495a9","hash":"53a96749bd3988f576a729203f6e4ad20bf75021"}
,"C:\\Users\\Bobby\\Documents\\Kwesta-mobile\\assets\\images\\flag_filled.png": {"path":"C:\\Users\\Bobby\\Documents\\Kwesta-mobile\\assets\\images\\flag_filled.png","statementMap":{"0":{"start":{"line":1,"column":0},"end":{"line":4,"column":6}}},"fnMap":{},"branchMap":{},"s":{"0":1},"f":{},"b":{},"_coverageSchema":"1a1c01bbd47fc00a2c39e90264f33305004495a9","hash":"b598cb6291f9e572a231da2be53a6d376eefe951"}
,"C:\\Users\\Bobby\\Documents\\Kwesta-mobile\\assets\\images\\heart_empty_black.png": {"path":"C:\\Users\\Bobby\\Documents\\Kwesta-mobile\\assets\\images\\heart_empty_black.png","statementMap":{"0":{"start":{"line":1,"column":0},"end":{"line":4,"column":6}}},"fnMap":{},"branchMap":{},"s":{"0":1},"f":{},"b":{},"_coverageSchema":"1a1c01bbd47fc00a2c39e90264f33305004495a9","hash":"3c045679df143b420827a9f290d22ce3deb5fa28"}
,"C:\\Users\\Bobby\\Documents\\Kwesta-mobile\\assets\\images\\profile-placeholder.png": {"path":"C:\\Users\\Bobby\\Documents\\Kwesta-mobile\\assets\\images\\profile-placeholder.png","statementMap":{"0":{"start":{"line":1,"column":0},"end":{"line":4,"column":6}}},"fnMap":{},"branchMap":{},"s":{"0":2},"f":{},"b":{},"_coverageSchema":"1a1c01bbd47fc00a2c39e90264f33305004495a9","hash":"f48bda5d293f8a8fc6d1bc320d7e5e8dc3fe44c3"}
,"C:\\Users\\Bobby\\Documents\\Kwesta-mobile\\components\\CommentOverlay.tsx": {"path":"C:\\Users\\Bobby\\Documents\\Kwesta-mobile\\components\\CommentOverlay.tsx","statementMap":{"0":{"start":{"line":30,"column":15},"end":{"line":30,"column":34}},"1":{"start":{"line":31,"column":21},"end":{"line":31,"column":51}},"2":{"start":{"line":32,"column":19},"end":{"line":32,"column":37}},"3":{"start":{"line":33,"column":20},"end":{"line":33,"column":22}},"4":{"start":{"line":34,"column":21},"end":{"line":34,"column":27}},"5":{"start":{"line":35,"column":19},"end":{"line":53,"column":2}},"6":{"start":{"line":64,"column":20},"end":{"line":64,"column":44}},"7":{"start":{"line":65,"column":26},"end":{"line":65,"column":39}},"8":{"start":{"line":67,"column":30},"end":{"line":67,"column":41}},"9":{"start":{"line":68,"column":20},"end":{"line":68,"column":29}},"10":{"start":{"line":70,"column":42},"end":{"line":70,"column":68}},"11":{"start":{"line":71,"column":40},"end":{"line":71,"column":55}},"12":{"start":{"line":72,"column":22},"end":{"line":72,"column":38}},"13":{"start":{"line":73,"column":18},"end":{"line":73,"column":62}},"14":{"start":{"line":74,"column":20},"end":{"line":74,"column":63}},"15":{"start":{"line":76,"column":2},"end":{"line":96,"column":24}},"16":{"start":{"line":77,"column":4},"end":{"line":77,"column":55}},"17":{"start":{"line":77,"column":48},"end":{"line":77,"column":55}},"18":{"start":{"line":79,"column":18},"end":{"line":79,"column":77}},"19":{"start":{"line":79,"column":49},"end":{"line":79,"column":76}},"20":{"start":{"line":81,"column":4},"end":{"line":95,"column":5}},"21":{"start":{"line":82,"column":6},"end":{"line":82,"column":37}},"22":{"start":{"line":84,"column":6},"end":{"line":84,"column":23}},"23":{"start":{"line":85,"column":6},"end":{"line":85,"column":39}},"24":{"start":{"line":87,"column":6},"end":{"line":90,"column":9}},"25":{"start":{"line":92,"column":6},"end":{"line":94,"column":14}},"26":{"start":{"line":93,"column":8},"end":{"line":93,"column":40}},"27":{"start":{"line":99,"column":4},"end":{"line":118,"column":9}},"28":{"start":{"line":101,"column":8},"end":{"line":111,"column":10}},"29":{"start":{"line":102,"column":10},"end":{"line":110,"column":11}},"30":{"start":{"line":103,"column":12},"end":{"line":109,"column":17}},"31":{"start":{"line":112,"column":8},"end":{"line":114,"column":9}},"32":{"start":{"line":113,"column":10},"end":{"line":113,"column":34}},"33":{"start":{"line":117,"column":8},"end":{"line":117,"column":56}},"34":{"start":{"line":122,"column":4},"end":{"line":134,"column":9}},"35":{"start":{"line":125,"column":8},"end":{"line":129,"column":10}},"36":{"start":{"line":126,"column":10},"end":{"line":128,"column":11}},"37":{"start":{"line":127,"column":12},"end":{"line":127,"column":60}},"38":{"start":{"line":130,"column":8},"end":{"line":130,"column":47}},"39":{"start":{"line":133,"column":8},"end":{"line":133,"column":58}},"40":{"start":{"line":138,"column":4},"end":{"line":149,"column":9}},"41":{"start":{"line":140,"column":8},"end":{"line":144,"column":10}},"42":{"start":{"line":141,"column":10},"end":{"line":143,"column":11}},"43":{"start":{"line":142,"column":12},"end":{"line":142,"column":61}},"44":{"start":{"line":145,"column":8},"end":{"line":145,"column":49}},"45":{"start":{"line":148,"column":8},"end":{"line":148,"column":60}},"46":{"start":{"line":152,"column":2},"end":{"line":294,"column":4}},"47":{"start":{"line":169,"column":16},"end":{"line":169,"column":52}},"48":{"start":{"line":169,"column":45},"end":{"line":169,"column":52}},"49":{"start":{"line":170,"column":26},"end":{"line":170,"column":55}},"50":{"start":{"line":172,"column":33},"end":{"line":172,"column":75}},"51":{"start":{"line":174,"column":16},"end":{"line":177,"column":17}},"52":{"start":{"line":175,"column":18},"end":{"line":175,"column":38}},"53":{"start":{"line":176,"column":18},"end":{"line":176,"column":54}},"54":{"start":{"line":182,"column":32},"end":{"line":182,"column":48}},"55":{"start":{"line":185,"column":18},"end":{"line":194,"column":20}},"56":{"start":{"line":196,"column":16},"end":{"line":265,"column":18}},"57":{"start":{"line":207,"column":24},"end":{"line":207,"column":68}},"58":{"start":{"line":208,"column":24},"end":{"line":208,"column":54}},"59":{"start":{"line":209,"column":24},"end":{"line":209,"column":45}},"60":{"start":{"line":229,"column":37},"end":{"line":229,"column":53}},"61":{"start":{"line":242,"column":39},"end":{"line":242,"column":57}},"62":{"start":{"line":255,"column":39},"end":{"line":255,"column":55}},"63":{"start":{"line":276,"column":30},"end":{"line":276,"column":51}},"64":{"start":{"line":282,"column":27},"end":{"line":282,"column":48}}},"fnMap":{"0":{"name":"CommentOverlay","decl":{"start":{"line":55,"column":24},"end":{"line":55,"column":38}},"loc":{"start":{"line":63,"column":10},"end":{"line":295,"column":1}},"line":63},"1":{"name":"(anonymous_1)","decl":{"start":{"line":76,"column":12},"end":{"line":76,"column":13}},"loc":{"start":{"line":76,"column":18},"end":{"line":96,"column":3}},"line":76},"2":{"name":"(anonymous_2)","decl":{"start":{"line":79,"column":37},"end":{"line":79,"column":38}},"loc":{"start":{"line":79,"column":49},"end":{"line":79,"column":76}},"line":79},"3":{"name":"(anonymous_3)","decl":{"start":{"line":92,"column":17},"end":{"line":92,"column":18}},"loc":{"start":{"line":92,"column":23},"end":{"line":94,"column":7}},"line":92},"4":{"name":"handleLike","decl":{"start":{"line":98,"column":11},"end":{"line":98,"column":21}},"loc":{"start":{"line":98,"column":38},"end":{"line":119,"column":3}},"line":98},"5":{"name":"(anonymous_5)","decl":{"start":{"line":100,"column":12},"end":{"line":100,"column":13}},"loc":{"start":{"line":100,"column":24},"end":{"line":115,"column":7}},"line":100},"6":{"name":"(anonymous_6)","decl":{"start":{"line":101,"column":20},"end":{"line":101,"column":21}},"loc":{"start":{"line":102,"column":10},"end":{"line":110,"column":11}},"line":102},"7":{"name":"(anonymous_7)","decl":{"start":{"line":102,"column":27},"end":{"line":102,"column":28}},"loc":{"start":{"line":103,"column":12},"end":{"line":109,"column":17}},"line":103},"8":{"name":"(anonymous_8)","decl":{"start":{"line":116,"column":13},"end":{"line":116,"column":14}},"loc":{"start":{"line":116,"column":29},"end":{"line":118,"column":7}},"line":116},"9":{"name":"handleFlag","decl":{"start":{"line":121,"column":11},"end":{"line":121,"column":21}},"loc":{"start":{"line":121,"column":32},"end":{"line":135,"column":3}},"line":121},"10":{"name":"(anonymous_10)","decl":{"start":{"line":123,"column":12},"end":{"line":123,"column":13}},"loc":{"start":{"line":123,"column":18},"end":{"line":131,"column":7}},"line":123},"11":{"name":"(anonymous_11)","decl":{"start":{"line":125,"column":20},"end":{"line":125,"column":21}},"loc":{"start":{"line":126,"column":10},"end":{"line":128,"column":11}},"line":126},"12":{"name":"(anonymous_12)","decl":{"start":{"line":126,"column":27},"end":{"line":126,"column":28}},"loc":{"start":{"line":127,"column":12},"end":{"line":127,"column":60}},"line":127},"13":{"name":"(anonymous_13)","decl":{"start":{"line":132,"column":13},"end":{"line":132,"column":14}},"loc":{"start":{"line":132,"column":24},"end":{"line":134,"column":7}},"line":132},"14":{"name":"handleUnflag","decl":{"start":{"line":137,"column":11},"end":{"line":137,"column":23}},"loc":{"start":{"line":137,"column":34},"end":{"line":150,"column":3}},"line":137},"15":{"name":"(anonymous_15)","decl":{"start":{"line":139,"column":12},"end":{"line":139,"column":13}},"loc":{"start":{"line":139,"column":18},"end":{"line":146,"column":7}},"line":139},"16":{"name":"(anonymous_16)","decl":{"start":{"line":140,"column":20},"end":{"line":140,"column":21}},"loc":{"start":{"line":141,"column":10},"end":{"line":143,"column":11}},"line":141},"17":{"name":"(anonymous_17)","decl":{"start":{"line":141,"column":27},"end":{"line":141,"column":28}},"loc":{"start":{"line":142,"column":12},"end":{"line":142,"column":61}},"line":142},"18":{"name":"(anonymous_18)","decl":{"start":{"line":147,"column":13},"end":{"line":147,"column":14}},"loc":{"start":{"line":147,"column":24},"end":{"line":149,"column":7}},"line":147},"19":{"name":"(anonymous_19)","decl":{"start":{"line":168,"column":24},"end":{"line":168,"column":25}},"loc":{"start":{"line":168,"column":31},"end":{"line":178,"column":15}},"line":168},"20":{"name":"(anonymous_20)","decl":{"start":{"line":181,"column":28},"end":{"line":181,"column":29}},"loc":{"start":{"line":181,"column":48},"end":{"line":266,"column":15}},"line":181},"21":{"name":"(anonymous_21)","decl":{"start":{"line":206,"column":31},"end":{"line":206,"column":32}},"loc":{"start":{"line":206,"column":37},"end":{"line":210,"column":23}},"line":206},"22":{"name":"(anonymous_22)","decl":{"start":{"line":229,"column":31},"end":{"line":229,"column":32}},"loc":{"start":{"line":229,"column":37},"end":{"line":229,"column":53}},"line":229},"23":{"name":"(anonymous_23)","decl":{"start":{"line":242,"column":33},"end":{"line":242,"column":34}},"loc":{"start":{"line":242,"column":39},"end":{"line":242,"column":57}},"line":242},"24":{"name":"(anonymous_24)","decl":{"start":{"line":255,"column":33},"end":{"line":255,"column":34}},"loc":{"start":{"line":255,"column":39},"end":{"line":255,"column":55}},"line":255},"25":{"name":"(anonymous_25)","decl":{"start":{"line":276,"column":24},"end":{"line":276,"column":25}},"loc":{"start":{"line":276,"column":30},"end":{"line":276,"column":51}},"line":276},"26":{"name":"(anonymous_26)","decl":{"start":{"line":282,"column":21},"end":{"line":282,"column":22}},"loc":{"start":{"line":282,"column":27},"end":{"line":282,"column":48}},"line":282}},"branchMap":{"0":{"loc":{"start":{"line":73,"column":18},"end":{"line":73,"column":62}},"type":"cond-expr","locations":[{"start":{"line":73,"column":43},"end":{"line":73,"column":52}},{"start":{"line":73,"column":55},"end":{"line":73,"column":62}}],"line":73},"1":{"loc":{"start":{"line":74,"column":20},"end":{"line":74,"column":63}},"type":"cond-expr","locations":[{"start":{"line":74,"column":46},"end":{"line":74,"column":53}},{"start":{"line":74,"column":56},"end":{"line":74,"column":63}}],"line":74},"2":{"loc":{"start":{"line":77,"column":4},"end":{"line":77,"column":55}},"type":"if","locations":[{"start":{"line":77,"column":4},"end":{"line":77,"column":55}},{"start":{},"end":{}}],"line":77},"3":{"loc":{"start":{"line":77,"column":8},"end":{"line":77,"column":46}},"type":"binary-expr","locations":[{"start":{"line":77,"column":8},"end":{"line":77,"column":24}},{"start":{"line":77,"column":28},"end":{"line":77,"column":46}}],"line":77},"4":{"loc":{"start":{"line":81,"column":4},"end":{"line":95,"column":5}},"type":"if","locations":[{"start":{"line":81,"column":4},"end":{"line":95,"column":5}},{"start":{},"end":{}}],"line":81},"5":{"loc":{"start":{"line":81,"column":8},"end":{"line":81,"column":40}},"type":"binary-expr","locations":[{"start":{"line":81,"column":8},"end":{"line":81,"column":20}},{"start":{"line":81,"column":24},"end":{"line":81,"column":40}}],"line":81},"6":{"loc":{"start":{"line":103,"column":12},"end":{"line":109,"column":17}},"type":"cond-expr","locations":[{"start":{"line":104,"column":16},"end":{"line":108,"column":17}},{"start":{"line":109,"column":16},"end":{"line":109,"column":17}}],"line":103},"7":{"loc":{"start":{"line":106,"column":26},"end":{"line":106,"column":38}},"type":"binary-expr","locations":[{"start":{"line":106,"column":26},"end":{"line":106,"column":33}},{"start":{"line":106,"column":37},"end":{"line":106,"column":38}}],"line":106},"8":{"loc":{"start":{"line":112,"column":8},"end":{"line":114,"column":9}},"type":"if","locations":[{"start":{"line":112,"column":8},"end":{"line":114,"column":9}},{"start":{},"end":{}}],"line":112},"9":{"loc":{"start":{"line":127,"column":12},"end":{"line":127,"column":60}},"type":"cond-expr","locations":[{"start":{"line":127,"column":27},"end":{"line":127,"column":56}},{"start":{"line":127,"column":59},"end":{"line":127,"column":60}}],"line":127},"10":{"loc":{"start":{"line":142,"column":12},"end":{"line":142,"column":61}},"type":"cond-expr","locations":[{"start":{"line":142,"column":27},"end":{"line":142,"column":57}},{"start":{"line":142,"column":60},"end":{"line":142,"column":61}}],"line":142},"11":{"loc":{"start":{"line":154,"column":7},"end":{"line":270,"column":7}},"type":"binary-expr","locations":[{"start":{"line":154,"column":7},"end":{"line":154,"column":11}},{"start":{"line":155,"column":8},"end":{"line":269,"column":11}}],"line":154},"12":{"loc":{"start":{"line":169,"column":16},"end":{"line":169,"column":52}},"type":"if","locations":[{"start":{"line":169,"column":16},"end":{"line":169,"column":52}},{"start":{},"end":{}}],"line":169},"13":{"loc":{"start":{"line":174,"column":16},"end":{"line":177,"column":17}},"type":"if","locations":[{"start":{"line":174,"column":16},"end":{"line":177,"column":17}},{"start":{},"end":{}}],"line":174},"14":{"loc":{"start":{"line":202,"column":45},"end":{"line":202,"column":68}},"type":"cond-expr","locations":[{"start":{"line":202,"column":60},"end":{"line":202,"column":61}},{"start":{"line":202,"column":64},"end":{"line":202,"column":68}}],"line":202},"15":{"loc":{"start":{"line":235,"column":34},"end":{"line":235,"column":226}},"type":"cond-expr","locations":[{"start":{"line":235,"column":50},"end":{"line":235,"column":94}},{"start":{"line":235,"column":98},"end":{"line":235,"column":225}}],"line":235},"16":{"loc":{"start":{"line":235,"column":98},"end":{"line":235,"column":225}},"type":"cond-expr","locations":[{"start":{"line":235,"column":124},"end":{"line":235,"column":173}},{"start":{"line":235,"column":176},"end":{"line":235,"column":225}}],"line":235},"17":{"loc":{"start":{"line":236,"column":58},"end":{"line":236,"column":70}},"type":"binary-expr","locations":[{"start":{"line":236,"column":58},"end":{"line":236,"column":65}},{"start":{"line":236,"column":69},"end":{"line":236,"column":70}}],"line":236},"18":{"loc":{"start":{"line":240,"column":21},"end":{"line":263,"column":21}},"type":"cond-expr","locations":[{"start":{"line":241,"column":22},"end":{"line":252,"column":34}},{"start":{"line":254,"column":22},"end":{"line":262,"column":34}}],"line":240},"19":{"loc":{"start":{"line":259,"column":66},"end":{"line":259,"column":191}},"type":"cond-expr","locations":[{"start":{"line":259,"column":92},"end":{"line":259,"column":140}},{"start":{"line":259,"column":143},"end":{"line":259,"column":191}}],"line":259},"20":{"loc":{"start":{"line":284,"column":22},"end":{"line":285,"column":59}},"type":"cond-expr","locations":[{"start":{"line":284,"column":47},"end":{"line":284,"column":90}},{"start":{"line":285,"column":16},"end":{"line":285,"column":59}}],"line":284}},"s":{"0":1,"1":1,"2":1,"3":1,"4":1,"5":1,"6":18,"7":18,"8":18,"9":18,"10":18,"11":18,"12":18,"13":18,"14":18,"15":18,"16":8,"17":0,"18":8,"19":8,"20":8,"21":0,"22":0,"23":0,"24":0,"25":0,"26":0,"27":2,"28":1,"29":0,"30":0,"31":1,"32":1,"33":1,"34":2,"35":1,"36":0,"37":0,"38":1,"39":1,"40":2,"41":1,"42":0,"43":0,"44":1,"45":1,"46":18,"47":2,"48":0,"49":2,"50":2,"51":2,"52":2,"53":2,"54":32,"55":32,"56":32,"57":0,"58":0,"59":0,"60":2,"61":2,"62":2,"63":0,"64":0},"f":{"0":18,"1":8,"2":8,"3":0,"4":2,"5":1,"6":0,"7":0,"8":1,"9":2,"10":1,"11":0,"12":0,"13":1,"14":2,"15":1,"16":0,"17":0,"18":1,"19":2,"20":32,"21":0,"22":2,"23":2,"24":2,"25":0,"26":0},"b":{"0":[0,18],"1":[18,0],"2":[0,8],"3":[8,8],"4":[0,8],"5":[8,8],"6":[0,0],"7":[0,0],"8":[1,0],"9":[0,0],"10":[0,0],"11":[18,18],"12":[0,2],"13":[2,0],"14":[18,14],"15":[0,32],"16":[32,0],"17":[32,32],"18":[4,28],"19":[28,0],"20":[0,18]},"_coverageSchema":"1a1c01bbd47fc00a2c39e90264f33305004495a9","hash":"b1d440e686144a9f92632d6ab7d95530106f0775"}
,"C:\\Users\\Bobby\\Documents\\Kwesta-mobile\\components\\EventOverlay.tsx": {"path":"C:\\Users\\Bobby\\Documents\\Kwesta-mobile\\components\\EventOverlay.tsx","statementMap":{"0":{"start":{"line":21,"column":15},"end":{"line":21,"column":34}},"1":{"start":{"line":22,"column":21},"end":{"line":22,"column":51}},"2":{"start":{"line":23,"column":19},"end":{"line":23,"column":37}},"3":{"start":{"line":24,"column":20},"end":{"line":24,"column":22}},"4":{"start":{"line":25,"column":21},"end":{"line":25,"column":27}},"5":{"start":{"line":26,"column":19},"end":{"line":44,"column":2}},"6":{"start":{"line":55,"column":20},"end":{"line":55,"column":44}},"7":{"start":{"line":56,"column":26},"end":{"line":56,"column":39}},"8":{"start":{"line":57,"column":30},"end":{"line":57,"column":41}},"9":{"start":{"line":58,"column":20},"end":{"line":58,"column":29}},"10":{"start":{"line":60,"column":44},"end":{"line":60,"column":70}},"11":{"start":{"line":61,"column":42},"end":{"line":61,"column":57}},"12":{"start":{"line":63,"column":24},"end":{"line":63,"column":40}},"13":{"start":{"line":64,"column":20},"end":{"line":64,"column":64}},"14":{"start":{"line":65,"column":22},"end":{"line":65,"column":65}},"15":{"start":{"line":67,"column":4},"end":{"line":87,"column":22}},"16":{"start":{"line":68,"column":8},"end":{"line":68,"column":57}},"17":{"start":{"line":68,"column":50},"end":{"line":68,"column":57}},"18":{"start":{"line":70,"column":18},"end":{"line":70,"column":73}},"19":{"start":{"line":70,"column":47},"end":{"line":70,"column":72}},"20":{"start":{"line":72,"column":4},"end":{"line":86,"column":5}},"21":{"start":{"line":73,"column":6},"end":{"line":73,"column":37}},"22":{"start":{"line":75,"column":6},"end":{"line":75,"column":23}},"23":{"start":{"line":76,"column":6},"end":{"line":76,"column":35}},"24":{"start":{"line":78,"column":6},"end":{"line":81,"column":9}},"25":{"start":{"line":83,"column":6},"end":{"line":85,"column":14}},"26":{"start":{"line":84,"column":8},"end":{"line":84,"column":40}},"27":{"start":{"line":90,"column":4},"end":{"line":109,"column":9}},"28":{"start":{"line":93,"column":8},"end":{"line":101,"column":10}},"29":{"start":{"line":94,"column":10},"end":{"line":100,"column":11}},"30":{"start":{"line":95,"column":12},"end":{"line":99,"column":17}},"31":{"start":{"line":102,"column":8},"end":{"line":104,"column":9}},"32":{"start":{"line":103,"column":10},"end":{"line":103,"column":34}},"33":{"start":{"line":105,"column":8},"end":{"line":105,"column":44}},"34":{"start":{"line":108,"column":8},"end":{"line":108,"column":55}},"35":{"start":{"line":113,"column":4},"end":{"line":128,"column":9}},"36":{"start":{"line":115,"column":8},"end":{"line":123,"column":10}},"37":{"start":{"line":116,"column":10},"end":{"line":122,"column":11}},"38":{"start":{"line":117,"column":12},"end":{"line":121,"column":17}},"39":{"start":{"line":124,"column":8},"end":{"line":124,"column":46}},"40":{"start":{"line":127,"column":8},"end":{"line":127,"column":55}},"41":{"start":{"line":131,"column":2},"end":{"line":243,"column":4}},"42":{"start":{"line":148,"column":16},"end":{"line":148,"column":52}},"43":{"start":{"line":148,"column":45},"end":{"line":148,"column":52}},"44":{"start":{"line":150,"column":26},"end":{"line":150,"column":55}},"45":{"start":{"line":151,"column":33},"end":{"line":151,"column":75}},"46":{"start":{"line":153,"column":16},"end":{"line":156,"column":17}},"47":{"start":{"line":154,"column":18},"end":{"line":154,"column":38}},"48":{"start":{"line":155,"column":18},"end":{"line":155,"column":50}},"49":{"start":{"line":161,"column":48},"end":{"line":161,"column":64}},"50":{"start":{"line":163,"column":36},"end":{"line":172,"column":38}},"51":{"start":{"line":173,"column":32},"end":{"line":217,"column":18}},"52":{"start":{"line":177,"column":44},"end":{"line":177,"column":88}},"53":{"start":{"line":178,"column":44},"end":{"line":178,"column":74}},"54":{"start":{"line":179,"column":44},"end":{"line":179,"column":65}},"55":{"start":{"line":188,"column":61},"end":{"line":188,"column":79}},"56":{"start":{"line":200,"column":61},"end":{"line":200,"column":77}},"57":{"start":{"line":227,"column":29},"end":{"line":227,"column":50}},"58":{"start":{"line":231,"column":27},"end":{"line":231,"column":48}}},"fnMap":{"0":{"name":"EventOverlay","decl":{"start":{"line":46,"column":24},"end":{"line":46,"column":36}},"loc":{"start":{"line":54,"column":10},"end":{"line":244,"column":1}},"line":54},"1":{"name":"(anonymous_1)","decl":{"start":{"line":67,"column":14},"end":{"line":67,"column":15}},"loc":{"start":{"line":67,"column":20},"end":{"line":87,"column":3}},"line":67},"2":{"name":"(anonymous_2)","decl":{"start":{"line":70,"column":35},"end":{"line":70,"column":36}},"loc":{"start":{"line":70,"column":47},"end":{"line":70,"column":72}},"line":70},"3":{"name":"(anonymous_3)","decl":{"start":{"line":83,"column":17},"end":{"line":83,"column":18}},"loc":{"start":{"line":83,"column":23},"end":{"line":85,"column":7}},"line":83},"4":{"name":"handleJoin","decl":{"start":{"line":89,"column":11},"end":{"line":89,"column":21}},"loc":{"start":{"line":89,"column":36},"end":{"line":110,"column":3}},"line":89},"5":{"name":"(anonymous_5)","decl":{"start":{"line":91,"column":12},"end":{"line":91,"column":13}},"loc":{"start":{"line":91,"column":24},"end":{"line":106,"column":7}},"line":91},"6":{"name":"(anonymous_6)","decl":{"start":{"line":93,"column":18},"end":{"line":93,"column":19}},"loc":{"start":{"line":94,"column":10},"end":{"line":100,"column":11}},"line":94},"7":{"name":"(anonymous_7)","decl":{"start":{"line":94,"column":25},"end":{"line":94,"column":26}},"loc":{"start":{"line":95,"column":12},"end":{"line":99,"column":17}},"line":95},"8":{"name":"(anonymous_8)","decl":{"start":{"line":107,"column":13},"end":{"line":107,"column":14}},"loc":{"start":{"line":107,"column":24},"end":{"line":109,"column":7}},"line":107},"9":{"name":"handleUnjoin","decl":{"start":{"line":112,"column":11},"end":{"line":112,"column":23}},"loc":{"start":{"line":112,"column":38},"end":{"line":129,"column":3}},"line":112},"10":{"name":"(anonymous_10)","decl":{"start":{"line":114,"column":12},"end":{"line":114,"column":13}},"loc":{"start":{"line":114,"column":18},"end":{"line":125,"column":7}},"line":114},"11":{"name":"(anonymous_11)","decl":{"start":{"line":115,"column":18},"end":{"line":115,"column":19}},"loc":{"start":{"line":116,"column":10},"end":{"line":122,"column":11}},"line":116},"12":{"name":"(anonymous_12)","decl":{"start":{"line":116,"column":25},"end":{"line":116,"column":26}},"loc":{"start":{"line":117,"column":12},"end":{"line":121,"column":17}},"line":117},"13":{"name":"(anonymous_13)","decl":{"start":{"line":126,"column":13},"end":{"line":126,"column":14}},"loc":{"start":{"line":126,"column":24},"end":{"line":128,"column":7}},"line":126},"14":{"name":"(anonymous_14)","decl":{"start":{"line":147,"column":24},"end":{"line":147,"column":25}},"loc":{"start":{"line":147,"column":31},"end":{"line":157,"column":15}},"line":147},"15":{"name":"(anonymous_15)","decl":{"start":{"line":160,"column":40},"end":{"line":160,"column":41}},"loc":{"start":{"line":160,"column":60},"end":{"line":218,"column":15}},"line":160},"16":{"name":"(anonymous_16)","decl":{"start":{"line":176,"column":53},"end":{"line":176,"column":54}},"loc":{"start":{"line":176,"column":59},"end":{"line":180,"column":45}},"line":176},"17":{"name":"(anonymous_17)","decl":{"start":{"line":188,"column":55},"end":{"line":188,"column":56}},"loc":{"start":{"line":188,"column":61},"end":{"line":188,"column":79}},"line":188},"18":{"name":"(anonymous_18)","decl":{"start":{"line":200,"column":55},"end":{"line":200,"column":56}},"loc":{"start":{"line":200,"column":61},"end":{"line":200,"column":77}},"line":200},"19":{"name":"(anonymous_19)","decl":{"start":{"line":227,"column":24},"end":{"line":227,"column":25}},"loc":{"start":{"line":227,"column":29},"end":{"line":227,"column":50}},"line":227},"20":{"name":"(anonymous_20)","decl":{"start":{"line":231,"column":23},"end":{"line":231,"column":24}},"loc":{"start":{"line":231,"column":27},"end":{"line":231,"column":48}},"line":231}},"branchMap":{"0":{"loc":{"start":{"line":64,"column":20},"end":{"line":64,"column":64}},"type":"cond-expr","locations":[{"start":{"line":64,"column":45},"end":{"line":64,"column":54}},{"start":{"line":64,"column":57},"end":{"line":64,"column":64}}],"line":64},"1":{"loc":{"start":{"line":65,"column":22},"end":{"line":65,"column":65}},"type":"cond-expr","locations":[{"start":{"line":65,"column":48},"end":{"line":65,"column":55}},{"start":{"line":65,"column":58},"end":{"line":65,"column":65}}],"line":65},"2":{"loc":{"start":{"line":68,"column":8},"end":{"line":68,"column":57}},"type":"if","locations":[{"start":{"line":68,"column":8},"end":{"line":68,"column":57}},{"start":{},"end":{}}],"line":68},"3":{"loc":{"start":{"line":68,"column":12},"end":{"line":68,"column":48}},"type":"binary-expr","locations":[{"start":{"line":68,"column":12},"end":{"line":68,"column":26}},{"start":{"line":68,"column":30},"end":{"line":68,"column":48}}],"line":68},"4":{"loc":{"start":{"line":72,"column":4},"end":{"line":86,"column":5}},"type":"if","locations":[{"start":{"line":72,"column":4},"end":{"line":86,"column":5}},{"start":{},"end":{}}],"line":72},"5":{"loc":{"start":{"line":72,"column":8},"end":{"line":72,"column":40}},"type":"binary-expr","locations":[{"start":{"line":72,"column":8},"end":{"line":72,"column":20}},{"start":{"line":72,"column":24},"end":{"line":72,"column":40}}],"line":72},"6":{"loc":{"start":{"line":95,"column":12},"end":{"line":99,"column":17}},"type":"cond-expr","locations":[{"start":{"line":95,"column":31},"end":{"line":99,"column":13}},{"start":{"line":99,"column":16},"end":{"line":99,"column":17}}],"line":95},"7":{"loc":{"start":{"line":98,"column":29},"end":{"line":98,"column":45}},"type":"binary-expr","locations":[{"start":{"line":98,"column":29},"end":{"line":98,"column":39}},{"start":{"line":98,"column":43},"end":{"line":98,"column":45}}],"line":98},"8":{"loc":{"start":{"line":102,"column":8},"end":{"line":104,"column":9}},"type":"if","locations":[{"start":{"line":102,"column":8},"end":{"line":104,"column":9}},{"start":{},"end":{}}],"line":102},"9":{"loc":{"start":{"line":117,"column":12},"end":{"line":121,"column":17}},"type":"cond-expr","locations":[{"start":{"line":117,"column":31},"end":{"line":121,"column":13}},{"start":{"line":121,"column":16},"end":{"line":121,"column":17}}],"line":117},"10":{"loc":{"start":{"line":120,"column":25},"end":{"line":120,"column":41}},"type":"binary-expr","locations":[{"start":{"line":120,"column":25},"end":{"line":120,"column":35}},{"start":{"line":120,"column":39},"end":{"line":120,"column":41}}],"line":120},"11":{"loc":{"start":{"line":133,"column":7},"end":{"line":222,"column":7}},"type":"binary-expr","locations":[{"start":{"line":133,"column":7},"end":{"line":133,"column":11}},{"start":{"line":134,"column":8},"end":{"line":221,"column":11}}],"line":133},"12":{"loc":{"start":{"line":148,"column":16},"end":{"line":148,"column":52}},"type":"if","locations":[{"start":{"line":148,"column":16},"end":{"line":148,"column":52}},{"start":{},"end":{}}],"line":148},"13":{"loc":{"start":{"line":153,"column":16},"end":{"line":156,"column":17}},"type":"if","locations":[{"start":{"line":153,"column":16},"end":{"line":156,"column":17}},{"start":{},"end":{}}],"line":153},"14":{"loc":{"start":{"line":174,"column":133},"end":{"line":174,"column":156}},"type":"cond-expr","locations":[{"start":{"line":174,"column":148},"end":{"line":174,"column":149}},{"start":{"line":174,"column":152},"end":{"line":174,"column":156}}],"line":174},"15":{"loc":{"start":{"line":186,"column":41},"end":{"line":209,"column":41}},"type":"cond-expr","locations":[{"start":{"line":187,"column":44},"end":{"line":197,"column":56}},{"start":{"line":199,"column":44},"end":{"line":208,"column":56}}],"line":186},"16":{"loc":{"start":{"line":213,"column":25},"end":{"line":213,"column":48}},"type":"binary-expr","locations":[{"start":{"line":213,"column":25},"end":{"line":213,"column":43}},{"start":{"line":213,"column":47},"end":{"line":213,"column":48}}],"line":213},"17":{"loc":{"start":{"line":233,"column":24},"end":{"line":234,"column":61}},"type":"cond-expr","locations":[{"start":{"line":233,"column":49},"end":{"line":233,"column":92}},{"start":{"line":234,"column":18},"end":{"line":234,"column":61}}],"line":233}},"s":{"0":1,"1":1,"2":1,"3":1,"4":1,"5":1,"6":14,"7":14,"8":14,"9":14,"10":14,"11":14,"12":14,"13":14,"14":14,"15":14,"16":6,"17":0,"18":6,"19":6,"20":6,"21":0,"22":0,"23":0,"24":0,"25":0,"26":0,"27":2,"28":1,"29":0,"30":0,"31":1,"32":1,"33":1,"34":1,"35":2,"36":1,"37":0,"38":0,"39":1,"40":1,"41":14,"42":2,"43":0,"44":2,"45":2,"46":2,"47":2,"48":2,"49":24,"50":24,"51":24,"52":0,"53":0,"54":0,"55":2,"56":2,"57":0,"58":0},"f":{"0":14,"1":6,"2":6,"3":0,"4":2,"5":1,"6":0,"7":0,"8":1,"9":2,"10":1,"11":0,"12":0,"13":1,"14":2,"15":24,"16":0,"17":2,"18":2,"19":0,"20":0},"b":{"0":[0,14],"1":[14,0],"2":[0,6],"3":[6,6],"4":[0,6],"5":[6,6],"6":[0,0],"7":[0,0],"8":[1,0],"9":[0,0],"10":[0,0],"11":[14,14],"12":[0,2],"13":[2,0],"14":[14,10],"15":[4,20],"16":[24,24],"17":[0,14]},"_coverageSchema":"1a1c01bbd47fc00a2c39e90264f33305004495a9","hash":"34a8d60242be73ceb5a8f88337370af85acc5259"}
,"C:\\Users\\Bobby\\Documents\\Kwesta-mobile\\components\\PostFeed.tsx": {"path":"C:\\Users\\Bobby\\Documents\\Kwesta-mobile\\components\\PostFeed.tsx","statementMap":{"0":{"start":{"line":6,"column":2},"end":{"line":15,"column":4}},"1":{"start":{"line":9,"column":30},"end":{"line":9,"column":55}},"2":{"start":{"line":10,"column":32},"end":{"line":10,"column":123}},"3":{"start":{"line":18,"column":15},"end":{"line":22,"column":2}}},"fnMap":{"0":{"name":"PostFeed","decl":{"start":{"line":4,"column":24},"end":{"line":4,"column":32}},"loc":{"start":{"line":5,"column":170},"end":{"line":16,"column":1}},"line":5},"1":{"name":"(anonymous_1)","decl":{"start":{"line":9,"column":20},"end":{"line":9,"column":21}},"loc":{"start":{"line":9,"column":30},"end":{"line":9,"column":55}},"line":9},"2":{"name":"(anonymous_2)","decl":{"start":{"line":10,"column":18},"end":{"line":10,"column":19}},"loc":{"start":{"line":10,"column":32},"end":{"line":10,"column":123}},"line":10}},"branchMap":{},"s":{"0":4,"1":13,"2":8,"3":1},"f":{"0":4,"1":13,"2":8},"b":{},"_coverageSchema":"1a1c01bbd47fc00a2c39e90264f33305004495a9","hash":"7d1d34d7c1d36022bf136390fa787f0062259c97"}
,"C:\\Users\\Bobby\\Documents\\Kwesta-mobile\\components\\ProfilePhoto.tsx": {"path":"C:\\Users\\Bobby\\Documents\\Kwesta-mobile\\components\\ProfilePhoto.tsx","statementMap":{"0":{"start":{"line":11,"column":32},"end":{"line":11,"column":82}},"1":{"start":{"line":19,"column":21},"end":{"line":66,"column":1}},"2":{"start":{"line":20,"column":40},"end":{"line":22,"column":3}},"3":{"start":{"line":24,"column":2},"end":{"line":50,"column":17}},"4":{"start":{"line":25,"column":17},"end":{"line":25,"column":21}},"5":{"start":{"line":27,"column":29},"end":{"line":43,"column":5}},"6":{"start":{"line":28,"column":6},"end":{"line":31,"column":7}},"7":{"start":{"line":29,"column":8},"end":{"line":29,"column":48}},"8":{"start":{"line":30,"column":8},"end":{"line":30,"column":15}},"9":{"start":{"line":33,"column":23},"end":{"line":33,"column":58}},"10":{"start":{"line":35,"column":6},"end":{"line":35,"column":26}},"11":{"start":{"line":35,"column":19},"end":{"line":35,"column":26}},"12":{"start":{"line":37,"column":6},"end":{"line":40,"column":7}},"13":{"start":{"line":38,"column":8},"end":{"line":38,"column":48}},"14":{"start":{"line":39,"column":8},"end":{"line":39,"column":15}},"15":{"start":{"line":42,"column":6},"end":{"line":42,"column":40}},"16":{"start":{"line":45,"column":4},"end":{"line":45,"column":23}},"17":{"start":{"line":47,"column":4},"end":{"line":49,"column":6}},"18":{"start":{"line":48,"column":6},"end":{"line":48,"column":21}},"19":{"start":{"line":52,"column":2},"end":{"line":65,"column":4}}},"fnMap":{"0":{"name":"(anonymous_0)","decl":{"start":{"line":19,"column":21},"end":{"line":19,"column":22}},"loc":{"start":{"line":19,"column":76},"end":{"line":66,"column":1}},"line":19},"1":{"name":"(anonymous_1)","decl":{"start":{"line":24,"column":12},"end":{"line":24,"column":13}},"loc":{"start":{"line":24,"column":18},"end":{"line":50,"column":3}},"line":24},"2":{"name":"(anonymous_2)","decl":{"start":{"line":27,"column":29},"end":{"line":27,"column":30}},"loc":{"start":{"line":27,"column":41},"end":{"line":43,"column":5}},"line":27},"3":{"name":"(anonymous_3)","decl":{"start":{"line":47,"column":11},"end":{"line":47,"column":12}},"loc":{"start":{"line":47,"column":17},"end":{"line":49,"column":5}},"line":47}},"branchMap":{"0":{"loc":{"start":{"line":19,"column":34},"end":{"line":19,"column":43}},"type":"default-arg","locations":[{"start":{"line":19,"column":41},"end":{"line":19,"column":43}}],"line":19},"1":{"loc":{"start":{"line":28,"column":6},"end":{"line":31,"column":7}},"type":"if","locations":[{"start":{"line":28,"column":6},"end":{"line":31,"column":7}},{"start":{},"end":{}}],"line":28},"2":{"loc":{"start":{"line":35,"column":6},"end":{"line":35,"column":26}},"type":"if","locations":[{"start":{"line":35,"column":6},"end":{"line":35,"column":26}},{"start":{},"end":{}}],"line":35},"3":{"loc":{"start":{"line":37,"column":6},"end":{"line":40,"column":7}},"type":"if","locations":[{"start":{"line":37,"column":6},"end":{"line":40,"column":7}},{"start":{},"end":{}}],"line":37}},"s":{"0":2,"1":2,"2":0,"3":0,"4":0,"5":0,"6":0,"7":0,"8":0,"9":0,"10":0,"11":0,"12":0,"13":0,"14":0,"15":0,"16":0,"17":0,"18":0,"19":0},"f":{"0":0,"1":0,"2":0,"3":0},"b":{"0":[0],"1":[0,0],"2":[0,0],"3":[0,0]},"_coverageSchema":"1a1c01bbd47fc00a2c39e90264f33305004495a9","hash":"878520f64531a1abcc47efd675a4494e1c532cd1"}
,"C:\\Users\\Bobby\\Documents\\Kwesta-mobile\\components\\QuestOverlay.tsx": {"path":"C:\\Users\\Bobby\\Documents\\Kwesta-mobile\\components\\QuestOverlay.tsx","statementMap":{"0":{"start":{"line":21,"column":15},"end":{"line":21,"column":34}},"1":{"start":{"line":22,"column":21},"end":{"line":22,"column":51}},"2":{"start":{"line":23,"column":19},"end":{"line":23,"column":37}},"3":{"start":{"line":24,"column":20},"end":{"line":24,"column":22}},"4":{"start":{"line":25,"column":21},"end":{"line":25,"column":27}},"5":{"start":{"line":26,"column":19},"end":{"line":44,"column":2}},"6":{"start":{"line":55,"column":20},"end":{"line":55,"column":44}},"7":{"start":{"line":56,"column":26},"end":{"line":56,"column":39}},"8":{"start":{"line":57,"column":30},"end":{"line":57,"column":41}},"9":{"start":{"line":58,"column":20},"end":{"line":58,"column":29}},"10":{"start":{"line":60,"column":44},"end":{"line":60,"column":70}},"11":{"start":{"line":61,"column":42},"end":{"line":61,"column":57}},"12":{"start":{"line":63,"column":24},"end":{"line":63,"column":40}},"13":{"start":{"line":64,"column":20},"end":{"line":64,"column":64}},"14":{"start":{"line":65,"column":22},"end":{"line":65,"column":65}},"15":{"start":{"line":67,"column":4},"end":{"line":87,"column":22}},"16":{"start":{"line":68,"column":8},"end":{"line":68,"column":57}},"17":{"start":{"line":68,"column":50},"end":{"line":68,"column":57}},"18":{"start":{"line":70,"column":18},"end":{"line":70,"column":73}},"19":{"start":{"line":70,"column":47},"end":{"line":70,"column":72}},"20":{"start":{"line":72,"column":4},"end":{"line":86,"column":5}},"21":{"start":{"line":73,"column":6},"end":{"line":73,"column":37}},"22":{"start":{"line":75,"column":6},"end":{"line":75,"column":23}},"23":{"start":{"line":76,"column":6},"end":{"line":76,"column":35}},"24":{"start":{"line":78,"column":6},"end":{"line":81,"column":9}},"25":{"start":{"line":83,"column":6},"end":{"line":85,"column":14}},"26":{"start":{"line":84,"column":8},"end":{"line":84,"column":40}},"27":{"start":{"line":90,"column":4},"end":{"line":109,"column":9}},"28":{"start":{"line":93,"column":8},"end":{"line":101,"column":10}},"29":{"start":{"line":94,"column":10},"end":{"line":100,"column":11}},"30":{"start":{"line":95,"column":12},"end":{"line":99,"column":17}},"31":{"start":{"line":102,"column":8},"end":{"line":104,"column":9}},"32":{"start":{"line":103,"column":10},"end":{"line":103,"column":34}},"33":{"start":{"line":105,"column":8},"end":{"line":105,"column":44}},"34":{"start":{"line":108,"column":8},"end":{"line":108,"column":55}},"35":{"start":{"line":113,"column":4},"end":{"line":128,"column":9}},"36":{"start":{"line":115,"column":8},"end":{"line":123,"column":10}},"37":{"start":{"line":116,"column":10},"end":{"line":122,"column":11}},"38":{"start":{"line":117,"column":12},"end":{"line":121,"column":17}},"39":{"start":{"line":124,"column":8},"end":{"line":124,"column":46}},"40":{"start":{"line":127,"column":8},"end":{"line":127,"column":55}},"41":{"start":{"line":131,"column":2},"end":{"line":219,"column":4}},"42":{"start":{"line":148,"column":16},"end":{"line":148,"column":52}},"43":{"start":{"line":148,"column":45},"end":{"line":148,"column":52}},"44":{"start":{"line":150,"column":26},"end":{"line":150,"column":55}},"45":{"start":{"line":151,"column":33},"end":{"line":151,"column":75}},"46":{"start":{"line":153,"column":16},"end":{"line":156,"column":17}},"47":{"start":{"line":154,"column":18},"end":{"line":154,"column":38}},"48":{"start":{"line":155,"column":18},"end":{"line":155,"column":50}},"49":{"start":{"line":161,"column":16},"end":{"line":212,"column":23}},"50":{"start":{"line":181,"column":37},"end":{"line":181,"column":55}},"51":{"start":{"line":194,"column":37},"end":{"line":194,"column":53}}},"fnMap":{"0":{"name":"QuestOverlay","decl":{"start":{"line":46,"column":24},"end":{"line":46,"column":36}},"loc":{"start":{"line":54,"column":10},"end":{"line":220,"column":1}},"line":54},"1":{"name":"(anonymous_1)","decl":{"start":{"line":67,"column":14},"end":{"line":67,"column":15}},"loc":{"start":{"line":67,"column":20},"end":{"line":87,"column":3}},"line":67},"2":{"name":"(anonymous_2)","decl":{"start":{"line":70,"column":35},"end":{"line":70,"column":36}},"loc":{"start":{"line":70,"column":47},"end":{"line":70,"column":72}},"line":70},"3":{"name":"(anonymous_3)","decl":{"start":{"line":83,"column":17},"end":{"line":83,"column":18}},"loc":{"start":{"line":83,"column":23},"end":{"line":85,"column":7}},"line":83},"4":{"name":"handleJoin","decl":{"start":{"line":89,"column":11},"end":{"line":89,"column":21}},"loc":{"start":{"line":89,"column":36},"end":{"line":110,"column":3}},"line":89},"5":{"name":"(anonymous_5)","decl":{"start":{"line":91,"column":12},"end":{"line":91,"column":13}},"loc":{"start":{"line":91,"column":24},"end":{"line":106,"column":7}},"line":91},"6":{"name":"(anonymous_6)","decl":{"start":{"line":93,"column":18},"end":{"line":93,"column":19}},"loc":{"start":{"line":94,"column":10},"end":{"line":100,"column":11}},"line":94},"7":{"name":"(anonymous_7)","decl":{"start":{"line":94,"column":25},"end":{"line":94,"column":26}},"loc":{"start":{"line":95,"column":12},"end":{"line":99,"column":17}},"line":95},"8":{"name":"(anonymous_8)","decl":{"start":{"line":107,"column":13},"end":{"line":107,"column":14}},"loc":{"start":{"line":107,"column":24},"end":{"line":109,"column":7}},"line":107},"9":{"name":"handleUnjoin","decl":{"start":{"line":112,"column":11},"end":{"line":112,"column":23}},"loc":{"start":{"line":112,"column":38},"end":{"line":129,"column":3}},"line":112},"10":{"name":"(anonymous_10)","decl":{"start":{"line":114,"column":12},"end":{"line":114,"column":13}},"loc":{"start":{"line":114,"column":18},"end":{"line":125,"column":7}},"line":114},"11":{"name":"(anonymous_11)","decl":{"start":{"line":115,"column":18},"end":{"line":115,"column":19}},"loc":{"start":{"line":116,"column":10},"end":{"line":122,"column":11}},"line":116},"12":{"name":"(anonymous_12)","decl":{"start":{"line":116,"column":25},"end":{"line":116,"column":26}},"loc":{"start":{"line":117,"column":12},"end":{"line":121,"column":17}},"line":117},"13":{"name":"(anonymous_13)","decl":{"start":{"line":126,"column":13},"end":{"line":126,"column":14}},"loc":{"start":{"line":126,"column":24},"end":{"line":128,"column":7}},"line":126},"14":{"name":"(anonymous_14)","decl":{"start":{"line":147,"column":24},"end":{"line":147,"column":25}},"loc":{"start":{"line":147,"column":31},"end":{"line":157,"column":15}},"line":147},"15":{"name":"(anonymous_15)","decl":{"start":{"line":160,"column":26},"end":{"line":160,"column":27}},"loc":{"start":{"line":161,"column":16},"end":{"line":212,"column":23}},"line":161},"16":{"name":"(anonymous_16)","decl":{"start":{"line":181,"column":31},"end":{"line":181,"column":32}},"loc":{"start":{"line":181,"column":37},"end":{"line":181,"column":55}},"line":181},"17":{"name":"(anonymous_17)","decl":{"start":{"line":194,"column":31},"end":{"line":194,"column":32}},"loc":{"start":{"line":194,"column":37},"end":{"line":194,"column":53}},"line":194}},"branchMap":{"0":{"loc":{"start":{"line":64,"column":20},"end":{"line":64,"column":64}},"type":"cond-expr","locations":[{"start":{"line":64,"column":45},"end":{"line":64,"column":54}},{"start":{"line":64,"column":57},"end":{"line":64,"column":64}}],"line":64},"1":{"loc":{"start":{"line":65,"column":22},"end":{"line":65,"column":65}},"type":"cond-expr","locations":[{"start":{"line":65,"column":48},"end":{"line":65,"column":55}},{"start":{"line":65,"column":58},"end":{"line":65,"column":65}}],"line":65},"2":{"loc":{"start":{"line":68,"column":8},"end":{"line":68,"column":57}},"type":"if","locations":[{"start":{"line":68,"column":8},"end":{"line":68,"column":57}},{"start":{},"end":{}}],"line":68},"3":{"loc":{"start":{"line":68,"column":12},"end":{"line":68,"column":48}},"type":"binary-expr","locations":[{"start":{"line":68,"column":12},"end":{"line":68,"column":26}},{"start":{"line":68,"column":30},"end":{"line":68,"column":48}}],"line":68},"4":{"loc":{"start":{"line":72,"column":4},"end":{"line":86,"column":5}},"type":"if","locations":[{"start":{"line":72,"column":4},"end":{"line":86,"column":5}},{"start":{},"end":{}}],"line":72},"5":{"loc":{"start":{"line":72,"column":8},"end":{"line":72,"column":40}},"type":"binary-expr","locations":[{"start":{"line":72,"column":8},"end":{"line":72,"column":20}},{"start":{"line":72,"column":24},"end":{"line":72,"column":40}}],"line":72},"6":{"loc":{"start":{"line":95,"column":12},"end":{"line":99,"column":17}},"type":"cond-expr","locations":[{"start":{"line":95,"column":31},"end":{"line":99,"column":13}},{"start":{"line":99,"column":16},"end":{"line":99,"column":17}}],"line":95},"7":{"loc":{"start":{"line":98,"column":29},"end":{"line":98,"column":45}},"type":"binary-expr","locations":[{"start":{"line":98,"column":29},"end":{"line":98,"column":39}},{"start":{"line":98,"column":43},"end":{"line":98,"column":45}}],"line":98},"8":{"loc":{"start":{"line":102,"column":8},"end":{"line":104,"column":9}},"type":"if","locations":[{"start":{"line":102,"column":8},"end":{"line":104,"column":9}},{"start":{},"end":{}}],"line":102},"9":{"loc":{"start":{"line":117,"column":12},"end":{"line":121,"column":17}},"type":"cond-expr","locations":[{"start":{"line":117,"column":31},"end":{"line":121,"column":13}},{"start":{"line":121,"column":16},"end":{"line":121,"column":17}}],"line":117},"10":{"loc":{"start":{"line":120,"column":25},"end":{"line":120,"column":41}},"type":"binary-expr","locations":[{"start":{"line":120,"column":25},"end":{"line":120,"column":35}},{"start":{"line":120,"column":39},"end":{"line":120,"column":41}}],"line":120},"11":{"loc":{"start":{"line":133,"column":7},"end":{"line":217,"column":7}},"type":"binary-expr","locations":[{"start":{"line":133,"column":7},"end":{"line":133,"column":11}},{"start":{"line":134,"column":8},"end":{"line":216,"column":11}}],"line":133},"12":{"loc":{"start":{"line":148,"column":16},"end":{"line":148,"column":52}},"type":"if","locations":[{"start":{"line":148,"column":16},"end":{"line":148,"column":52}},{"start":{},"end":{}}],"line":148},"13":{"loc":{"start":{"line":153,"column":16},"end":{"line":156,"column":17}},"type":"if","locations":[{"start":{"line":153,"column":16},"end":{"line":156,"column":17}},{"start":{},"end":{}}],"line":153},"14":{"loc":{"start":{"line":165,"column":43},"end":{"line":165,"column":66}},"type":"cond-expr","locations":[{"start":{"line":165,"column":58},"end":{"line":165,"column":59}},{"start":{"line":165,"column":62},"end":{"line":165,"column":66}}],"line":165},"15":{"loc":{"start":{"line":179,"column":19},"end":{"line":205,"column":19}},"type":"cond-expr","locations":[{"start":{"line":180,"column":20},"end":{"line":191,"column":32}},{"start":{"line":193,"column":20},"end":{"line":204,"column":32}}],"line":179},"16":{"loc":{"start":{"line":209,"column":25},"end":{"line":209,"column":48}},"type":"binary-expr","locations":[{"start":{"line":209,"column":25},"end":{"line":209,"column":43}},{"start":{"line":209,"column":47},"end":{"line":209,"column":48}}],"line":209}},"s":{"0":1,"1":1,"2":1,"3":1,"4":1,"5":1,"6":14,"7":14,"8":14,"9":14,"10":14,"11":14,"12":14,"13":14,"14":14,"15":14,"16":6,"17":0,"18":6,"19":6,"20":6,"21":0,"22":0,"23":0,"24":0,"25":0,"26":0,"27":2,"28":1,"29":0,"30":0,"31":1,"32":1,"33":1,"34":1,"35":2,"36":1,"37":0,"38":0,"39":1,"40":1,"41":14,"42":2,"43":0,"44":2,"45":2,"46":2,"47":2,"48":2,"49":24,"50":2,"51":2},"f":{"0":14,"1":6,"2":6,"3":0,"4":2,"5":1,"6":0,"7":0,"8":1,"9":2,"10":1,"11":0,"12":0,"13":1,"14":2,"15":24,"16":2,"17":2},"b":{"0":[0,14],"1":[14,0],"2":[0,6],"3":[6,6],"4":[0,6],"5":[6,6],"6":[0,0],"7":[0,0],"8":[1,0],"9":[0,0],"10":[0,0],"11":[14,14],"12":[0,2],"13":[2,0],"14":[14,10],"15":[4,20],"16":[24,24]},"_coverageSchema":"1a1c01bbd47fc00a2c39e90264f33305004495a9","hash":"96e315c3a870ea2b53aa8120fddcfe09ef0f31b4"}
,"C:\\Users\\Bobby\\Documents\\Kwesta-mobile\\components\\points-context.tsx": {"path":"C:\\Users\\Bobby\\Documents\\Kwesta-mobile\\components\\points-context.tsx","statementMap":{"0":{"start":{"line":20,"column":22},"end":{"line":20,"column":67}},"1":{"start":{"line":22,"column":30},"end":{"line":86,"column":1}},"2":{"start":{"line":23,"column":42},"end":{"line":23,"column":51}},"3":{"start":{"line":24,"column":30},"end":{"line":24,"column":59}},"4":{"start":{"line":25,"column":32},"end":{"line":25,"column":46}},"5":{"start":{"line":26,"column":28},"end":{"line":26,"column":55}},"6":{"start":{"line":27,"column":29},"end":{"line":27,"column":42}},"7":{"start":{"line":29,"column":28},"end":{"line":64,"column":13}},"8":{"start":{"line":30,"column":22},"end":{"line":30,"column":27}},"9":{"start":{"line":32,"column":4},"end":{"line":37,"column":5}},"10":{"start":{"line":33,"column":6},"end":{"line":33,"column":39}},"11":{"start":{"line":34,"column":6},"end":{"line":34,"column":41}},"12":{"start":{"line":35,"column":6},"end":{"line":35,"column":22}},"13":{"start":{"line":36,"column":6},"end":{"line":36,"column":13}},"14":{"start":{"line":38,"column":4},"end":{"line":42,"column":5}},"15":{"start":{"line":39,"column":6},"end":{"line":39,"column":44}},"16":{"start":{"line":41,"column":6},"end":{"line":41,"column":54}},"17":{"start":{"line":44,"column":23},"end":{"line":44,"column":57}},"18":{"start":{"line":45,"column":26},"end":{"line":45,"column":56}},"19":{"start":{"line":46,"column":28},"end":{"line":46,"column":67}},"20":{"start":{"line":47,"column":27},"end":{"line":47,"column":52}},"21":{"start":{"line":49,"column":4},"end":{"line":59,"column":5}},"22":{"start":{"line":54,"column":27},"end":{"line":54,"column":59}},"23":{"start":{"line":55,"column":6},"end":{"line":58,"column":8}},"24":{"start":{"line":61,"column":4},"end":{"line":61,"column":48}},"25":{"start":{"line":62,"column":4},"end":{"line":62,"column":38}},"26":{"start":{"line":63,"column":4},"end":{"line":63,"column":31}},"27":{"start":{"line":67,"column":2},"end":{"line":79,"column":46}},"28":{"start":{"line":68,"column":21},"end":{"line":76,"column":5}},"29":{"start":{"line":69,"column":6},"end":{"line":71,"column":7}},"30":{"start":{"line":70,"column":8},"end":{"line":70,"column":15}},"31":{"start":{"line":73,"column":6},"end":{"line":73,"column":23}},"32":{"start":{"line":74,"column":6},"end":{"line":74,"column":32}},"33":{"start":{"line":75,"column":6},"end":{"line":75,"column":24}},"34":{"start":{"line":78,"column":4},"end":{"line":78,"column":15}},"35":{"start":{"line":81,"column":2},"end":{"line":85,"column":4}},"36":{"start":{"line":88,"column":25},"end":{"line":94,"column":1}},"37":{"start":{"line":89,"column":18},"end":{"line":89,"column":43}},"38":{"start":{"line":90,"column":2},"end":{"line":92,"column":3}},"39":{"start":{"line":91,"column":4},"end":{"line":91,"column":70}},"40":{"start":{"line":93,"column":2},"end":{"line":93,"column":17}}},"fnMap":{"0":{"name":"(anonymous_0)","decl":{"start":{"line":22,"column":30},"end":{"line":22,"column":31}},"loc":{"start":{"line":22,"column":79},"end":{"line":86,"column":1}},"line":22},"1":{"name":"(anonymous_1)","decl":{"start":{"line":29,"column":40},"end":{"line":29,"column":41}},"loc":{"start":{"line":29,"column":52},"end":{"line":64,"column":3}},"line":29},"2":{"name":"(anonymous_2)","decl":{"start":{"line":67,"column":12},"end":{"line":67,"column":13}},"loc":{"start":{"line":67,"column":18},"end":{"line":79,"column":3}},"line":67},"3":{"name":"(anonymous_3)","decl":{"start":{"line":68,"column":21},"end":{"line":68,"column":22}},"loc":{"start":{"line":68,"column":33},"end":{"line":76,"column":5}},"line":68},"4":{"name":"(anonymous_4)","decl":{"start":{"line":88,"column":25},"end":{"line":88,"column":26}},"loc":{"start":{"line":88,"column":31},"end":{"line":94,"column":1}},"line":88}},"branchMap":{"0":{"loc":{"start":{"line":32,"column":4},"end":{"line":37,"column":5}},"type":"if","locations":[{"start":{"line":32,"column":4},"end":{"line":37,"column":5}},{"start":{},"end":{}}],"line":32},"1":{"loc":{"start":{"line":49,"column":4},"end":{"line":59,"column":5}},"type":"if","locations":[{"start":{"line":49,"column":4},"end":{"line":59,"column":5}},{"start":{},"end":{}}],"line":49},"2":{"loc":{"start":{"line":50,"column":6},"end":{"line":52,"column":38}},"type":"binary-expr","locations":[{"start":{"line":50,"column":6},"end":{"line":50,"column":32}},{"start":{"line":51,"column":6},"end":{"line":51,"column":29}},{"start":{"line":52,"column":6},"end":{"line":52,"column":38}}],"line":50},"3":{"loc":{"start":{"line":57,"column":43},"end":{"line":57,"column":72}},"type":"cond-expr","locations":[{"start":{"line":57,"column":64},"end":{"line":57,"column":66}},{"start":{"line":57,"column":69},"end":{"line":57,"column":72}}],"line":57},"4":{"loc":{"start":{"line":69,"column":6},"end":{"line":71,"column":7}},"type":"if","locations":[{"start":{"line":69,"column":6},"end":{"line":71,"column":7}},{"start":{},"end":{}}],"line":69},"5":{"loc":{"start":{"line":83,"column":7},"end":{"line":83,"column":27}},"type":"binary-expr","locations":[{"start":{"line":83,"column":7},"end":{"line":83,"column":15}},{"start":{"line":83,"column":19},"end":{"line":83,"column":27}}],"line":83},"6":{"loc":{"start":{"line":90,"column":2},"end":{"line":92,"column":3}},"type":"if","locations":[{"start":{"line":90,"column":2},"end":{"line":92,"column":3}},{"start":{},"end":{}}],"line":90}},"s":{"0":2,"1":2,"2":0,"3":0,"4":0,"5":0,"6":0,"7":0,"8":0,"9":0,"10":0,"11":0,"12":0,"13":0,"14":0,"15":0,"16":0,"17":0,"18":0,"19":0,"20":0,"21":0,"22":0,"23":0,"24":0,"25":0,"26":0,"27":0,"28":0,"29":0,"30":0,"31":0,"32":0,"33":0,"34":0,"35":0,"36":2,"37":0,"38":0,"39":0,"40":0},"f":{"0":0,"1":0,"2":0,"3":0,"4":0},"b":{"0":[0,0],"1":[0,0],"2":[0,0,0],"3":[0,0],"4":[0,0],"5":[0,0],"6":[0,0]},"_coverageSchema":"1a1c01bbd47fc00a2c39e90264f33305004495a9","hash":"98eed39cd15377d2a83c55e428e0048e40a25a2c"}
,"C:\\Users\\Bobby\\Documents\\Kwesta-mobile\\constants\\backend.ts": {"path":"C:\\Users\\Bobby\\Documents\\Kwesta-mobile\\constants\\backend.ts","statementMap":{"0":{"start":{"line":7,"column":16},"end":{"line":7,"column":79}}},"fnMap":{},"branchMap":{},"s":{"0":2},"f":{},"b":{},"_coverageSchema":"1a1c01bbd47fc00a2c39e90264f33305004495a9","hash":"e15a69a50f5aa9ff198be8cafc746a0fb18075fd"}
,"C:\\Users\\Bobby\\Documents\\Kwesta-mobile\\constants\\theme.ts": {"path":"C:\\Users\\Bobby\\Documents\\Kwesta-mobile\\constants\\theme.ts","statementMap":{"0":{"start":{"line":8,"column":23},"end":{"line":8,"column":32}},"1":{"start":{"line":9,"column":22},"end":{"line":9,"column":28}},"2":{"start":{"line":11,"column":22},"end":{"line":28,"column":1}},"3":{"start":{"line":30,"column":21},"end":{"line":53,"column":2}}},"fnMap":{},"branchMap":{},"s":{"0":2,"1":2,"2":2,"3":2},"f":{},"b":{},"_coverageSchema":"1a1c01bbd47fc00a2c39e90264f33305004495a9","hash":"4d568f42c909805952deb4381f94d3419871567d"}
,"C:\\Users\\Bobby\\Documents\\Kwesta-mobile\\hooks\\use-color-scheme.ts": {"path":"C:\\Users\\Bobby\\Documents\\Kwesta-mobile\\hooks\\use-color-scheme.ts","statementMap":{},"fnMap":{},"branchMap":{},"s":{},"f":{},"b":{},"_coverageSchema":"1a1c01bbd47fc00a2c39e90264f33305004495a9","hash":"57085ce235ead38e6f5f3100b2a8a36c14156a01"}
,"C:\\Users\\Bobby\\Documents\\Kwesta-mobile\\hooks\\use-color-scheme.web.ts": {"path":"C:\\Users\\Bobby\\Documents\\Kwesta-mobile\\hooks\\use-color-scheme.web.ts","statementMap":{"0":{"start":{"line":8,"column":40},"end":{"line":8,"column":55}},"1":{"start":{"line":10,"column":2},"end":{"line":12,"column":9}},"2":{"start":{"line":11,"column":4},"end":{"line":11,"column":25}},"3":{"start":{"line":14,"column":22},"end":{"line":14,"column":40}},"4":{"start":{"line":16,"column":2},"end":{"line":18,"column":3}},"5":{"start":{"line":17,"column":4},"end":{"line":17,"column":23}},"6":{"start":{"line":20,"column":2},"end":{"line":20,"column":17}}},"fnMap":{"0":{"name":"useColorScheme","decl":{"start":{"line":7,"column":16},"end":{"line":7,"column":30}},"loc":{"start":{"line":7,"column":33},"end":{"line":21,"column":1}},"line":7},"1":{"name":"(anonymous_1)","decl":{"start":{"line":10,"column":12},"end":{"line":10,"column":13}},"loc":{"start":{"line":10,"column":18},"end":{"line":12,"column":3}},"line":10}},"branchMap":{"0":{"loc":{"start":{"line":16,"column":2},"end":{"line":18,"column":3}},"type":"if","locations":[{"start":{"line":16,"column":2},"end":{"line":18,"column":3}},{"start":{},"end":{}}],"line":16}},"s":{"0":46,"1":46,"2":20,"3":46,"4":46,"5":26,"6":20},"f":{"0":46,"1":20},"b":{"0":[26,20]},"_coverageSchema":"1a1c01bbd47fc00a2c39e90264f33305004495a9","hash":"c116b0b758956403bcc0669e33ce328e77bd503d"}
,"C:\\Users\\Bobby\\Documents\\Kwesta-mobile\\scripts\\addCommentCall.ts": {"path":"C:\\Users\\Bobby\\Documents\\Kwesta-mobile\\scripts\\addCommentCall.ts","statementMap":{"0":{"start":{"line":5,"column":23},"end":{"line":40,"column":1}},"1":{"start":{"line":6,"column":2},"end":{"line":39,"column":3}},"2":{"start":{"line":7,"column":21},"end":{"line":14,"column":6}},"3":{"start":{"line":16,"column":4},"end":{"line":18,"column":5}},"4":{"start":{"line":17,"column":6},"end":{"line":17,"column":51}},"5":{"start":{"line":20,"column":17},"end":{"line":20,"column":38}},"6":{"start":{"line":23,"column":23},"end":{"line":27,"column":5}},"7":{"start":{"line":30,"column":4},"end":{"line":33,"column":5}},"8":{"start":{"line":31,"column":6},"end":{"line":31,"column":49}},"9":{"start":{"line":32,"column":6},"end":{"line":32,"column":38}},"10":{"start":{"line":35,"column":4},"end":{"line":35,"column":22}},"11":{"start":{"line":37,"column":4},"end":{"line":37,"column":56}},"12":{"start":{"line":38,"column":4},"end":{"line":38,"column":16}}},"fnMap":{"0":{"name":"(anonymous_0)","decl":{"start":{"line":5,"column":23},"end":{"line":5,"column":24}},"loc":{"start":{"line":5,"column":73},"end":{"line":40,"column":1}},"line":5}},"branchMap":{"0":{"loc":{"start":{"line":16,"column":4},"end":{"line":18,"column":5}},"type":"if","locations":[{"start":{"line":16,"column":4},"end":{"line":18,"column":5}},{"start":{},"end":{}}],"line":16},"1":{"loc":{"start":{"line":30,"column":4},"end":{"line":33,"column":5}},"type":"if","locations":[{"start":{"line":30,"column":4},"end":{"line":33,"column":5}},{"start":{},"end":{}}],"line":30}},"s":{"0":1,"1":4,"2":4,"3":3,"4":1,"5":2,"6":2,"7":2,"8":1,"9":1,"10":2,"11":2,"12":2},"f":{"0":4},"b":{"0":[1,2],"1":[1,1]},"_coverageSchema":"1a1c01bbd47fc00a2c39e90264f33305004495a9","hash":"8fd6231511bd50ed3b7118534ef7fd96b5c6dadd"}
,"C:\\Users\\Bobby\\Documents\\Kwesta-mobile\\scripts\\addEventCall.ts": {"path":"C:\\Users\\Bobby\\Documents\\Kwesta-mobile\\scripts\\addEventCall.ts","statementMap":{"0":{"start":{"line":3,"column":21},"end":{"line":25,"column":1}},"1":{"start":{"line":4,"column":4},"end":{"line":24,"column":5}},"2":{"start":{"line":5,"column":25},"end":{"line":12,"column":10}},"3":{"start":{"line":14,"column":8},"end":{"line":17,"column":9}},"4":{"start":{"line":15,"column":23},"end":{"line":15,"column":44}},"5":{"start":{"line":16,"column":12},"end":{"line":16,"column":54}},"6":{"start":{"line":19,"column":21},"end":{"line":19,"column":42}},"7":{"start":{"line":20,"column":8},"end":{"line":20,"column":20}},"8":{"start":{"line":22,"column":8},"end":{"line":22,"column":58}},"9":{"start":{"line":23,"column":8},"end":{"line":23,"column":20}}},"fnMap":{"0":{"name":"(anonymous_0)","decl":{"start":{"line":3,"column":21},"end":{"line":3,"column":22}},"loc":{"start":{"line":3,"column":70},"end":{"line":25,"column":1}},"line":3}},"branchMap":{"0":{"loc":{"start":{"line":14,"column":8},"end":{"line":17,"column":9}},"type":"if","locations":[{"start":{"line":14,"column":8},"end":{"line":17,"column":9}},{"start":{},"end":{}}],"line":14}},"s":{"0":1,"1":4,"2":4,"3":3,"4":1,"5":1,"6":2,"7":2,"8":2,"9":2},"f":{"0":4},"b":{"0":[1,2]},"_coverageSchema":"1a1c01bbd47fc00a2c39e90264f33305004495a9","hash":"17295af3981c4b277971067466b2ef09a2a9a39f"}
,"C:\\Users\\Bobby\\Documents\\Kwesta-mobile\\scripts\\addQuestCall.ts": {"path":"C:\\Users\\Bobby\\Documents\\Kwesta-mobile\\scripts\\addQuestCall.ts","statementMap":{"0":{"start":{"line":4,"column":4},"end":{"line":27,"column":3}},"1":{"start":{"line":6,"column":21},"end":{"line":16,"column":5}},"2":{"start":{"line":18,"column":17},"end":{"line":18,"column":38}},"3":{"start":{"line":19,"column":4},"end":{"line":21,"column":5}},"4":{"start":{"line":20,"column":6},"end":{"line":20,"column":51}},"5":{"start":{"line":23,"column":4},"end":{"line":23,"column":16}},"6":{"start":{"line":26,"column":4},"end":{"line":26,"column":47}}},"fnMap":{"0":{"name":"addQuestCall","decl":{"start":{"line":3,"column":15},"end":{"line":3,"column":27}},"loc":{"start":{"line":3,"column":118},"end":{"line":28,"column":1}},"line":3}},"branchMap":{"0":{"loc":{"start":{"line":19,"column":4},"end":{"line":21,"column":5}},"type":"if","locations":[{"start":{"line":19,"column":4},"end":{"line":21,"column":5}},{"start":{},"end":{}}],"line":19}},"s":{"0":4,"1":4,"2":3,"3":3,"4":1,"5":2,"6":2},"f":{"0":4},"b":{"0":[1,2]},"_coverageSchema":"1a1c01bbd47fc00a2c39e90264f33305004495a9","hash":"77df3c7715620fbd88e78b07dc6b8300b2999aad"}
,"C:\\Users\\Bobby\\Documents\\Kwesta-mobile\\scripts\\deleteCommentCall.ts": {"path":"C:\\Users\\Bobby\\Documents\\Kwesta-mobile\\scripts\\deleteCommentCall.ts","statementMap":{"0":{"start":{"line":3,"column":4},"end":{"line":8,"column":7}}},"fnMap":{"0":{"name":"deleteCommentCall","decl":{"start":{"line":2,"column":30},"end":{"line":2,"column":47}},"loc":{"start":{"line":2,"column":75},"end":{"line":9,"column":1}},"line":2}},"branchMap":{},"s":{"0":3},"f":{"0":3},"b":{},"_coverageSchema":"1a1c01bbd47fc00a2c39e90264f33305004495a9","hash":"4a3b12ba7d03e345206e75d1eab0389c490c8141"}
,"C:\\Users\\Bobby\\Documents\\Kwesta-mobile\\scripts\\deleteEventCall.ts": {"path":"C:\\Users\\Bobby\\Documents\\Kwesta-mobile\\scripts\\deleteEventCall.ts","statementMap":{"0":{"start":{"line":3,"column":4},"end":{"line":8,"column":7}}},"fnMap":{"0":{"name":"deleteEventCall","decl":{"start":{"line":2,"column":30},"end":{"line":2,"column":45}},"loc":{"start":{"line":2,"column":73},"end":{"line":9,"column":1}},"line":2}},"branchMap":{},"s":{"0":3},"f":{"0":3},"b":{},"_coverageSchema":"1a1c01bbd47fc00a2c39e90264f33305004495a9","hash":"bb26b5f289754ebc83d4321f667e68fa29e0bd74"}
,"C:\\Users\\Bobby\\Documents\\Kwesta-mobile\\scripts\\deleteQuestCall.ts": {"path":"C:\\Users\\Bobby\\Documents\\Kwesta-mobile\\scripts\\deleteQuestCall.ts","statementMap":{"0":{"start":{"line":3,"column":4},"end":{"line":8,"column":7}}},"fnMap":{"0":{"name":"deleteQuestCall","decl":{"start":{"line":2,"column":30},"end":{"line":2,"column":45}},"loc":{"start":{"line":2,"column":73},"end":{"line":9,"column":1}},"line":2}},"branchMap":{},"s":{"0":3},"f":{"0":3},"b":{},"_coverageSchema":"1a1c01bbd47fc00a2c39e90264f33305004495a9","hash":"46d3d47b074dbfc96195df67bf486369b40561cd"}
,"C:\\Users\\Bobby\\Documents\\Kwesta-mobile\\scripts\\flagComment.ts": {"path":"C:\\Users\\Bobby\\Documents\\Kwesta-mobile\\scripts\\flagComment.ts","statementMap":{"0":{"start":{"line":4,"column":2},"end":{"line":21,"column":3}},"1":{"start":{"line":5,"column":21},"end":{"line":11,"column":6}},"2":{"start":{"line":13,"column":17},"end":{"line":13,"column":38}},"3":{"start":{"line":14,"column":4},"end":{"line":16,"column":5}},"4":{"start":{"line":15,"column":6},"end":{"line":15,"column":51}},"5":{"start":{"line":18,"column":4},"end":{"line":18,"column":16}},"6":{"start":{"line":20,"column":4},"end":{"line":20,"column":47}}},"fnMap":{"0":{"name":"flagComment","decl":{"start":{"line":3,"column":15},"end":{"line":3,"column":26}},"loc":{"start":{"line":3,"column":61},"end":{"line":22,"column":1}},"line":3}},"branchMap":{"0":{"loc":{"start":{"line":14,"column":4},"end":{"line":16,"column":5}},"type":"if","locations":[{"start":{"line":14,"column":4},"end":{"line":16,"column":5}},{"start":{},"end":{}}],"line":14}},"s":{"0":4,"1":4,"2":3,"3":3,"4":1,"5":2,"6":2},"f":{"0":4},"b":{"0":[1,2]},"_coverageSchema":"1a1c01bbd47fc00a2c39e90264f33305004495a9","hash":"ca7e20e66022aae83f85115d7c90ef3cf2ccf785"}
,"C:\\Users\\Bobby\\Documents\\Kwesta-mobile\\scripts\\followUserCall.ts": {"path":"C:\\Users\\Bobby\\Documents\\Kwesta-mobile\\scripts\\followUserCall.ts","statementMap":{"0":{"start":{"line":3,"column":23},"end":{"line":25,"column":1}},"1":{"start":{"line":7,"column":2},"end":{"line":24,"column":3}},"2":{"start":{"line":8,"column":21},"end":{"line":14,"column":6}},"3":{"start":{"line":16,"column":4},"end":{"line":18,"column":5}},"4":{"start":{"line":17,"column":6},"end":{"line":17,"column":47}},"5":{"start":{"line":20,"column":4},"end":{"line":20,"column":16}},"6":{"start":{"line":22,"column":4},"end":{"line":22,"column":48}},"7":{"start":{"line":23,"column":4},"end":{"line":23,"column":17}}},"fnMap":{"0":{"name":"(anonymous_0)","decl":{"start":{"line":3,"column":23},"end":{"line":3,"column":24}},"loc":{"start":{"line":6,"column":23},"end":{"line":25,"column":1}},"line":6}},"branchMap":{"0":{"loc":{"start":{"line":16,"column":4},"end":{"line":18,"column":5}},"type":"if","locations":[{"start":{"line":16,"column":4},"end":{"line":18,"column":5}},{"start":{},"end":{}}],"line":16}},"s":{"0":1,"1":2,"2":2,"3":2,"4":1,"5":1,"6":1,"7":1},"f":{"0":2},"b":{"0":[1,1]},"_coverageSchema":"1a1c01bbd47fc00a2c39e90264f33305004495a9","hash":"07ff014c63b35b13233a0a8d5be472ea26a865d4"}
,"C:\\Users\\Bobby\\Documents\\Kwesta-mobile\\scripts\\getCommentsByAreaCall.ts": {"path":"C:\\Users\\Bobby\\Documents\\Kwesta-mobile\\scripts\\getCommentsByAreaCall.ts","statementMap":{"0":{"start":{"line":3,"column":30},"end":{"line":48,"column":1}},"1":{"start":{"line":10,"column":2},"end":{"line":47,"column":3}},"2":{"start":{"line":11,"column":16},"end":{"line":13,"column":72}},"3":{"start":{"line":15,"column":21},"end":{"line":21,"column":6}},"4":{"start":{"line":23,"column":4},"end":{"line":25,"column":5}},"5":{"start":{"line":24,"column":6},"end":{"line":24,"column":50}},"6":{"start":{"line":27,"column":17},"end":{"line":27,"column":38}},"7":{"start":{"line":29,"column":26},"end":{"line":29,"column":45}},"8":{"start":{"line":31,"column":4},"end":{"line":43,"column":8}},"9":{"start":{"line":31,"column":42},"end":{"line":43,"column":5}},"10":{"start":{"line":45,"column":4},"end":{"line":45,"column":51}},"11":{"start":{"line":46,"column":4},"end":{"line":46,"column":14}}},"fnMap":{"0":{"name":"(anonymous_0)","decl":{"start":{"line":3,"column":30},"end":{"line":3,"column":31}},"loc":{"start":{"line":9,"column":5},"end":{"line":48,"column":1}},"line":9},"1":{"name":"(anonymous_1)","decl":{"start":{"line":31,"column":29},"end":{"line":31,"column":30}},"loc":{"start":{"line":31,"column":42},"end":{"line":43,"column":5}},"line":31}},"branchMap":{"0":{"loc":{"start":{"line":11,"column":16},"end":{"line":13,"column":72}},"type":"cond-expr","locations":[{"start":{"line":12,"column":8},"end":{"line":12,"column":107}},{"start":{"line":13,"column":8},"end":{"line":13,"column":72}}],"line":11},"1":{"loc":{"start":{"line":23,"column":4},"end":{"line":25,"column":5}},"type":"if","locations":[{"start":{"line":23,"column":4},"end":{"line":25,"column":5}},{"start":{},"end":{}}],"line":23},"2":{"loc":{"start":{"line":29,"column":26},"end":{"line":29,"column":45}},"type":"binary-expr","locations":[{"start":{"line":29,"column":26},"end":{"line":29,"column":39}},{"start":{"line":29,"column":43},"end":{"line":29,"column":45}}],"line":29},"3":{"loc":{"start":{"line":38,"column":13},"end":{"line":38,"column":25}},"type":"binary-expr","locations":[{"start":{"line":38,"column":13},"end":{"line":38,"column":20}},{"start":{"line":38,"column":24},"end":{"line":38,"column":25}}],"line":38},"4":{"loc":{"start":{"line":40,"column":19},"end":{"line":40,"column":41}},"type":"binary-expr","locations":[{"start":{"line":40,"column":19},"end":{"line":40,"column":32}},{"start":{"line":40,"column":36},"end":{"line":40,"column":41}}],"line":40},"5":{"loc":{"start":{"line":41,"column":21},"end":{"line":41,"column":45}},"type":"binary-expr","locations":[{"start":{"line":41,"column":21},"end":{"line":41,"column":36}},{"start":{"line":41,"column":40},"end":{"line":41,"column":45}}],"line":41}},"s":{"0":1,"1":5,"2":5,"3":5,"4":4,"5":1,"6":3,"7":3,"8":3,"9":1,"10":2,"11":2},"f":{"0":5,"1":1},"b":{"0":[0,5],"1":[1,3],"2":[3,1],"3":[1,0],"4":[1,0],"5":[1,1]},"_coverageSchema":"1a1c01bbd47fc00a2c39e90264f33305004495a9","hash":"ac90de38f60adbb589b545412142e845b825af7e"}
[...]
umn":4},"end":{"line":48,"column":52}},"22":{"start":{"line":53,"column":2},"end":{"line":59,"column":3}},"23":{"start":{"line":54,"column":16},"end":{"line":54,"column":43}},"24":{"start":{"line":55,"column":4},"end":{"line":55,"column":72}},"25":{"start":{"line":55,"column":32},"end":{"line":55,"column":67}},"26":{"start":{"line":57,"column":4},"end":{"line":57,"column":53}},"27":{"start":{"line":58,"column":4},"end":{"line":58,"column":13}}},"fnMap":{"0":{"name":"getLocalRedemptions","decl":{"start":{"line":13,"column":22},"end":{"line":13,"column":41}},"loc":{"start":{"line":13,"column":72},"end":{"line":22,"column":1}},"line":13},"1":{"name":"addLocalRedemption","decl":{"start":{"line":24,"column":22},"end":{"line":24,"column":40}},"loc":{"start":{"line":24,"column":65},"end":{"line":32,"column":1}},"line":24},"2":{"name":"clearLocalRedemptions","decl":{"start":{"line":34,"column":22},"end":{"line":34,"column":43}},"loc":{"start":{"line":34,"column":46},"end":{"line":40,"column":1}},"line":34},"3":{"name":"removeLocalRedemption","decl":{"start":{"line":42,"column":22},"end":{"line":42,"column":43}},"loc":{"start":{"line":42,"column":56},"end":{"line":50,"column":1}},"line":42},"4":{"name":"(anonymous_4)","decl":{"start":{"line":45,"column":33},"end":{"line":45,"column":34}},"loc":{"start":{"line":45,"column":40},"end":{"line":45,"column":51}},"line":45},"5":{"name":"sumLocalRedeemedPoints","decl":{"start":{"line":52,"column":22},"end":{"line":52,"column":44}},"loc":{"start":{"line":52,"column":64},"end":{"line":60,"column":1}},"line":52},"6":{"name":"(anonymous_6)","decl":{"start":{"line":55,"column":22},"end":{"line":55,"column":23}},"loc":{"start":{"line":55,"column":32},"end":{"line":55,"column":67}},"line":55}},"branchMap":{"0":{"loc":{"start":{"line":16,"column":4},"end":{"line":16,"column":24}},"type":"if","locations":[{"start":{"line":16,"column":4},"end":{"line":16,"column":24}},{"start":{},"end":{}}],"line":16},"1":{"loc":{"start":{"line":55,"column":37},"end":{"line":55,"column":66}},"type":"binary-expr","locations":[{"start":{"line":55,"column":37},"end":{"line":55,"column":61}},{"start":{"line":55,"column":65},"end":{"line":55,"column":66}}],"line":55}},"s":{"0":2,"1":0,"2":0,"3":0,"4":0,"5":0,"6":0,"7":0,"8":0,"9":0,"10":0,"11":0,"12":0,"13":0,"14":0,"15":0,"16":0,"17":0,"18":0,"19":0,"20":0,"21":0,"22":0,"23":0,"24":0,"25":0,"26":0,"27":0},"f":{"0":0,"1":0,"2":0,"3":0,"4":0,"5":0,"6":0},"b":{"0":[0,0],"1":[0,0]},"_coverageSchema":"1a1c01bbd47fc00a2c39e90264f33305004495a9","hash":"c088ad770835c6ea4a4d7c5993ace78b66cbd2ad"}
,"C:\\Users\\Bobby\\Documents\\Kwesta-mobile\\scripts\\notificationTracker.ts": {"path":"C:\\Users\\Bobby\\Documents\\Kwesta-mobile\\scripts\\notificationTracker.ts","statementMap":{"0":{"start":{"line":29,"column":13},"end":{"line":29,"column":72}},"1":{"start":{"line":29,"column":53},"end":{"line":29,"column":72}},"2":{"start":{"line":31,"column":26},"end":{"line":32,"column":75}},"3":{"start":{"line":32,"column":2},"end":{"line":32,"column":75}},"4":{"start":{"line":32,"column":30},"end":{"line":32,"column":43}},"5":{"start":{"line":32,"column":60},"end":{"line":32,"column":73}},"6":{"start":{"line":34,"column":46},"end":{"line":38,"column":2}},"7":{"start":{"line":34,"column":75},"end":{"line":38,"column":1}},"8":{"start":{"line":40,"column":42},"end":{"line":86,"column":1}},"9":{"start":{"line":48,"column":34},"end":{"line":48,"column":67}},"10":{"start":{"line":49,"column":32},"end":{"line":49,"column":63}},"11":{"start":{"line":50,"column":32},"end":{"line":57,"column":4}},"12":{"start":{"line":51,"column":21},"end":{"line":51,"column":41}},"13":{"start":{"line":52,"column":4},"end":{"line":56,"column":6}},"14":{"start":{"line":58,"column":34},"end":{"line":58,"column":74}},"15":{"start":{"line":60,"column":2},"end":{"line":85,"column":4}},"16":{"start":{"line":67,"column":24},"end":{"line":67,"column":40}},"17":{"start":{"line":68,"column":6},"end":{"line":71,"column":8}},"18":{"start":{"line":74,"column":22},"end":{"line":74,"column":36}},"19":{"start":{"line":75,"column":6},"end":{"line":77,"column":8}},"20":{"start":{"line":80,"column":22},"end":{"line":80,"column":36}},"21":{"start":{"line":81,"column":6},"end":{"line":83,"column":8}}},"fnMap":{"0":{"name":"(anonymous_0)","decl":{"start":{"line":29,"column":13},"end":{"line":29,"column":14}},"loc":{"start":{"line":29,"column":53},"end":{"line":29,"column":72}},"line":29},"1":{"name":"(anonymous_1)","decl":{"start":{"line":31,"column":26},"end":{"line":31,"column":27}},"loc":{"start":{"line":32,"column":2},"end":{"line":32,"column":75}},"line":32},"2":{"name":"(anonymous_2)","decl":{"start":{"line":32,"column":20},"end":{"line":32,"column":21}},"loc":{"start":{"line":32,"column":30},"end":{"line":32,"column":43}},"line":32},"3":{"name":"(anonymous_3)","decl":{"start":{"line":32,"column":52},"end":{"line":32,"column":53}},"loc":{"start":{"line":32,"column":60},"end":{"line":32,"column":73}},"line":32},"4":{"name":"(anonymous_4)","decl":{"start":{"line":34,"column":46},"end":{"line":34,"column":47}},"loc":{"start":{"line":34,"column":75},"end":{"line":38,"column":1}},"line":34},"5":{"name":"(anonymous_5)","decl":{"start":{"line":40,"column":42},"end":{"line":40,"column":43}},"loc":{"start":{"line":47,"column":45},"end":{"line":86,"column":1}},"line":47},"6":{"name":"(anonymous_6)","decl":{"start":{"line":50,"column":49},"end":{"line":50,"column":50}},"loc":{"start":{"line":50,"column":60},"end":{"line":57,"column":3}},"line":50},"7":{"name":"(anonymous_7)","decl":{"start":{"line":66,"column":45},"end":{"line":66,"column":46}},"loc":{"start":{"line":66,"column":58},"end":{"line":72,"column":5}},"line":66},"8":{"name":"(anonymous_8)","decl":{"start":{"line":73,"column":52},"end":{"line":73,"column":53}},"loc":{"start":{"line":73,"column":63},"end":{"line":78,"column":5}},"line":73},"9":{"name":"(anonymous_9)","decl":{"start":{"line":79,"column":41},"end":{"line":79,"column":42}},"loc":{"start":{"line":79,"column":52},"end":{"line":84,"column":5}},"line":79}},"branchMap":{"0":{"loc":{"start":{"line":29,"column":60},"end":{"line":29,"column":71}},"type":"binary-expr","locations":[{"start":{"line":29,"column":60},"end":{"line":29,"column":65}},{"start":{"line":29,"column":69},"end":{"line":29,"column":71}}],"line":29},"1":{"loc":{"start":{"line":53,"column":6},"end":{"line":55,"column":32}},"type":"binary-expr","locations":[{"start":{"line":53,"column":6},"end":{"line":53,"column":25}},{"start":{"line":54,"column":6},"end":{"line":54,"column":32}},{"start":{"line":55,"column":6},"end":{"line":55,"column":32}}],"line":53},"2":{"loc":{"start":{"line":69,"column":8},"end":{"line":70,"column":57}},"type":"binary-expr","locations":[{"start":{"line":69,"column":8},"end":{"line":69,"column":28}},{"start":{"line":70,"column":8},"end":{"line":70,"column":57}}],"line":69},"3":{"loc":{"start":{"line":76,"column":8},"end":{"line":76,"column":77}},"type":"binary-expr","locations":[{"start":{"line":76,"column":8},"end":{"line":76,"column":26}},{"start":{"line":76,"column":30},"end":{"line":76,"column":77}}],"line":76},"4":{"loc":{"start":{"line":82,"column":8},"end":{"line":82,"column":75}},"type":"binary-expr","locations":[{"start":{"line":82,"column":8},"end":{"line":82,"column":26}},{"start":{"line":82,"column":30},"end":{"line":82,"column":75}}],"line":82}},"s":{"0":1,"1":17,"2":1,"3":9,"4":6,"5":6,"6":1,"7":2,"8":1,"9":3,"10":3,"11":3,"12":5,"13":5,"14":3,"15":3,"16":2,"17":2,"18":2,"19":2,"20":2,"21":2},"f":{"0":17,"1":9,"2":6,"3":6,"4":2,"5":3,"6":5,"7":2,"8":2,"9":2},"b":{"0":[17,0],"1":[5,5,4],"2":[2,2],"3":[2,2],"4":[2,2]},"_coverageSchema":"1a1c01bbd47fc00a2c39e90264f33305004495a9","hash":"f71a907b3d3056f7e44bdae68d35f53eaeec30f8"}
,"C:\\Users\\Bobby\\Documents\\Kwesta-mobile\\scripts\\syncLocalRedemptions.ts": {"path":"C:\\Users\\Bobby\\Documents\\Kwesta-mobile\\scripts\\syncLocalRedemptions.ts","statementMap":{"0":{"start":{"line":5,"column":2},"end":{"line":5,"column":21}},"1":{"start":{"line":5,"column":14},"end":{"line":5,"column":21}},"2":{"start":{"line":7,"column":14},"end":{"line":7,"column":67}},"3":{"start":{"line":8,"column":16},"end":{"line":8,"column":43}},"4":{"start":{"line":10,"column":2},"end":{"line":34,"column":3}},"5":{"start":{"line":11,"column":4},"end":{"line":33,"column":5}},"6":{"start":{"line":12,"column":23},"end":{"line":22,"column":8}},"7":{"start":{"line":24,"column":6},"end":{"line":27,"column":7}},"8":{"start":{"line":26,"column":8},"end":{"line":26,"column":46}},"9":{"start":{"line":31,"column":6},"end":{"line":31,"column":53}},"10":{"start":{"line":32,"column":6},"end":{"line":32,"column":13}}},"fnMap":{"0":{"name":"syncLocalRedemptions","decl":{"start":{"line":4,"column":30},"end":{"line":4,"column":50}},"loc":{"start":{"line":4,"column":73},"end":{"line":35,"column":1}},"line":4}},"branchMap":{"0":{"loc":{"start":{"line":5,"column":2},"end":{"line":5,"column":21}},"type":"if","locations":[{"start":{"line":5,"column":2},"end":{"line":5,"column":21}},{"start":{},"end":{}}],"line":5},"1":{"loc":{"start":{"line":24,"column":6},"end":{"line":27,"column":7}},"type":"if","locations":[{"start":{"line":24,"column":6},"end":{"line":27,"column":7}},{"start":{},"end":{}}],"line":24}},"s":{"0":0,"1":0,"2":0,"3":0,"4":0,"5":0,"6":0,"7":0,"8":0,"9":0,"10":0},"f":{"0":0},"b":{"0":[0,0],"1":[0,0]},"_coverageSchema":"1a1c01bbd47fc00a2c39e90264f33305004495a9","hash":"2bc12e849535c17f0d4864177c21c09bca8072e4"}
,"C:\\Users\\Bobby\\Documents\\Kwesta-mobile\\scripts\\unflagComment.ts": {"path":"C:\\Users\\Bobby\\Documents\\Kwesta-mobile\\scripts\\unflagComment.ts","statementMap":{"0":{"start":{"line":4,"column":4},"end":{"line":27,"column":3}},"1":{"start":{"line":6,"column":21},"end":{"line":15,"column":5}},"2":{"start":{"line":17,"column":17},"end":{"line":17,"column":38}},"3":{"start":{"line":18,"column":4},"end":{"line":21,"column":5}},"4":{"start":{"line":19,"column":6},"end":{"line":19,"column":50}},"5":{"start":{"line":20,"column":6},"end":{"line":20,"column":65}},"6":{"start":{"line":23,"column":4},"end":{"line":23,"column":16}},"7":{"start":{"line":26,"column":4},"end":{"line":26,"column":47}}},"fnMap":{"0":{"name":"unflagComment","decl":{"start":{"line":3,"column":15},"end":{"line":3,"column":28}},"loc":{"start":{"line":3,"column":63},"end":{"line":28,"column":1}},"line":3}},"branchMap":{"0":{"loc":{"start":{"line":18,"column":4},"end":{"line":21,"column":5}},"type":"if","locations":[{"start":{"line":18,"column":4},"end":{"line":21,"column":5}},{"start":{},"end":{}}],"line":18},"1":{"loc":{"start":{"line":20,"column":22},"end":{"line":20,"column":63}},"type":"binary-expr","locations":[{"start":{"line":20,"column":22},"end":{"line":20,"column":32}},{"start":{"line":20,"column":36},"end":{"line":20,"column":63}}],"line":20}},"s":{"0":5,"1":5,"2":4,"3":4,"4":2,"5":2,"6":2,"7":3},"f":{"0":5},"b":{"0":[2,2],"1":[2,1]},"_coverageSchema":"1a1c01bbd47fc00a2c39e90264f33305004495a9","hash":"69bcdba897d2ae55d8c91d3f4ed6462c5545e2fc"}
,"C:\\Users\\Bobby\\Documents\\Kwesta-mobile\\scripts\\unfollowUserCall.ts": {"path":"C:\\Users\\Bobby\\Documents\\Kwesta-mobile\\scripts\\unfollowUserCall.ts","statementMap":{"0":{"start":{"line":3,"column":25},"end":{"line":25,"column":1}},"1":{"start":{"line":7,"column":2},"end":{"line":24,"column":3}},"2":{"start":{"line":8,"column":21},"end":{"line":14,"column":6}},"3":{"start":{"line":16,"column":4},"end":{"line":18,"column":5}},"4":{"start":{"line":17,"column":6},"end":{"line":17,"column":49}},"5":{"start":{"line":20,"column":4},"end":{"line":20,"column":16}},"6":{"start":{"line":22,"column":4},"end":{"line":22,"column":50}},"7":{"start":{"line":23,"column":4},"end":{"line":23,"column":17}}},"fnMap":{"0":{"name":"(anonymous_0)","decl":{"start":{"line":3,"column":25},"end":{"line":3,"column":26}},"loc":{"start":{"line":6,"column":23},"end":{"line":25,"column":1}},"line":6}},"branchMap":{"0":{"loc":{"start":{"line":16,"column":4},"end":{"line":18,"column":5}},"type":"if","locations":[{"start":{"line":16,"column":4},"end":{"line":18,"column":5}},{"start":{},"end":{}}],"line":16}},"s":{"0":1,"1":1,"2":1,"3":1,"4":0,"5":1,"6":0,"7":0},"f":{"0":1},"b":{"0":[0,1]},"_coverageSchema":"1a1c01bbd47fc00a2c39e90264f33305004495a9","hash":"65885058c5bb3ddba1a5d80005993fdaa9fb5b90"}
,"C:\\Users\\Bobby\\Documents\\Kwesta-mobile\\scripts\\unjoinEvent.ts": {"path":"C:\\Users\\Bobby\\Documents\\Kwesta-mobile\\scripts\\unjoinEvent.ts","statementMap":{"0":{"start":{"line":4,"column":4},"end":{"line":26,"column":3}},"1":{"start":{"line":6,"column":21},"end":{"line":15,"column":5}},"2":{"start":{"line":17,"column":17},"end":{"line":17,"column":38}},"3":{"start":{"line":18,"column":4},"end":{"line":20,"column":5}},"4":{"start":{"line":19,"column":6},"end":{"line":19,"column":51}},"5":{"start":{"line":22,"column":4},"end":{"line":22,"column":16}},"6":{"start":{"line":25,"column":4},"end":{"line":25,"column":47}}},"fnMap":{"0":{"name":"unjoinEvent","decl":{"start":{"line":3,"column":15},"end":{"line":3,"column":26}},"loc":{"start":{"line":3,"column":61},"end":{"line":27,"column":1}},"line":3}},"branchMap":{"0":{"loc":{"start":{"line":18,"column":4},"end":{"line":20,"column":5}},"type":"if","locations":[{"start":{"line":18,"column":4},"end":{"line":20,"column":5}},{"start":{},"end":{}}],"line":18}},"s":{"0":4,"1":4,"2":3,"3":3,"4":1,"5":2,"6":2},"f":{"0":4},"b":{"0":[1,2]},"_coverageSchema":"1a1c01bbd47fc00a2c39e90264f33305004495a9","hash":"ff6860ca682b4b5b4cc86bad76c4fa8ae20b8d40"}
,"C:\\Users\\Bobby\\Documents\\Kwesta-mobile\\scripts\\unjoinQuest.ts": {"path":"C:\\Users\\Bobby\\Documents\\Kwesta-mobile\\scripts\\unjoinQuest.ts","statementMap":{"0":{"start":{"line":4,"column":4},"end":{"line":26,"column":3}},"1":{"start":{"line":6,"column":21},"end":{"line":15,"column":5}},"2":{"start":{"line":17,"column":17},"end":{"line":17,"column":38}},"3":{"start":{"line":18,"column":4},"end":{"line":20,"column":5}},"4":{"start":{"line":19,"column":6},"end":{"line":19,"column":51}},"5":{"start":{"line":22,"column":4},"end":{"line":22,"column":16}},"6":{"start":{"line":25,"column":4},"end":{"line":25,"column":47}}},"fnMap":{"0":{"name":"unjoinQuest","decl":{"start":{"line":3,"column":15},"end":{"line":3,"column":26}},"loc":{"start":{"line":3,"column":61},"end":{"line":27,"column":1}},"line":3}},"branchMap":{"0":{"loc":{"start":{"line":18,"column":4},"end":{"line":20,"column":5}},"type":"if","locations":[{"start":{"line":18,"column":4},"end":{"line":20,"column":5}},{"start":{},"end":{}}],"line":18}},"s":{"0":4,"1":4,"2":3,"3":3,"4":1,"5":2,"6":2},"f":{"0":4},"b":{"0":[1,2]},"_coverageSchema":"1a1c01bbd47fc00a2c39e90264f33305004495a9","hash":"c6099d0828be4a00e889daed86793d3e62310f93"}
,"C:\\Users\\Bobby\\Documents\\Kwesta-mobile\\scripts\\updateCommentCall.ts": {"path":"C:\\Users\\Bobby\\Documents\\Kwesta-mobile\\scripts\\updateCommentCall.ts","statementMap":{"0":{"start":{"line":3,"column":26},"end":{"line":30,"column":1}},"1":{"start":{"line":8,"column":4},"end":{"line":29,"column":5}},"2":{"start":{"line":9,"column":25},"end":{"line":16,"column":10}},"3":{"start":{"line":18,"column":8},"end":{"line":20,"column":9}},"4":{"start":{"line":19,"column":12},"end":{"line":19,"column":57}},"5":{"start":{"line":22,"column":21},"end":{"line":22,"column":42}},"6":{"start":{"line":24,"column":8},"end":{"line":24,"column":28}},"7":{"start":{"line":27,"column":8},"end":{"line":27,"column":62}},"8":{"start":{"line":28,"column":8},"end":{"line":28,"column":20}}},"fnMap":{"0":{"name":"(anonymous_0)","decl":{"start":{"line":3,"column":26},"end":{"line":3,"column":27}},"loc":{"start":{"line":7,"column":5},"end":{"line":30,"column":1}},"line":7}},"branchMap":{"0":{"loc":{"start":{"line":18,"column":8},"end":{"line":20,"column":9}},"type":"if","locations":[{"start":{"line":18,"column":8},"end":{"line":20,"column":9}},{"start":{},"end":{}}],"line":18}},"s":{"0":1,"1":4,"2":4,"3":3,"4":1,"5":2,"6":2,"7":2,"8":2},"f":{"0":4},"b":{"0":[1,2]},"_coverageSchema":"1a1c01bbd47fc00a2c39e90264f33305004495a9","hash":"ddeb1499aaac0a4638becd058dd9cf8ec95c4905"}
,"C:\\Users\\Bobby\\Documents\\Kwesta-mobile\\scripts\\updateEventCall.ts": {"path":"C:\\Users\\Bobby\\Documents\\Kwesta-mobile\\scripts\\updateEventCall.ts","statementMap":{"0":{"start":{"line":3,"column":24},"end":{"line":30,"column":1}},"1":{"start":{"line":8,"column":4},"end":{"line":29,"column":5}},"2":{"start":{"line":9,"column":25},"end":{"line":16,"column":10}},"3":{"start":{"line":18,"column":8},"end":{"line":20,"column":9}},"4":{"start":{"line":19,"column":12},"end":{"line":19,"column":57}},"5":{"start":{"line":22,"column":21},"end":{"line":22,"column":42}},"6":{"start":{"line":24,"column":8},"end":{"line":24,"column":26}},"7":{"start":{"line":27,"column":8},"end":{"line":27,"column":60}},"8":{"start":{"line":28,"column":8},"end":{"line":28,"column":20}}},"fnMap":{"0":{"name":"(anonymous_0)","decl":{"start":{"line":3,"column":24},"end":{"line":3,"column":25}},"loc":{"start":{"line":7,"column":5},"end":{"line":30,"column":1}},"line":7}},"branchMap":{"0":{"loc":{"start":{"line":18,"column":8},"end":{"line":20,"column":9}},"type":"if","locations":[{"start":{"line":18,"column":8},"end":{"line":20,"column":9}},{"start":{},"end":{}}],"line":18}},"s":{"0":1,"1":4,"2":4,"3":3,"4":1,"5":2,"6":2,"7":2,"8":2},"f":{"0":4},"b":{"0":[1,2]},"_coverageSchema":"1a1c01bbd47fc00a2c39e90264f33305004495a9","hash":"d332d596dbac628ea649ef6e6595796ff8fcdb29"}
,"C:\\Users\\Bobby\\Documents\\Kwesta-mobile\\scripts\\updateQuestCall.ts": {"path":"C:\\Users\\Bobby\\Documents\\Kwesta-mobile\\scripts\\updateQuestCall.ts","statementMap":{"0":{"start":{"line":3,"column":24},"end":{"line":30,"column":1}},"1":{"start":{"line":8,"column":4},"end":{"line":29,"column":5}},"2":{"start":{"line":9,"column":25},"end":{"line":16,"column":10}},"3":{"start":{"line":18,"column":8},"end":{"line":20,"column":9}},"4":{"start":{"line":19,"column":12},"end":{"line":19,"column":57}},"5":{"start":{"line":22,"column":21},"end":{"line":22,"column":42}},"6":{"start":{"line":24,"column":8},"end":{"line":24,"column":26}},"7":{"start":{"line":27,"column":8},"end":{"line":27,"column":60}},"8":{"start":{"line":28,"column":8},"end":{"line":28,"column":20}}},"fnMap":{"0":{"name":"(anonymous_0)","decl":{"start":{"line":3,"column":24},"end":{"line":3,"column":25}},"loc":{"start":{"line":7,"column":5},"end":{"line":30,"column":1}},"line":7}},"branchMap":{"0":{"loc":{"start":{"line":18,"column":8},"end":{"line":20,"column":9}},"type":"if","locations":[{"start":{"line":18,"column":8},"end":{"line":20,"column":9}},{"start":{},"end":{}}],"line":18}},"s":{"0":1,"1":4,"2":4,"3":3,"4":1,"5":2,"6":2,"7":2,"8":2},"f":{"0":4},"b":{"0":[1,2]},"_coverageSchema":"1a1c01bbd47fc00a2c39e90264f33305004495a9","hash":"f18647a13ec8b960dc899c22d305590758685ff2"}
,"C:\\Users\\Bobby\\Documents\\Kwesta-mobile\\styles\\overlayStyle.ts": {"path":"C:\\Users\\Bobby\\Documents\\Kwesta-mobile\\styles\\overlayStyle.ts","statementMap":{"0":{"start":{"line":3,"column":21},"end":{"line":3,"column":51}},"1":{"start":{"line":4,"column":19},"end":{"line":4,"column":37}},"2":{"start":{"line":5,"column":20},"end":{"line":5,"column":22}},"3":{"start":{"line":7,"column":15},"end":{"line":51,"column":2}}},"fnMap":{},"branchMap":{"0":{"loc":{"start":{"line":26,"column":25},"end":{"line":26,"column":86}},"type":"cond-expr","locations":[{"start":{"line":26,"column":67},"end":{"line":26,"column":74}},{"start":{"line":26,"column":77},"end":{"line":26,"column":86}}],"line":26},"1":{"loc":{"start":{"line":47,"column":21},"end":{"line":47,"column":82}},"type":"cond-expr","locations":[{"start":{"line":47,"column":63},"end":{"line":47,"column":70}},{"start":{"line":47,"column":73},"end":{"line":47,"column":82}}],"line":47}},"s":{"0":3,"1":3,"2":3,"3":3},"f":{},"b":{"0":[0,3],"1":[0,3]},"_coverageSchema":"1a1c01bbd47fc00a2c39e90264f33305004495a9","hash":"2c46c92d59773cfadeed2b452aad61fbaff0e2ea"}
}
