{"C:\\Users\\Bobby\\Documents\\Kwesta-mobile\\components\\CommentOverlay.tsx": {"path":"C:\\Users\\Bobby\\Documents\\Kwesta-mobile\\components\\CommentOverlay.tsx","statementMap":{"0":{"start":{"line":18,"column":15},"end":{"line":18,"column":34}},"1":{"start":{"line":19,"column":21},"end":{"line":19,"column":51}},"2":{"start":{"line":20,"column":19},"end":{"line":20,"column":37}},"3":{"start":{"line":21,"column":20},"end":{"line":21,"column":22}},"4":{"start":{"line":24,"column":22},"end":{"line":24,"column":46}},"5":{"start":{"line":25,"column":32},"end":{"line":25,"column":43}},"6":{"start":{"line":26,"column":22},"end":{"line":26,"column":31}},"7":{"start":{"line":28,"column":4},"end":{"line":31,"column":27}},"8":{"start":{"line":29,"column":8},"end":{"line":29,"column":37}},"9":{"start":{"line":29,"column":30},"end":{"line":29,"column":37}},"10":{"start":{"line":30,"column":8},"end":{"line":30,"column":50}},"11":{"start":{"line":34,"column":8},"end":{"line":53,"column":15}},"12":{"start":{"line":36,"column":16},"end":{"line":46,"column":18}},"13":{"start":{"line":37,"column":20},"end":{"line":45,"column":21}},"14":{"start":{"line":38,"column":24},"end":{"line":44,"column":31}},"15":{"start":{"line":47,"column":16},"end":{"line":49,"column":17}},"16":{"start":{"line":48,"column":20},"end":{"line":48,"column":44}},"17":{"start":{"line":52,"column":16},"end":{"line":52,"column":64}},"18":{"start":{"line":57,"column":8},"end":{"line":69,"column":15}},"19":{"start":{"line":60,"column":16},"end":{"line":64,"column":18}},"20":{"start":{"line":61,"column":20},"end":{"line":63,"column":21}},"21":{"start":{"line":62,"column":24},"end":{"line":62,"column":72}},"22":{"start":{"line":65,"column":16},"end":{"line":65,"column":55}},"23":{"start":{"line":68,"column":16},"end":{"line":68,"column":66}},"24":{"start":{"line":73,"column":8},"end":{"line":84,"column":15}},"25":{"start":{"line":75,"column":16},"end":{"line":79,"column":18}},"26":{"start":{"line":76,"column":20},"end":{"line":78,"column":21}},"27":{"start":{"line":77,"column":24},"end":{"line":77,"column":73}},"28":{"start":{"line":80,"column":16},"end":{"line":80,"column":57}},"29":{"start":{"line":83,"column":16},"end":{"line":83,"column":68}},"30":{"start":{"line":87,"column":4},"end":{"line":165,"column":6}},"31":{"start":{"line":107,"column":42},"end":{"line":107,"column":71}},"32":{"start":{"line":108,"column":46},"end":{"line":108,"column":88}},"33":{"start":{"line":109,"column":32},"end":{"line":109,"column":49}},"34":{"start":{"line":114,"column":48},"end":{"line":114,"column":64}},"35":{"start":{"line":117,"column":36},"end":{"line":126,"column":38}},"36":{"start":{"line":128,"column":32},"end":{"line":158,"column":34}},"37":{"start":{"line":142,"column":59},"end":{"line":142,"column":75}},"38":{"start":{"line":149,"column":70},"end":{"line":149,"column":88}},"39":{"start":{"line":153,"column":70},"end":{"line":153,"column":86}}},"fnMap":{"0":{"name":"CommentOverlay","decl":{"start":{"line":23,"column":24},"end":{"line":23,"column":38}},"loc":{"start":{"line":23,"column":120},"end":{"line":166,"column":1}},"line":23},"1":{"name":"(anonymous_1)","decl":{"start":{"line":28,"column":14},"end":{"line":28,"column":15}},"loc":{"start":{"line":28,"column":20},"end":{"line":31,"column":5}},"line":28},"2":{"name":"handleLike","decl":{"start":{"line":33,"column":13},"end":{"line":33,"column":23}},"loc":{"start":{"line":33,"column":40},"end":{"line":54,"column":5}},"line":33},"3":{"name":"(anonymous_3)","decl":{"start":{"line":35,"column":18},"end":{"line":35,"column":19}},"loc":{"start":{"line":35,"column":30},"end":{"line":50,"column":13}},"line":35},"4":{"name":"(anonymous_4)","decl":{"start":{"line":36,"column":28},"end":{"line":36,"column":29}},"loc":{"start":{"line":37,"column":20},"end":{"line":45,"column":21}},"line":37},"5":{"name":"(anonymous_5)","decl":{"start":{"line":37,"column":37},"end":{"line":37,"column":38}},"loc":{"start":{"line":38,"column":24},"end":{"line":44,"column":31}},"line":38},"6":{"name":"(anonymous_6)","decl":{"start":{"line":51,"column":19},"end":{"line":51,"column":20}},"loc":{"start":{"line":51,"column":35},"end":{"line":53,"column":13}},"line":51},"7":{"name":"handleFlag","decl":{"start":{"line":56,"column":13},"end":{"line":56,"column":23}},"loc":{"start":{"line":56,"column":34},"end":{"line":70,"column":5}},"line":56},"8":{"name":"(anonymous_8)","decl":{"start":{"line":58,"column":18},"end":{"line":58,"column":19}},"loc":{"start":{"line":58,"column":24},"end":{"line":66,"column":13}},"line":58},"9":{"name":"(anonymous_9)","decl":{"start":{"line":60,"column":28},"end":{"line":60,"column":29}},"loc":{"start":{"line":61,"column":20},"end":{"line":63,"column":21}},"line":61},"10":{"name":"(anonymous_10)","decl":{"start":{"line":61,"column":37},"end":{"line":61,"column":38}},"loc":{"start":{"line":62,"column":24},"end":{"line":62,"column":72}},"line":62},"11":{"name":"(anonymous_11)","decl":{"start":{"line":67,"column":19},"end":{"line":67,"column":20}},"loc":{"start":{"line":67,"column":28},"end":{"line":69,"column":13}},"line":67},"12":{"name":"handleUnflag","decl":{"start":{"line":72,"column":13},"end":{"line":72,"column":25}},"loc":{"start":{"line":72,"column":36},"end":{"line":85,"column":5}},"line":72},"13":{"name":"(anonymous_13)","decl":{"start":{"line":74,"column":18},"end":{"line":74,"column":19}},"loc":{"start":{"line":74,"column":24},"end":{"line":81,"column":13}},"line":74},"14":{"name":"(anonymous_14)","decl":{"start":{"line":75,"column":28},"end":{"line":75,"column":29}},"loc":{"start":{"line":76,"column":20},"end":{"line":78,"column":21}},"line":76},"15":{"name":"(anonymous_15)","decl":{"start":{"line":76,"column":37},"end":{"line":76,"column":38}},"loc":{"start":{"line":77,"column":24},"end":{"line":77,"column":73}},"line":77},"16":{"name":"(anonymous_16)","decl":{"start":{"line":82,"column":19},"end":{"line":82,"column":20}},"loc":{"start":{"line":82,"column":28},"end":{"line":84,"column":13}},"line":82},"17":{"name":"(anonymous_17)","decl":{"start":{"line":106,"column":38},"end":{"line":106,"column":39}},"loc":{"start":{"line":106,"column":45},"end":{"line":110,"column":29}},"line":106},"18":{"name":"(anonymous_18)","decl":{"start":{"line":113,"column":42},"end":{"line":113,"column":43}},"loc":{"start":{"line":113,"column":62},"end":{"line":159,"column":29}},"line":113},"19":{"name":"(anonymous_19)","decl":{"start":{"line":142,"column":53},"end":{"line":142,"column":54}},"loc":{"start":{"line":142,"column":59},"end":{"line":142,"column":75}},"line":142},"20":{"name":"(anonymous_20)","decl":{"start":{"line":149,"column":64},"end":{"line":149,"column":65}},"loc":{"start":{"line":149,"column":70},"end":{"line":149,"column":88}},"line":149},"21":{"name":"(anonymous_21)","decl":{"start":{"line":153,"column":64},"end":{"line":153,"column":65}},"loc":{"start":{"line":153,"column":70},"end":{"line":153,"column":86}},"line":153}},"branchMap":{"0":{"loc":{"start":{"line":29,"column":8},"end":{"line":29,"column":37}},"type":"if","locations":[{"start":{"line":29,"column":8},"end":{"line":29,"column":37}},{"start":{},"end":{}}],"line":29},"1":{"loc":{"start":{"line":30,"column":24},"end":{"line":30,"column":48}},"type":"binary-expr","locations":[{"start":{"line":30,"column":24},"end":{"line":30,"column":40}},{"start":{"line":30,"column":44},"end":{"line":30,"column":48}}],"line":30},"2":{"loc":{"start":{"line":38,"column":24},"end":{"line":44,"column":31}},"type":"cond-expr","locations":[{"start":{"line":39,"column":30},"end":{"line":43,"column":29}},{"start":{"line":44,"column":30},"end":{"line":44,"column":31}}],"line":38},"3":{"loc":{"start":{"line":41,"column":40},"end":{"line":41,"column":52}},"type":"binary-expr","locations":[{"start":{"line":41,"column":40},"end":{"line":41,"column":47}},{"start":{"line":41,"column":51},"end":{"line":41,"column":52}}],"line":41},"4":{"loc":{"start":{"line":47,"column":16},"end":{"line":49,"column":17}},"type":"if","locations":[{"start":{"line":47,"column":16},"end":{"line":49,"column":17}},{"start":{},"end":{}}],"line":47},"5":{"loc":{"start":{"line":62,"column":24},"end":{"line":62,"column":72}},"type":"cond-expr","locations":[{"start":{"line":62,"column":39},"end":{"line":62,"column":68}},{"start":{"line":62,"column":71},"end":{"line":62,"column":72}}],"line":62},"6":{"loc":{"start":{"line":77,"column":24},"end":{"line":77,"column":73}},"type":"cond-expr","locations":[{"start":{"line":77,"column":39},"end":{"line":77,"column":69}},{"start":{"line":77,"column":72},"end":{"line":77,"column":73}}],"line":77},"7":{"loc":{"start":{"line":89,"column":13},"end":{"line":163,"column":13}},"type":"binary-expr","locations":[{"start":{"line":89,"column":13},"end":{"line":89,"column":17}},{"start":{"line":90,"column":16},"end":{"line":162,"column":19}}],"line":89},"8":{"loc":{"start":{"line":133,"column":67},"end":{"line":133,"column":90}},"type":"cond-expr","locations":[{"start":{"line":133,"column":82},"end":{"line":133,"column":83}},{"start":{"line":133,"column":86},"end":{"line":133,"column":90}}],"line":133},"9":{"loc":{"start":{"line":139,"column":54},"end":{"line":139,"column":66}},"type":"binary-expr","locations":[{"start":{"line":139,"column":54},"end":{"line":139,"column":61}},{"start":{"line":139,"column":65},"end":{"line":139,"column":66}}],"line":139},"10":{"loc":{"start":{"line":145,"column":51},"end":{"line":145,"column":91}},"type":"cond-expr","locations":[{"start":{"line":145,"column":67},"end":{"line":145,"column":74}},{"start":{"line":145,"column":77},"end":{"line":145,"column":91}}],"line":145},"11":{"loc":{"start":{"line":148,"column":41},"end":{"line":156,"column":41}},"type":"cond-expr","locations":[{"start":{"line":149,"column":44},"end":{"line":151,"column":56}},{"start":{"line":153,"column":44},"end":{"line":155,"column":56}}],"line":148}},"s":{"0":1,"1":1,"2":1,"3":1,"4":9,"5":9,"6":9,"7":9,"8":9,"9":0,"10":9,"11":2,"12":1,"13":0,"14":0,"15":1,"16":1,"17":1,"18":2,"19":1,"20":0,"21":0,"22":1,"23":1,"24":2,"25":1,"26":0,"27":0,"28":1,"29":1,"30":9,"31":1,"32":1,"33":1,"34":16,"35":16,"36":16,"37":2,"38":2,"39":2},"f":{"0":9,"1":9,"2":2,"3":1,"4":0,"5":0,"6":1,"7":2,"8":1,"9":0,"10":0,"11":1,"12":2,"13":1,"14":0,"15":0,"16":1,"17":1,"18":16,"19":2,"20":2,"21":2},"b":{"0":[0,9],"1":[9,0],"2":[0,0],"3":[0,0],"4":[1,0],"5":[0,0],"6":[0,0],"7":[9,9],"8":[9,7],"9":[16,16],"10":[0,16],"11":[2,14]},"_coverageSchema":"1a1c01bbd47fc00a2c39e90264f33305004495a9","hash":"b416d221f22ccde914bc9a93314beed440de4d00"}
,"C:\\Users\\Bobby\\Documents\\Kwesta-mobile\\components\\EventOverlay.tsx": {"path":"C:\\Users\\Bobby\\Documents\\Kwesta-mobile\\components\\EventOverlay.tsx","statementMap":{"0":{"start":{"line":17,"column":15},"end":{"line":17,"column":34}},"1":{"start":{"line":18,"column":21},"end":{"line":18,"column":51}},"2":{"start":{"line":19,"column":19},"end":{"line":19,"column":37}},"3":{"start":{"line":20,"column":20},"end":{"line":20,"column":22}},"4":{"start":{"line":23,"column":22},"end":{"line":23,"column":46}},"5":{"start":{"line":24,"column":32},"end":{"line":24,"column":43}},"6":{"start":{"line":25,"column":22},"end":{"line":25,"column":31}},"7":{"start":{"line":27,"column":4},"end":{"line":30,"column":25}},"8":{"start":{"line":28,"column":8},"end":{"line":28,"column":35}},"9":{"start":{"line":28,"column":28},"end":{"line":28,"column":35}},"10":{"start":{"line":29,"column":8},"end":{"line":29,"column":46}},"11":{"start":{"line":33,"column":8},"end":{"line":48,"column":15}},"12":{"start":{"line":36,"column":16},"end":{"line":40,"column":18}},"13":{"start":{"line":37,"column":16},"end":{"line":39,"column":17}},"14":{"start":{"line":38,"column":20},"end":{"line":38,"column":65}},"15":{"start":{"line":41,"column":16},"end":{"line":43,"column":17}},"16":{"start":{"line":42,"column":16},"end":{"line":42,"column":40}},"17":{"start":{"line":44,"column":16},"end":{"line":44,"column":52}},"18":{"start":{"line":47,"column":16},"end":{"line":47,"column":63}},"19":{"start":{"line":52,"column":8},"end":{"line":63,"column":11}},"20":{"start":{"line":54,"column":12},"end":{"line":58,"column":14}},"21":{"start":{"line":55,"column":12},"end":{"line":57,"column":13}},"22":{"start":{"line":56,"column":16},"end":{"line":56,"column":62}},"23":{"start":{"line":59,"column":12},"end":{"line":59,"column":50}},"24":{"start":{"line":62,"column":12},"end":{"line":62,"column":59}},"25":{"start":{"line":66,"column":4},"end":{"line":126,"column":6}},"26":{"start":{"line":84,"column":42},"end":{"line":84,"column":71}},"27":{"start":{"line":86,"column":46},"end":{"line":86,"column":88}},"28":{"start":{"line":87,"column":32},"end":{"line":87,"column":49}},"29":{"start":{"line":92,"column":48},"end":{"line":92,"column":64}},"30":{"start":{"line":94,"column":36},"end":{"line":103,"column":38}},"31":{"start":{"line":104,"column":32},"end":{"line":119,"column":34}},"32":{"start":{"line":110,"column":70},"end":{"line":110,"column":88}},"33":{"start":{"line":114,"column":70},"end":{"line":114,"column":86}}},"fnMap":{"0":{"name":"EventOverlay","decl":{"start":{"line":22,"column":24},"end":{"line":22,"column":36}},"loc":{"start":{"line":22,"column":112},"end":{"line":127,"column":1}},"line":22},"1":{"name":"(anonymous_1)","decl":{"start":{"line":27,"column":14},"end":{"line":27,"column":15}},"loc":{"start":{"line":27,"column":20},"end":{"line":30,"column":5}},"line":27},"2":{"name":"handleJoin","decl":{"start":{"line":32,"column":13},"end":{"line":32,"column":23}},"loc":{"start":{"line":32,"column":38},"end":{"line":49,"column":5}},"line":32},"3":{"name":"(anonymous_3)","decl":{"start":{"line":34,"column":18},"end":{"line":34,"column":19}},"loc":{"start":{"line":34,"column":30},"end":{"line":45,"column":13}},"line":34},"4":{"name":"(anonymous_4)","decl":{"start":{"line":36,"column":26},"end":{"line":36,"column":27}},"loc":{"start":{"line":37,"column":16},"end":{"line":39,"column":17}},"line":37},"5":{"name":"(anonymous_5)","decl":{"start":{"line":37,"column":31},"end":{"line":37,"column":32}},"loc":{"start":{"line":38,"column":20},"end":{"line":38,"column":65}},"line":38},"6":{"name":"(anonymous_6)","decl":{"start":{"line":46,"column":19},"end":{"line":46,"column":20}},"loc":{"start":{"line":46,"column":28},"end":{"line":48,"column":13}},"line":46},"7":{"name":"handleUnjoin","decl":{"start":{"line":51,"column":13},"end":{"line":51,"column":25}},"loc":{"start":{"line":51,"column":41},"end":{"line":64,"column":5}},"line":51},"8":{"name":"(anonymous_8)","decl":{"start":{"line":53,"column":14},"end":{"line":53,"column":15}},"loc":{"start":{"line":53,"column":20},"end":{"line":60,"column":9}},"line":53},"9":{"name":"(anonymous_9)","decl":{"start":{"line":54,"column":22},"end":{"line":54,"column":23}},"loc":{"start":{"line":55,"column":12},"end":{"line":57,"column":13}},"line":55},"10":{"name":"(anonymous_10)","decl":{"start":{"line":55,"column":27},"end":{"line":55,"column":28}},"loc":{"start":{"line":56,"column":16},"end":{"line":56,"column":62}},"line":56},"11":{"name":"(anonymous_11)","decl":{"start":{"line":61,"column":15},"end":{"line":61,"column":16}},"loc":{"start":{"line":61,"column":24},"end":{"line":63,"column":9}},"line":61},"12":{"name":"(anonymous_12)","decl":{"start":{"line":83,"column":38},"end":{"line":83,"column":39}},"loc":{"start":{"line":83,"column":45},"end":{"line":88,"column":29}},"line":83},"13":{"name":"(anonymous_13)","decl":{"start":{"line":91,"column":40},"end":{"line":91,"column":41}},"loc":{"start":{"line":91,"column":60},"end":{"line":120,"column":29}},"line":91},"14":{"name":"(anonymous_14)","decl":{"start":{"line":110,"column":64},"end":{"line":110,"column":65}},"loc":{"start":{"line":110,"column":70},"end":{"line":110,"column":88}},"line":110},"15":{"name":"(anonymous_15)","decl":{"start":{"line":114,"column":64},"end":{"line":114,"column":65}},"loc":{"start":{"line":114,"column":70},"end":{"line":114,"column":86}},"line":114}},"branchMap":{"0":{"loc":{"start":{"line":28,"column":8},"end":{"line":28,"column":35}},"type":"if","locations":[{"start":{"line":28,"column":8},"end":{"line":28,"column":35}},{"start":{},"end":{}}],"line":28},"1":{"loc":{"start":{"line":29,"column":22},"end":{"line":29,"column":44}},"type":"binary-expr","locations":[{"start":{"line":29,"column":22},"end":{"line":29,"column":36}},{"start":{"line":29,"column":40},"end":{"line":29,"column":44}}],"line":29},"2":{"loc":{"start":{"line":38,"column":20},"end":{"line":38,"column":65}},"type":"cond-expr","locations":[{"start":{"line":38,"column":39},"end":{"line":38,"column":61}},{"start":{"line":38,"column":64},"end":{"line":38,"column":65}}],"line":38},"3":{"loc":{"start":{"line":41,"column":16},"end":{"line":43,"column":17}},"type":"if","locations":[{"start":{"line":41,"column":16},"end":{"line":43,"column":17}},{"start":{},"end":{}}],"line":41},"4":{"loc":{"start":{"line":56,"column":16},"end":{"line":56,"column":62}},"type":"cond-expr","locations":[{"start":{"line":56,"column":35},"end":{"line":56,"column":58}},{"start":{"line":56,"column":61},"end":{"line":56,"column":62}}],"line":56},"5":{"loc":{"start":{"line":68,"column":13},"end":{"line":124,"column":13}},"type":"binary-expr","locations":[{"start":{"line":68,"column":13},"end":{"line":68,"column":17}},{"start":{"line":69,"column":16},"end":{"line":123,"column":19}}],"line":68},"6":{"loc":{"start":{"line":105,"column":107},"end":{"line":105,"column":130}},"type":"cond-expr","locations":[{"start":{"line":105,"column":122},"end":{"line":105,"column":123}},{"start":{"line":105,"column":126},"end":{"line":105,"column":130}}],"line":105},"7":{"loc":{"start":{"line":109,"column":41},"end":{"line":117,"column":41}},"type":"cond-expr","locations":[{"start":{"line":110,"column":44},"end":{"line":112,"column":56}},{"start":{"line":114,"column":44},"end":{"line":116,"column":56}}],"line":109}},"s":{"0":1,"1":1,"2":1,"3":1,"4":7,"5":7,"6":7,"7":7,"8":7,"9":0,"10":7,"11":2,"12":1,"13":0,"14":0,"15":1,"16":1,"17":1,"18":1,"19":2,"20":1,"21":0,"22":0,"23":1,"24":1,"25":7,"26":1,"27":1,"28":1,"29":12,"30":12,"31":12,"32":2,"33":2},"f":{"0":7,"1":7,"2":2,"3":1,"4":0,"5":0,"6":1,"7":2,"8":1,"9":0,"10":0,"11":1,"12":1,"13":12,"14":2,"15":2},"b":{"0":[0,7],"1":[7,0],"2":[0,0],"3":[1,0],"4":[0,0],"5":[7,7],"6":[7,5],"7":[2,10]},"_coverageSchema":"1a1c01bbd47fc00a2c39e90264f33305004495a9","hash":"035299c1a019cc080124d0b5f594e72aefc8027a"}
,"C:\\Users\\Bobby\\Documents\\Kwesta-mobile\\components\\PostFeed.tsx": {"path":"C:\\Users\\Bobby\\Documents\\Kwesta-mobile\\components\\PostFeed.tsx","statementMap":{"0":{"start":{"line":6,"column":2},"end":{"line":15,"column":4}},"1":{"start":{"line":9,"column":30},"end":{"line":9,"column":55}},"2":{"start":{"line":10,"column":32},"end":{"line":10,"column":123}},"3":{"start":{"line":18,"column":15},"end":{"line":22,"column":2}}},"fnMap":{"0":{"name":"PostFeed","decl":{"start":{"line":4,"column":24},"end":{"line":4,"column":32}},"loc":{"start":{"line":5,"column":170},"end":{"line":16,"column":1}},"line":5},"1":{"name":"(anonymous_1)","decl":{"start":{"line":9,"column":20},"end":{"line":9,"column":21}},"loc":{"start":{"line":9,"column":30},"end":{"line":9,"column":55}},"line":9},"2":{"name":"(anonymous_2)","decl":{"start":{"line":10,"column":18},"end":{"line":10,"column":19}},"loc":{"start":{"line":10,"column":32},"end":{"line":10,"column":123}},"line":10}},"branchMap":{},"s":{"0":4,"1":13,"2":8,"3":1},"f":{"0":4,"1":13,"2":8},"b":{},"_coverageSchema":"1a1c01bbd47fc00a2c39e90264f33305004495a9","hash":"7d1d34d7c1d36022bf136390fa787f0062259c97"}
,"C:\\Users\\Bobby\\Documents\\Kwesta-mobile\\components\\QuestOverlay.tsx": {"path":"C:\\Users\\Bobby\\Documents\\Kwesta-mobile\\components\\QuestOverlay.tsx","statementMap":{"0":{"start":{"line":17,"column":15},"end":{"line":17,"column":34}},"1":{"start":{"line":18,"column":21},"end":{"line":18,"column":51}},"2":{"start":{"line":19,"column":19},"end":{"line":19,"column":37}},"3":{"start":{"line":20,"column":20},"end":{"line":20,"column":22}},"4":{"start":{"line":23,"column":22},"end":{"line":23,"column":46}},"5":{"start":{"line":24,"column":32},"end":{"line":24,"column":43}},"6":{"start":{"line":25,"column":22},"end":{"line":25,"column":31}},"7":{"start":{"line":27,"column":4},"end":{"line":30,"column":25}},"8":{"start":{"line":28,"column":8},"end":{"line":28,"column":35}},"9":{"start":{"line":28,"column":28},"end":{"line":28,"column":35}},"10":{"start":{"line":29,"column":8},"end":{"line":29,"column":46}},"11":{"start":{"line":33,"column":8},"end":{"line":48,"column":15}},"12":{"start":{"line":36,"column":16},"end":{"line":40,"column":18}},"13":{"start":{"line":37,"column":16},"end":{"line":39,"column":17}},"14":{"start":{"line":38,"column":20},"end":{"line":38,"column":65}},"15":{"start":{"line":41,"column":16},"end":{"line":43,"column":17}},"16":{"start":{"line":42,"column":16},"end":{"line":42,"column":40}},"17":{"start":{"line":44,"column":16},"end":{"line":44,"column":52}},"18":{"start":{"line":47,"column":16},"end":{"line":47,"column":63}},"19":{"start":{"line":52,"column":8},"end":{"line":63,"column":11}},"20":{"start":{"line":54,"column":12},"end":{"line":58,"column":14}},"21":{"start":{"line":55,"column":12},"end":{"line":57,"column":13}},"22":{"start":{"line":56,"column":16},"end":{"line":56,"column":62}},"23":{"start":{"line":59,"column":12},"end":{"line":59,"column":50}},"24":{"start":{"line":62,"column":12},"end":{"line":62,"column":59}},"25":{"start":{"line":66,"column":4},"end":{"line":111,"column":6}},"26":{"start":{"line":84,"column":42},"end":{"line":84,"column":71}},"27":{"start":{"line":86,"column":46},"end":{"line":86,"column":88}},"28":{"start":{"line":87,"column":32},"end":{"line":87,"column":49}},"29":{"start":{"line":92,"column":36},"end":{"line":104,"column":43}},"30":{"start":{"line":96,"column":70},"end":{"line":96,"column":88}},"31":{"start":{"line":100,"column":70},"end":{"line":100,"column":86}}},"fnMap":{"0":{"name":"QuestOverlay","decl":{"start":{"line":22,"column":24},"end":{"line":22,"column":36}},"loc":{"start":{"line":22,"column":112},"end":{"line":112,"column":1}},"line":22},"1":{"name":"(anonymous_1)","decl":{"start":{"line":27,"column":14},"end":{"line":27,"column":15}},"loc":{"start":{"line":27,"column":20},"end":{"line":30,"column":5}},"line":27},"2":{"name":"handleJoin","decl":{"start":{"line":32,"column":13},"end":{"line":32,"column":23}},"loc":{"start":{"line":32,"column":38},"end":{"line":49,"column":5}},"line":32},"3":{"name":"(anonymous_3)","decl":{"start":{"line":34,"column":18},"end":{"line":34,"column":19}},"loc":{"start":{"line":34,"column":30},"end":{"line":45,"column":13}},"line":34},"4":{"name":"(anonymous_4)","decl":{"start":{"line":36,"column":26},"end":{"line":36,"column":27}},"loc":{"start":{"line":37,"column":16},"end":{"line":39,"column":17}},"line":37},"5":{"name":"(anonymous_5)","decl":{"start":{"line":37,"column":31},"end":{"line":37,"column":32}},"loc":{"start":{"line":38,"column":20},"end":{"line":38,"column":65}},"line":38},"6":{"name":"(anonymous_6)","decl":{"start":{"line":46,"column":19},"end":{"line":46,"column":20}},"loc":{"start":{"line":46,"column":28},"end":{"line":48,"column":13}},"line":46},"7":{"name":"handleUnjoin","decl":{"start":{"line":51,"column":13},"end":{"line":51,"column":25}},"loc":{"start":{"line":51,"column":41},"end":{"line":64,"column":5}},"line":51},"8":{"name":"(anonymous_8)","decl":{"start":{"line":53,"column":14},"end":{"line":53,"column":15}},"loc":{"start":{"line":53,"column":20},"end":{"line":60,"column":9}},"line":53},"9":{"name":"(anonymous_9)","decl":{"start":{"line":54,"column":22},"end":{"line":54,"column":23}},"loc":{"start":{"line":55,"column":12},"end":{"line":57,"column":13}},"line":55},"10":{"name":"(anonymous_10)","decl":{"start":{"line":55,"column":27},"end":{"line":55,"column":28}},"loc":{"start":{"line":56,"column":16},"end":{"line":56,"column":62}},"line":56},"11":{"name":"(anonymous_11)","decl":{"start":{"line":61,"column":15},"end":{"line":61,"column":16}},"loc":{"start":{"line":61,"column":24},"end":{"line":63,"column":9}},"line":61},"12":{"name":"(anonymous_12)","decl":{"start":{"line":83,"column":38},"end":{"line":83,"column":39}},"loc":{"start":{"line":83,"column":45},"end":{"line":88,"column":29}},"line":83},"13":{"name":"(anonymous_13)","decl":{"start":{"line":91,"column":40},"end":{"line":91,"column":41}},"loc":{"start":{"line":92,"column":36},"end":{"line":104,"column":43}},"line":92},"14":{"name":"(anonymous_14)","decl":{"start":{"line":96,"column":64},"end":{"line":96,"column":65}},"loc":{"start":{"line":96,"column":70},"end":{"line":96,"column":88}},"line":96},"15":{"name":"(anonymous_15)","decl":{"start":{"line":100,"column":64},"end":{"line":100,"column":65}},"loc":{"start":{"line":100,"column":70},"end":{"line":100,"column":86}},"line":100}},"branchMap":{"0":{"loc":{"start":{"line":28,"column":8},"end":{"line":28,"column":35}},"type":"if","locations":[{"start":{"line":28,"column":8},"end":{"line":28,"column":35}},{"start":{},"end":{}}],"line":28},"1":{"loc":{"start":{"line":29,"column":22},"end":{"line":29,"column":44}},"type":"binary-expr","locations":[{"start":{"line":29,"column":22},"end":{"line":29,"column":36}},{"start":{"line":29,"column":40},"end":{"line":29,"column":44}}],"line":29},"2":{"loc":{"start":{"line":38,"column":20},"end":{"line":38,"column":65}},"type":"cond-expr","locations":[{"start":{"line":38,"column":39},"end":{"line":38,"column":61}},{"start":{"line":38,"column":64},"end":{"line":38,"column":65}}],"line":38},"3":{"loc":{"start":{"line":41,"column":16},"end":{"line":43,"column":17}},"type":"if","locations":[{"start":{"line":41,"column":16},"end":{"line":43,"column":17}},{"start":{},"end":{}}],"line":41},"4":{"loc":{"start":{"line":56,"column":16},"end":{"line":56,"column":62}},"type":"cond-expr","locations":[{"start":{"line":56,"column":35},"end":{"line":56,"column":58}},{"start":{"line":56,"column":61},"end":{"line":56,"column":62}}],"line":56},"5":{"loc":{"start":{"line":68,"column":13},"end":{"line":109,"column":13}},"type":"binary-expr","locations":[{"start":{"line":68,"column":13},"end":{"line":68,"column":17}},{"start":{"line":69,"column":16},"end":{"line":108,"column":19}}],"line":68},"6":{"loc":{"start":{"line":92,"column":107},"end":{"line":92,"column":130}},"type":"cond-expr","locations":[{"start":{"line":92,"column":122},"end":{"line":92,"column":123}},{"start":{"line":92,"column":126},"end":{"line":92,"column":130}}],"line":92},"7":{"loc":{"start":{"line":95,"column":41},"end":{"line":103,"column":41}},"type":"cond-expr","locations":[{"start":{"line":96,"column":44},"end":{"line":98,"column":56}},{"start":{"line":100,"column":44},"end":{"line":102,"column":56}}],"line":95}},"s":{"0":1,"1":1,"2":1,"3":1,"4":7,"5":7,"6":7,"7":7,"8":7,"9":0,"10":7,"11":2,"12":1,"13":0,"14":0,"15":1,"16":1,"17":1,"18":1,"19":2,"20":1,"21":0,"22":0,"23":1,"24":1,"25":7,"26":1,"27":1,"28":1,"29":12,"30":2,"31":2},"f":{"0":7,"1":7,"2":2,"3":1,"4":0,"5":0,"6":1,"7":2,"8":1,"9":0,"10":0,"11":1,"12":1,"13":12,"14":2,"15":2},"b":{"0":[0,7],"1":[7,0],"2":[0,0],"3":[1,0],"4":[0,0],"5":[7,7],"6":[7,5],"7":[2,10]},"_coverageSchema":"1a1c01bbd47fc00a2c39e90264f33305004495a9","hash":"f80d96ec268b5e074497fcad4d15e0c2313e234c"}
,"C:\\Users\\Bobby\\Documents\\Kwesta-mobile\\scripts\\addCommentCall.ts": {"path":"C:\\Users\\Bobby\\Documents\\Kwesta-mobile\\scripts\\addCommentCall.ts","statementMap":{"0":{"start":{"line":5,"column":23},"end":{"line":40,"column":1}},"1":{"start":{"line":6,"column":2},"end":{"line":39,"column":3}},"2":{"start":{"line":7,"column":21},"end":{"line":14,"column":6}},"3":{"start":{"line":16,"column":4},"end":{"line":18,"column":5}},"4":{"start":{"line":17,"column":6},"end":{"line":17,"column":51}},"5":{"start":{"line":20,"column":17},"end":{"line":20,"column":38}},"6":{"start":{"line":23,"column":23},"end":{"line":27,"column":5}},"7":{"start":{"line":30,"column":4},"end":{"line":33,"column":5}},"8":{"start":{"line":31,"column":6},"end":{"line":31,"column":49}},"9":{"start":{"line":32,"column":6},"end":{"line":32,"column":38}},"10":{"start":{"line":35,"column":4},"end":{"line":35,"column":22}},"11":{"start":{"line":37,"column":4},"end":{"line":37,"column":56}},"12":{"start":{"line":38,"column":4},"end":{"line":38,"column":16}}},"fnMap":{"0":{"name":"(anonymous_0)","decl":{"start":{"line":5,"column":23},"end":{"line":5,"column":24}},"loc":{"start":{"line":5,"column":73},"end":{"line":40,"column":1}},"line":5}},"branchMap":{"0":{"loc":{"start":{"line":16,"column":4},"end":{"line":18,"column":5}},"type":"if","locations":[{"start":{"line":16,"column":4},"end":{"line":18,"column":5}},{"start":{},"end":{}}],"line":16},"1":{"loc":{"start":{"line":30,"column":4},"end":{"line":33,"column":5}},"type":"if","locations":[{"start":{"line":30,"column":4},"end":{"line":33,"column":5}},{"start":{},"end":{}}],"line":30}},"s":{"0":1,"1":4,"2":4,"3":3,"4":1,"5":2,"6":2,"7":2,"8":1,"9":1,"10":2,"11":2,"12":2},"f":{"0":4},"b":{"0":[1,2],"1":[1,1]},"_coverageSchema":"1a1c01bbd47fc00a2c39e90264f33305004495a9","hash":"8fd6231511bd50ed3b7118534ef7fd96b5c6dadd"}
,"C:\\Users\\Bobby\\Documents\\Kwesta-mobile\\scripts\\addEventCall.ts": {"path":"C:\\Users\\Bobby\\Documents\\Kwesta-mobile\\scripts\\addEventCall.ts","statementMap":{"0":{"start":{"line":3,"column":21},"end":{"line":25,"column":1}},"1":{"start":{"line":4,"column":4},"end":{"line":24,"column":5}},"2":{"start":{"line":5,"column":25},"end":{"line":12,"column":10}},"3":{"start":{"line":14,"column":8},"end":{"line":17,"column":9}},"4":{"start":{"line":15,"column":23},"end":{"line":15,"column":44}},"5":{"start":{"line":16,"column":12},"end":{"line":16,"column":54}},"6":{"start":{"line":19,"column":21},"end":{"line":19,"column":42}},"7":{"start":{"line":20,"column":8},"end":{"line":20,"column":20}},"8":{"start":{"line":22,"column":8},"end":{"line":22,"column":58}},"9":{"start":{"line":23,"column":8},"end":{"line":23,"column":20}}},"fnMap":{"0":{"name":"(anonymous_0)","decl":{"start":{"line":3,"column":21},"end":{"line":3,"column":22}},"loc":{"start":{"line":3,"column":70},"end":{"line":25,"column":1}},"line":3}},"branchMap":{"0":{"loc":{"start":{"line":14,"column":8},"end":{"line":17,"column":9}},"type":"if","locations":[{"start":{"line":14,"column":8},"end":{"line":17,"column":9}},{"start":{},"end":{}}],"line":14}},"s":{"0":1,"1":4,"2":4,"3":3,"4":1,"5":1,"6":2,"7":2,"8":2,"9":2},"f":{"0":4},"b":{"0":[1,2]},"_coverageSchema":"1a1c01bbd47fc00a2c39e90264f33305004495a9","hash":"17295af3981c4b277971067466b2ef09a2a9a39f"}
,"C:\\Users\\Bobby\\Documents\\Kwesta-mobile\\scripts\\addQuestCall.ts": {"path":"C:\\Users\\Bobby\\Documents\\Kwesta-mobile\\scripts\\addQuestCall.ts","statementMap":{"0":{"start":{"line":4,"column":4},"end":{"line":27,"column":3}},"1":{"start":{"line":6,"column":21},"end":{"line":16,"column":5}},"2":{"start":{"line":18,"column":17},"end":{"line":18,"column":38}},"3":{"start":{"line":19,"column":4},"end":{"line":21,"column":5}},"4":{"start":{"line":20,"column":6},"end":{"line":20,"column":51}},"5":{"start":{"line":23,"column":4},"end":{"line":23,"column":16}},"6":{"start":{"line":26,"column":4},"end":{"line":26,"column":47}}},"fnMap":{"0":{"name":"addQuestCall","decl":{"start":{"line":3,"column":15},"end":{"line":3,"column":27}},"loc":{"start":{"line":3,"column":118},"end":{"line":28,"column":1}},"line":3}},"branchMap":{"0":{"loc":{"start":{"line":19,"column":4},"end":{"line":21,"column":5}},"type":"if","locations":[{"start":{"line":19,"column":4},"end":{"line":21,"column":5}},{"start":{},"end":{}}],"line":19}},"s":{"0":4,"1":4,"2":3,"3":3,"4":1,"5":2,"6":2},"f":{"0":4},"b":{"0":[1,2]},"_coverageSchema":"1a1c01bbd47fc00a2c39e90264f33305004495a9","hash":"77df3c7715620fbd88e78b07dc6b8300b2999aad"}
,"C:\\Users\\Bobby\\Documents\\Kwesta-mobile\\scripts\\deleteCommentCall.ts": {"path":"C:\\Users\\Bobby\\Documents\\Kwesta-mobile\\scripts\\deleteCommentCall.ts","statementMap":{"0":{"start":{"line":3,"column":4},"end":{"line":8,"column":7}}},"fnMap":{"0":{"name":"deleteCommentCall","decl":{"start":{"line":2,"column":30},"end":{"line":2,"column":47}},"loc":{"start":{"line":2,"column":75},"end":{"line":9,"column":1}},"line":2}},"branchMap":{},"s":{"0":3},"f":{"0":3},"b":{},"_coverageSchema":"1a1c01bbd47fc00a2c39e90264f33305004495a9","hash":"4a3b12ba7d03e345206e75d1eab0389c490c8141"}
,"C:\\Users\\Bobby\\Documents\\Kwesta-mobile\\scripts\\deleteEventCall.ts": {"path":"C:\\Users\\Bobby\\Documents\\Kwesta-mobile\\scripts\\deleteEventCall.ts","statementMap":{"0":{"start":{"line":3,"column":4},"end":{"line":8,"column":7}}},"fnMap":{"0":{"name":"deleteEventCall","decl":{"start":{"line":2,"column":30},"end":{"line":2,"column":45}},"loc":{"start":{"line":2,"column":73},"end":{"line":9,"column":1}},"line":2}},"branchMap":{},"s":{"0":3},"f":{"0":3},"b":{},"_coverageSchema":"1a1c01bbd47fc00a2c39e90264f33305004495a9","hash":"bb26b5f289754ebc83d4321f667e68fa29e0bd74"}
,"C:\\Users\\Bobby\\Documents\\Kwesta-mobile\\scripts\\deleteQuestCall.ts": {"path":"C:\\Users\\Bobby\\Documents\\Kwesta-mobile\\scripts\\deleteQuestCall.ts","statementMap":{"0":{"start":{"line":3,"column":4},"end":{"line":8,"column":7}}},"fnMap":{"0":{"name":"deleteQuestCall","decl":{"start":{"line":2,"column":30},"end":{"line":2,"column":45}},"loc":{"start":{"line":2,"column":73},"end":{"line":9,"column":1}},"line":2}},"branchMap":{},"s":{"0":3},"f":{"0":3},"b":{},"_coverageSchema":"1a1c01bbd47fc00a2c39e90264f33305004495a9","hash":"46d3d47b074dbfc96195df67bf486369b40561cd"}
,"C:\\Users\\Bobby\\Documents\\Kwesta-mobile\\scripts\\flagComment.ts": {"path":"C:\\Users\\Bobby\\Documents\\Kwesta-mobile\\scripts\\flagComment.ts","statementMap":{"0":{"start":{"line":4,"column":2},"end":{"line":21,"column":3}},"1":{"start":{"line":5,"column":21},"end":{"line":11,"column":6}},"2":{"start":{"line":13,"column":17},"end":{"line":13,"column":38}},"3":{"start":{"line":14,"column":4},"end":{"line":16,"column":5}},"4":{"start":{"line":15,"column":6},"end":{"line":15,"column":51}},"5":{"start":{"line":18,"column":4},"end":{"line":18,"column":16}},"6":{"start":{"line":20,"column":4},"end":{"line":20,"column":47}}},"fnMap":{"0":{"name":"flagComment","decl":{"start":{"line":3,"column":15},"end":{"line":3,"column":26}},"loc":{"start":{"line":3,"column":61},"end":{"line":22,"column":1}},"line":3}},"branchMap":{"0":{"loc":{"start":{"line":14,"column":4},"end":{"line":16,"column":5}},"type":"if","locations":[{"start":{"line":14,"column":4},"end":{"line":16,"column":5}},{"start":{},"end":{}}],"line":14}},"s":{"0":4,"1":4,"2":3,"3":3,"4":1,"5":2,"6":2},"f":{"0":4},"b":{"0":[1,2]},"_coverageSchema":"1a1c01bbd47fc00a2c39e90264f33305004495a9","hash":"ca7e20e66022aae83f85115d7c90ef3cf2ccf785"}
,"C:\\Users\\Bobby\\Documents\\Kwesta-mobile\\scripts\\getCommentsByAreaCall.ts": {"path":"C:\\Users\\Bobby\\Documents\\Kwesta-mobile\\scripts\\getCommentsByAreaCall.ts","statementMap":{"0":{"start":{"line":3,"column":30},"end":{"line":40,"column":1}},"1":{"start":{"line":4,"column":2},"end":{"line":39,"column":3}},"2":{"start":{"line":5,"column":21},"end":{"line":14,"column":5}},"3":{"start":{"line":16,"column":4},"end":{"line":18,"column":5}},"4":{"start":{"line":17,"column":6},"end":{"line":17,"column":50}},"5":{"start":{"line":20,"column":17},"end":{"line":20,"column":38}},"6":{"start":{"line":22,"column":26},"end":{"line":22,"column":45}},"7":{"start":{"line":24,"column":4},"end":{"line":35,"column":8}},"8":{"start":{"line":24,"column":42},"end":{"line":35,"column":5}},"9":{"start":{"line":37,"column":4},"end":{"line":37,"column":51}},"10":{"start":{"line":38,"column":4},"end":{"line":38,"column":14}}},"fnMap":{"0":{"name":"(anonymous_0)","decl":{"start":{"line":3,"column":30},"end":{"line":3,"column":31}},"loc":{"start":{"line":3,"column":104},"end":{"line":40,"column":1}},"line":3},"1":{"name":"(anonymous_1)","decl":{"start":{"line":24,"column":29},"end":{"line":24,"column":30}},"loc":{"start":{"line":24,"column":42},"end":{"line":35,"column":5}},"line":24}},"branchMap":{"0":{"loc":{"start":{"line":16,"column":4},"end":{"line":18,"column":5}},"type":"if","locations":[{"start":{"line":16,"column":4},"end":{"line":18,"column":5}},{"start":{},"end":{}}],"line":16},"1":{"loc":{"start":{"line":22,"column":26},"end":{"line":22,"column":45}},"type":"binary-expr","locations":[{"start":{"line":22,"column":26},"end":{"line":22,"column":39}},{"start":{"line":22,"column":43},"end":{"line":22,"column":45}}],"line":22},"2":{"loc":{"start":{"line":31,"column":13},"end":{"line":31,"column":25}},"type":"binary-expr","locations":[{"start":{"line":31,"column":13},"end":{"line":31,"column":20}},{"start":{"line":31,"column":24},"end":{"line":31,"column":25}}],"line":31},"3":{"loc":{"start":{"line":33,"column":19},"end":{"line":33,"column":41}},"type":"binary-expr","locations":[{"start":{"line":33,"column":19},"end":{"line":33,"column":32}},{"start":{"line":33,"column":36},"end":{"line":33,"column":41}}],"line":33},"4":{"loc":{"start":{"line":34,"column":21},"end":{"line":34,"column":45}},"type":"binary-expr","locations":[{"start":{"line":34,"column":21},"end":{"line":34,"column":36}},{"start":{"line":34,"column":40},"end":{"line":34,"column":45}}],"line":34}},"s":{"0":1,"1":5,"2":5,"3":4,"4":1,"5":3,"6":3,"7":3,"8":1,"9":2,"10":2},"f":{"0":5,"1":1},"b":{"0":[1,3],"1":[3,1],"2":[1,0],"3":[1,0],"4":[1,1]},"_coverageSchema":"1a1c01bbd47fc00a2c39e90264f33305004495a9","hash":"1a3be47c2333b8516064140da0f4db435d2a7b60"}
,"C:\\Users\\Bobby\\Documents\\Kwesta-mobile\\scripts\\getCommentsCall.ts": {"path":"C:\\Users\\Bobby\\Documents\\Kwesta-mobile\\scripts\\getCommentsCall.ts","statementMap":{"0":{"start":{"line":3,"column":24},"end":{"line":40,"column":1}},"1":{"start":{"line":4,"column":2},"end":{"line":39,"column":3}},"2":{"start":{"line":5,"column":21},"end":{"line":14,"column":5}},"3":{"start":{"line":16,"column":4},"end":{"line":18,"column":5}},"4":{"start":{"line":17,"column":6},"end":{"line":17,"column":50}},"5":{"start":{"line":20,"column":17},"end":{"line":20,"column":38}},"6":{"start":{"line":22,"column":26},"end":{"line":22,"column":45}},"7":{"start":{"line":24,"column":4},"end":{"line":35,"column":8}},"8":{"start":{"line":24,"column":42},"end":{"line":35,"column":5}},"9":{"start":{"line":37,"column":4},"end":{"line":37,"column":51}},"10":{"start":{"line":38,"column":4},"end":{"line":38,"column":14}}},"fnMap":{"0":{"name":"(anonymous_0)","decl":{"start":{"line":3,"column":24},"end":{"line":3,"column":25}},"loc":{"start":{"line":3,"column":56},"end":{"line":40,"column":1}},"line":3},"1":{"name":"(anonymous_1)","decl":{"start":{"line":24,"column":29},"end":{"line":24,"column":30}},"loc":{"start":{"line":24,"column":42},"end":{"line":35,"column":5}},"line":24}},"branchMap":{"0":{"loc":{"start":{"line":16,"column":4},"end":{"line":18,"column":5}},"type":"if","locations":[{"start":{"line":16,"column":4},"end":{"line":18,"column":5}},{"start":{},"end":{}}],"line":16},"1":{"loc":{"start":{"line":22,"column":26},"end":{"line":22,"column":45}},"type":"binary-expr","locations":[{"start":{"line":22,"column":26},"end":{"line":22,"column":39}},{"start":{"line":22,"column":43},"end":{"line":22,"column":45}}],"line":22},"2":{"loc":{"start":{"line":31,"column":13},"end":{"line":31,"column":25}},"type":"binary-expr","locations":[{"start":{"line":31,"column":13},"end":{"line":31,"column":20}},{"start":{"line":31,"column":24},"end":{"line":31,"column":25}}],"line":31},"3":{"loc":{"start":{"line":33,"column":19},"end":{"line":33,"column":41}},"type":"binary-expr","locations":[{"start":{"line":33,"column":19},"end":{"line":33,"column":32}},{"start":{"line":33,"column":36},"end":{"line":33,"column":41}}],"line":33},"4":{"loc":{"start":{"line":34,"column":21},"end":{"line":34,"column":45}},"type":"binary-expr","locations":[{"start":{"line":34,"column":21},"end":{"line":34,"column":36}},{"start":{"line":34,"column":40},"end":{"line":34,"column":45}}],"line":34}},"s":{"0":1,"1":5,"2":5,"3":4,"4":1,"5":3,"6":3,"7":3,"8":1,"9":2,"10":2},"f":{"0":5,"1":1},"b":{"0":[1,3],"1":[3,1],"2":[1,0],"3":[1,0],"4":[1,1]},"_coverageSchema":"1a1c01bbd47fc00a2c39e90264f33305004495a9","hash":"56ad982d8161af4de777d9b44c110f627a2f3b68"}
,"C:\\Users\\Bobby\\Documents\\Kwesta-mobile\\scripts\\getEventsByAreaCall.ts": {"path":"C:\\Users\\Bobby\\Documents\\Kwesta-mobile\\scripts\\getEventsByAreaCall.ts","statementMap":{"0":{"start":{"line":3,"column":28},"end":{"line":40,"column":1}},"1":{"start":{"line":4,"column":2},"end":{"line":39,"column":3}},"2":{"start":{"line":5,"column":21},"end":{"line":14,"column":5}},"3":{"start":{"line":16,"column":4},"end":{"line":18,"column":5}},"4":{"start":{"line":17,"column":6},"end":{"line":17,"column":48}},"5":{"start":{"line":20,"column":17},"end":{"line":20,"column":38}},"6":{"start":{"line":22,"column":24},"end":{"line":22,"column":41}},"7":{"start":{"line":24,"column":4},"end":{"line":35,"column":8}},"8":{"start":{"line":24,"column":40},"end":{"line":35,"column":5}},"9":{"start":{"line":37,"column":4},"end":{"line":37,"column":49}},"10":{"start":{"line":38,"column":4},"end":{"line":38,"column":14}}},"fnMap":{"0":{"name":"(anonymous_0)","decl":{"start":{"line":3,"column":28},"end":{"line":3,"column":29}},"loc":{"start":{"line":3,"column":102},"end":{"line":40,"column":1}},"line":3},"1":{"name":"(anonymous_1)","decl":{"start":{"line":24,"column":27},"end":{"line":24,"column":28}},"loc":{"start":{"line":24,"column":40},"end":{"line":35,"column":5}},"line":24}},"branchMap":{"0":{"loc":{"start":{"line":16,"column":4},"end":{"line":18,"column":5}},"type":"if","locations":[{"start":{"line":16,"column":4},"end":{"line":18,"column":5}},{"start":{},"end":{}}],"line":16},"1":{"loc":{"start":{"line":22,"column":24},"end":{"line":22,"column":41}},"type":"binary-expr","locations":[{"start":{"line":22,"column":24},"end":{"line":22,"column":35}},{"start":{"line":22,"column":39},"end":{"line":22,"column":41}}],"line":22},"2":{"loc":{"start":{"line":32,"column":16},"end":{"line":32,"column":33}},"type":"binary-expr","locations":[{"start":{"line":32,"column":16},"end":{"line":32,"column":24}},{"start":{"line":32,"column":28},"end":{"line":32,"column":33}}],"line":32}},"s":{"0":1,"1":5,"2":5,"3":4,"4":1,"5":3,"6":3,"7":3,"8":1,"9":2,"10":2},"f":{"0":5,"1":1},"b":{"0":[1,3],"1":[3,1],"2":[1,0]},"_coverageSchema":"1a1c01bbd47fc00a2c39e90264f33305004495a9","hash":"53b218b82357082172d5bb47f1112dcfe07ad66e"}
,"C:\\Users\\Bobby\\Documents\\Kwesta-mobile\\scripts\\getEventsCall.ts": {"path":"C:\\Users\\Bobby\\Documents\\Kwesta-mobile\\scripts\\getEventsCall.ts","statementMap":{"0":{"start":{"line":3,"column":22},"end":{"line":42,"column":1}},"1":{"start":{"line":4,"column":4},"end":{"line":41,"column":5}},"2":{"start":{"line":5,"column":25},"end":{"line":14,"column":9}},"3":{"start":{"line":16,"column":8},"end":{"line":20,"column":9}},"4":{"start":{"line":17,"column":25},"end":{"line":17,"column":46}},"5":{"start":{"line":18,"column":12},"end":{"line":18,"column":53}},"6":{"start":{"line":19,"column":12},"end":{"line":19,"column":54}},"7":{"start":{"line":22,"column":21},"end":{"line":22,"column":42}},"8":{"start":{"line":24,"column":28},"end":{"line":24,"column":45}},"9":{"start":{"line":26,"column":8},"end":{"line":37,"column":12}},"10":{"start":{"line":26,"column":44},"end":{"line":37,"column":9}},"11":{"start":{"line":39,"column":8},"end":{"line":39,"column":53}},"12":{"start":{"line":40,"column":8},"end":{"line":40,"column":18}}},"fnMap":{"0":{"name":"(anonymous_0)","decl":{"start":{"line":3,"column":22},"end":{"line":3,"column":23}},"loc":{"start":{"line":3,"column":54},"end":{"line":42,"column":1}},"line":3},"1":{"name":"(anonymous_1)","decl":{"start":{"line":26,"column":31},"end":{"line":26,"column":32}},"loc":{"start":{"line":26,"column":44},"end":{"line":37,"column":9}},"line":26}},"branchMap":{"0":{"loc":{"start":{"line":16,"column":8},"end":{"line":20,"column":9}},"type":"if","locations":[{"start":{"line":16,"column":8},"end":{"line":20,"column":9}},{"start":{},"end":{}}],"line":16},"1":{"loc":{"start":{"line":24,"column":28},"end":{"line":24,"column":45}},"type":"binary-expr","locations":[{"start":{"line":24,"column":28},"end":{"line":24,"column":39}},{"start":{"line":24,"column":43},"end":{"line":24,"column":45}}],"line":24},"2":{"loc":{"start":{"line":34,"column":20},"end":{"line":34,"column":37}},"type":"binary-expr","locations":[{"start":{"line":34,"column":20},"end":{"line":34,"column":28}},{"start":{"line":34,"column":32},"end":{"line":34,"column":37}}],"line":34}},"s":{"0":1,"1":5,"2":5,"3":4,"4":1,"5":1,"6":1,"7":3,"8":3,"9":3,"10":1,"11":2,"12":2},"f":{"0":5,"1":1},"b":{"0":[1,3],"1":[3,1],"2":[1,0]},"_coverageSchema":"1a1c01bbd47fc00a2c39e90264f33305004495a9","hash":"d5454dc0c631fe600ce695575fec0e630dd80106"}
,"C:\\Users\\Bobby\\Documents\\Kwesta-mobile\\scripts\\getJoinedPostsCall.ts": {"path":"C:\\Users\\Bobby\\Documents\\Kwesta-mobile\\scripts\\getJoinedPostsCall.ts","statementMap":{"0":{"start":{"line":3,"column":27},"end":{"line":55,"column":1}},"1":{"start":{"line":4,"column":4},"end":{"line":54,"column":5}},"2":{"start":{"line":5,"column":25},"end":{"line":11,"column":10}},"3":{"start":{"line":13,"column":8},"end":{"line":15,"column":9}},"4":{"start":{"line":14,"column":12},"end":{"line":14,"column":60}},"5":{"start":{"line":17,"column":21},"end":{"line":17,"column":42}},"6":{"start":{"line":19,"column":27},"end":{"line":19,"column":72}},"7":{"start":{"line":20,"column":27},"end":{"line":20,"column":72}},"8":{"start":{"line":22,"column":23},"end":{"line":33,"column":11}},"9":{"start":{"line":22,"column":51},"end":{"line":33,"column":9}},"10":{"start":{"line":35,"column":23},"end":{"line":46,"column":11}},"11":{"start":{"line":35,"column":51},"end":{"line":46,"column":9}},"12":{"start":{"line":48,"column":8},"end":{"line":50,"column":10}},"13":{"start":{"line":49,"column":22},"end":{"line":49,"column":77}},"14":{"start":{"line":52,"column":8},"end":{"line":52,"column":59}},"15":{"start":{"line":53,"column":8},"end":{"line":53,"column":18}}},"fnMap":{"0":{"name":"(anonymous_0)","decl":{"start":{"line":3,"column":27},"end":{"line":3,"column":28}},"loc":{"start":{"line":3,"column":59},"end":{"line":55,"column":1}},"line":3},"1":{"name":"(anonymous_1)","decl":{"start":{"line":22,"column":38},"end":{"line":22,"column":39}},"loc":{"start":{"line":22,"column":51},"end":{"line":33,"column":9}},"line":22},"2":{"name":"(anonymous_2)","decl":{"start":{"line":35,"column":38},"end":{"line":35,"column":39}},"loc":{"start":{"line":35,"column":51},"end":{"line":46,"column":9}},"line":35},"3":{"name":"(anonymous_3)","decl":{"start":{"line":49,"column":12},"end":{"line":49,"column":13}},"loc":{"start":{"line":49,"column":22},"end":{"line":49,"column":77}},"line":49}},"branchMap":{"0":{"loc":{"start":{"line":13,"column":8},"end":{"line":15,"column":9}},"type":"if","locations":[{"start":{"line":13,"column":8},"end":{"line":15,"column":9}},{"start":{},"end":{}}],"line":13},"1":{"loc":{"start":{"line":19,"column":27},"end":{"line":19,"column":72}},"type":"cond-expr","locations":[{"start":{"line":19,"column":56},"end":{"line":19,"column":67}},{"start":{"line":19,"column":70},"end":{"line":19,"column":72}}],"line":19},"2":{"loc":{"start":{"line":20,"column":27},"end":{"line":20,"column":72}},"type":"cond-expr","locations":[{"start":{"line":20,"column":56},"end":{"line":20,"column":67}},{"start":{"line":20,"column":70},"end":{"line":20,"column":72}}],"line":20},"3":{"loc":{"start":{"line":32,"column":20},"end":{"line":32,"column":36}},"type":"binary-expr","locations":[{"start":{"line":32,"column":20},"end":{"line":32,"column":28}},{"start":{"line":32,"column":32},"end":{"line":32,"column":36}}],"line":32},"4":{"loc":{"start":{"line":45,"column":20},"end":{"line":45,"column":36}},"type":"binary-expr","locations":[{"start":{"line":45,"column":20},"end":{"line":45,"column":28}},{"start":{"line":45,"column":32},"end":{"line":45,"column":36}}],"line":45}},"s":{"0":1,"1":5,"2":5,"3":4,"4":1,"5":3,"6":3,"7":3,"8":3,"9":1,"10":3,"11":1,"12":3,"13":1,"14":2,"15":2},"f":{"0":5,"1":1,"2":1,"3":1},"b":{"0":[1,3],"1":[2,1],"2":[2,1],"3":[1,0],"4":[1,1]},"_coverageSchema":"1a1c01bbd47fc00a2c39e90264f33305004495a9","hash":"15487d42fb41a02972499ed5bccd5f8cf17af217"}
,"C:\\Users\\Bobby\\Documents\\Kwesta-mobile\\scripts\\getMyPostsCall.ts": {"path":"C:\\Users\\Bobby\\Documents\\Kwesta-mobile\\scripts\\getMyPostsCall.ts","statementMap":{"0":{"start":{"line":3,"column":23},"end":{"line":64,"column":1}},"1":{"start":{"line":4,"column":4},"end":{"line":63,"column":5}},"2":{"start":{"line":5,"column":25},"end":{"line":11,"column":10}},"3":{"start":{"line":13,"column":8},"end":{"line":15,"column":9}},"4":{"start":{"line":14,"column":12},"end":{"line":14,"column":56}},"5":{"start":{"line":17,"column":21},"end":{"line":17,"column":42}},"6":{"start":{"line":19,"column":29},"end":{"line":19,"column":78}},"7":{"start":{"line":20,"column":27},"end":{"line":20,"column":72}},"8":{"start":{"line":21,"column":27},"end":{"line":21,"column":72}},"9":{"start":{"line":23,"column":25},"end":{"line":33,"column":11}},"10":{"start":{"line":23,"column":55},"end":{"line":33,"column":9}},"11":{"start":{"line":35,"column":23},"end":{"line":45,"column":11}},"12":{"start":{"line":35,"column":51},"end":{"line":45,"column":9}},"13":{"start":{"line":47,"column":23},"end":{"line":57,"column":11}},"14":{"start":{"line":47,"column":51},"end":{"line":57,"column":9}},"15":{"start":{"line":59,"column":8},"end":{"line":59,"column":51}},"16":{"start":{"line":61,"column":8},"end":{"line":61,"column":55}},"17":{"start":{"line":62,"column":8},"end":{"line":62,"column":18}}},"fnMap":{"0":{"name":"(anonymous_0)","decl":{"start":{"line":3,"column":23},"end":{"line":3,"column":24}},"loc":{"start":{"line":3,"column":55},"end":{"line":64,"column":1}},"line":3},"1":{"name":"(anonymous_1)","decl":{"start":{"line":23,"column":42},"end":{"line":23,"column":43}},"loc":{"start":{"line":23,"column":55},"end":{"line":33,"column":9}},"line":23},"2":{"name":"(anonymous_2)","decl":{"start":{"line":35,"column":38},"end":{"line":35,"column":39}},"loc":{"start":{"line":35,"column":51},"end":{"line":45,"column":9}},"line":35},"3":{"name":"(anonymous_3)","decl":{"start":{"line":47,"column":38},"end":{"line":47,"column":39}},"loc":{"start":{"line":47,"column":51},"end":{"line":57,"column":9}},"line":47}},"branchMap":{"0":{"loc":{"start":{"line":13,"column":8},"end":{"line":15,"column":9}},"type":"if","locations":[{"start":{"line":13,"column":8},"end":{"line":15,"column":9}},{"start":{},"end":{}}],"line":13},"1":{"loc":{"start":{"line":19,"column":29},"end":{"line":19,"column":78}},"type":"cond-expr","locations":[{"start":{"line":19,"column":60},"end":{"line":19,"column":73}},{"start":{"line":19,"column":76},"end":{"line":19,"column":78}}],"line":19},"2":{"loc":{"start":{"line":20,"column":27},"end":{"line":20,"column":72}},"type":"cond-expr","locations":[{"start":{"line":20,"column":56},"end":{"line":20,"column":67}},{"start":{"line":20,"column":70},"end":{"line":20,"column":72}}],"line":20},"3":{"loc":{"start":{"line":21,"column":27},"end":{"line":21,"column":72}},"type":"cond-expr","locations":[{"start":{"line":21,"column":56},"end":{"line":21,"column":67}},{"start":{"line":21,"column":70},"end":{"line":21,"column":72}}],"line":21}},"s":{"0":1,"1":5,"2":5,"3":4,"4":1,"5":3,"6":3,"7":3,"8":3,"9":3,"10":1,"11":3,"12":1,"13":3,"14":1,"15":3,"16":2,"17":2},"f":{"0":5,"1":1,"2":1,"3":1},"b":{"0":[1,3],"1":[2,1],"2":[2,1],"3":[2,1]},"_coverageSchema":"1a1c01bbd47fc00a2c39e90264f33305004495a9","hash":"91ebcb2e9ed8b65a49f01186f982ab0fb965b82e"}
,"C:\\Users\\Bobby\\Documents\\Kwesta-mobile\\scripts\\getQuestsByAreaCall.ts": {"path":"C:\\Users\\Bobby\\Documents\\Kwesta-mobile\\scripts\\getQuestsByAreaCall.ts","statementMap":{"0":{"start":{"line":3,"column":28},"end":{"line":40,"column":1}},"1":{"start":{"line":4,"column":2},"end":{"line":39,"column":3}},"2":{"start":{"line":5,"column":21},"end":{"line":14,"column":5}},"3":{"start":{"line":16,"column":4},"end":{"line":18,"column":5}},"4":{"start":{"line":17,"column":6},"end":{"line":17,"column":48}},"5":{"start":{"line":20,"column":17},"end":{"line":20,"column":38}},"6":{"start":{"line":22,"column":24},"end":{"line":22,"column":41}},"7":{"start":{"line":24,"column":4},"end":{"line":35,"column":8}},"8":{"start":{"line":24,"column":40},"end":{"line":35,"column":5}},"9":{"start":{"line":37,"column":4},"end":{"line":37,"column":49}},"10":{"start":{"line":38,"column":4},"end":{"line":38,"column":14}}},"fnMap":{"0":{"name":"(anonymous_0)","decl":{"start":{"line":3,"column":28},"end":{"line":3,"column":29}},"loc":{"start":{"line":3,"column":102},"end":{"line":40,"column":1}},"line":3},"1":{"name":"(anonymous_1)","decl":{"start":{"line":24,"column":27},"end":{"line":24,"column":28}},"loc":{"start":{"line":24,"column":40},"end":{"line":35,"column":5}},"line":24}},"branchMap":{"0":{"loc":{"start":{"line":16,"column":4},"end":{"line":18,"column":5}},"type":"if","locations":[{"start":{"line":16,"column":4},"end":{"line":18,"column":5}},{"start":{},"end":{}}],"line":16},"1":{"loc":{"start":{"line":22,"column":24},"end":{"line":22,"column":41}},"type":"binary-expr","locations":[{"start":{"line":22,"column":24},"end":{"line":22,"column":35}},{"start":{"line":22,"column":39},"end":{"line":22,"column":41}}],"line":22},"2":{"loc":{"start":{"line":34,"column":16},"end":{"line":34,"column":33}},"type":"binary-expr","locations":[{"start":{"line":34,"column":16},"end":{"line":34,"column":24}},{"start":{"line":34,"column":28},"end":{"line":34,"column":33}}],"line":34}},"s":{"0":1,"1":5,"2":5,"3":4,"4":1,"5":3,"6":3,"7":3,"8":1,"9":2,"10":2},"f":{"0":5,"1":1},"b":{"0":[1,3],"1":[3,1],"2":[1,0]},"_coverageSchema":"1a1c01bbd47fc00a2c39e90264f33305004495a9","hash":"f83322f44293b13ec26ab63e2397002940762a5c"}
,"C:\\Users\\Bobby\\Documents\\Kwesta-mobile\\scripts\\getQuestsCall.ts": {"path":"C:\\Users\\Bobby\\Documents\\Kwesta-mobile\\scripts\\getQuestsCall.ts","statementMap":{"0":{"start":{"line":3,"column":22},"end":{"line":39,"column":1}},"1":{"start":{"line":4,"column":2},"end":{"line":38,"column":3}},"2":{"start":{"line":5,"column":21},"end":{"line":14,"column":5}},"3":{"start":{"line":15,"column":4},"end":{"line":17,"column":5}},"4":{"start":{"line":16,"column":6},"end":{"line":16,"column":48}},"5":{"start":{"line":19,"column":17},"end":{"line":19,"column":38}},"6":{"start":{"line":21,"column":24},"end":{"line":21,"column":41}},"7":{"start":{"line":23,"column":4},"end":{"line":34,"column":8}},"8":{"start":{"line":23,"column":40},"end":{"line":34,"column":5}},"9":{"start":{"line":36,"column":4},"end":{"line":36,"column":49}},"10":{"start":{"line":37,"column":4},"end":{"line":37,"column":14}}},"fnMap":{"0":{"name":"(anonymous_0)","decl":{"start":{"line":3,"column":22},"end":{"line":3,"column":23}},"loc":{"start":{"line":3,"column":54},"end":{"line":39,"column":1}},"line":3},"1":{"name":"(anonymous_1)","decl":{"start":{"line":23,"column":27},"end":{"line":23,"column":28}},"loc":{"start":{"line":23,"column":40},"end":{"line":34,"column":5}},"line":23}},"branchMap":{"0":{"loc":{"start":{"line":15,"column":4},"end":{"line":17,"column":5}},"type":"if","locations":[{"start":{"line":15,"column":4},"end":{"line":17,"column":5}},{"start":{},"end":{}}],"line":15},"1":{"loc":{"start":{"line":21,"column":24},"end":{"line":21,"column":41}},"type":"binary-expr","locations":[{"start":{"line":21,"column":24},"end":{"line":21,"column":35}},{"start":{"line":21,"column":39},"end":{"line":21,"column":41}}],"line":21},"2":{"loc":{"start":{"line":33,"column":14},"end":{"line":33,"column":31}},"type":"binary-expr","locations":[{"start":{"line":33,"column":14},"end":{"line":33,"column":22}},{"start":{"line":33,"column":26},"end":{"line":33,"column":31}}],"line":33}},"s":{"0":1,"1":5,"2":5,"3":4,"4":1,"5":3,"6":3,"7":3,"8":1,"9":2,"10":2},"f":{"0":5,"1":1},"b":{"0":[1,3],"1":[3,1],"2":[1,0]},"_coverageSchema":"1a1c01bbd47fc00a2c39e90264f33305004495a9","hash":"129aac21e08c9f14d52ad857841bbeefa839d6ca"}
,"C:\\Users\\Bobby\\Documents\\Kwesta-mobile\\scripts\\joinEvent.ts": {"path":"C:\\Users\\Bobby\\Documents\\Kwesta-mobile\\scripts\\joinEvent.ts","statementMap":{"0":{"start":{"line":4,"column":4},"end":{"line":26,"column":3}},"1":{"start":{"line":6,"column":21},"end":{"line":15,"column":5}},"2":{"start":{"line":17,"column":17},"end":{"line":17,"column":38}},"3":{"start":{"line":18,"column":4},"end":{"line":20,"column":5}},"4":{"start":{"line":19,"column":6},"end":{"line":19,"column":51}},"5":{"start":{"line":22,"column":4},"end":{"line":22,"column":16}},"6":{"start":{"line":25,"column":4},"end":{"line":25,"column":47}}},"fnMap":{"0":{"name":"joinEvent","decl":{"start":{"line":3,"column":15},"end":{"line":3,"column":24}},"loc":{"start":{"line":3,"column":59},"end":{"line":27,"column":1}},"line":3}},"branchMap":{"0":{"loc":{"start":{"line":18,"column":4},"end":{"line":20,"column":5}},"type":"if","locations":[{"start":{"line":18,"column":4},"end":{"line":20,"column":5}},{"start":{},"end":{}}],"line":18}},"s":{"0":4,"1":4,"2":3,"3":3,"4":1,"5":2,"6":2},"f":{"0":4},"b":{"0":[1,2]},"_coverageSchema":"1a1c01bbd47fc00a2c39e90264f33305004495a9","hash":"4d69e321034a7d41bb6c9e3074fd10b956564a15"}
,"C:\\Users\\Bobby\\Documents\\Kwesta-mobile\\scripts\\joinQuest.ts": {"path":"C:\\Users\\Bobby\\Documents\\Kwesta-mobile\\scripts\\joinQuest.ts","statementMap":{"0":{"start":{"line":4,"column":4},"end":{"line":26,"column":3}},"1":{"start":{"line":6,"column":21},"end":{"line":15,"column":5}},"2":{"start":{"line":17,"column":17},"end":{"line":17,"column":38}},"3":{"start":{"line":18,"column":4},"end":{"line":20,"column":5}},"4":{"start":{"line":19,"column":6},"end":{"line":19,"column":51}},"5":{"start":{"line":22,"column":4},"end":{"line":22,"column":16}},"6":{"start":{"line":25,"column":4},"end":{"line":25,"column":47}}},"fnMap":{"0":{"name":"joinQuest","decl":{"start":{"line":3,"column":15},"end":{"line":3,"column":24}},"loc":{"start":{"line":3,"column":59},"end":{"line":27,"column":1}},"line":3}},"branchMap":{"0":{"loc":{"start":{"line":18,"column":4},"end":{"line":20,"column":5}},"type":"if","locations":[{"start":{"line":18,"column":4},"end":{"line":20,"column":5}},{"start":{},"end":{}}],"line":18}},"s":{"0":4,"1":4,"2":3,"3":3,"4":1,"5":2,"6":2},"f":{"0":4},"b":{"0":[1,2]},"_coverageSchema":"1a1c01bbd47fc00a2c39e90264f33305004495a9","hash":"691927d415758e2e1108bb77241e6a18f938da9e"}
,"C:\\Users\\Bobby\\Documents\\Kwesta-mobile\\scripts\\likeComment.ts": {"path":"C:\\Users\\Bobby\\Documents\\Kwesta-mobile\\scripts\\likeComment.ts","statementMap":{"0":{"start":{"line":4,"column":20},"end":{"line":28,"column":1}},"1":{"start":{"line":5,"column":2},"end":{"line":27,"column":3}},"2":{"start":{"line":6,"column":21},"end":{"line":15,"column":5}},"3":{"start":{"line":17,"column":17},"end":{"line":17,"column":38}},"4":{"start":{"line":18,"column":4},"end":{"line":22,"column":5}},"5":{"start":{"line":19,"column":6},"end":{"line":21,"column":8}},"6":{"start":{"line":24,"column":4},"end":{"line":24,"column":24}},"7":{"start":{"line":26,"column":4},"end":{"line":26,"column":47}}},"fnMap":{"0":{"name":"(anonymous_0)","decl":{"start":{"line":4,"column":20},"end":{"line":4,"column":21}},"loc":{"start":{"line":4,"column":68},"end":{"line":28,"column":1}},"line":4}},"branchMap":{"0":{"loc":{"start":{"line":18,"column":4},"end":{"line":22,"column":5}},"type":"if","locations":[{"start":{"line":18,"column":4},"end":{"line":22,"column":5}},{"start":{},"end":{}}],"line":18},"1":{"loc":{"start":{"line":20,"column":8},"end":{"line":20,"column":51}},"type":"binary-expr","locations":[{"start":{"line":20,"column":8},"end":{"line":20,"column":20}},{"start":{"line":20,"column":24},"end":{"line":20,"column":51}}],"line":20}},"s":{"0":1,"1":5,"2":5,"3":4,"4":4,"5":2,"6":2,"7":3},"f":{"0":5},"b":{"0":[2,2],"1":[2,1]},"_coverageSchema":"1a1c01bbd47fc00a2c39e90264f33305004495a9","hash":"7fa683409b316fbabbf9093c62b51c6fbe59b86a"}
,"C:\\Users\\Bobby\\Documents\\Kwesta-mobile\\scripts\\unflagComment.ts": {"path":"C:\\Users\\Bobby\\Documents\\Kwesta-mobile\\scripts\\unflagComment.ts","statementMap":{"0":{"start":{"line":4,"column":4},"end":{"line":27,"column":3}},"1":{"start":{"line":6,"column":21},"end":{"line":15,"column":5}},"2":{"start":{"line":17,"column":17},"end":{"line":17,"column":38}},"3":{"start":{"line":18,"column":4},"end":{"line":21,"column":5}},"4":{"start":{"line":19,"column":6},"end":{"line":19,"column":50}},"5":{"start":{"line":20,"column":6},"end":{"line":20,"column":65}},"6":{"start":{"line":23,"column":4},"end":{"line":23,"column":16}},"7":{"start":{"line":26,"column":4},"end":{"line":26,"column":47}}},"fnMap":{"0":{"name":"unflagComment","decl":{"start":{"line":3,"column":15},"end":{"line":3,"column":28}},"loc":{"start":{"line":3,"column":63},"end":{"line":28,"column":1}},"line":3}},"branchMap":{"0":{"loc":{"start":{"line":18,"column":4},"end":{"line":21,"column":5}},"type":"if","locations":[{"start":{"line":18,"column":4},"end":{"line":21,"column":5}},{"start":{},"end":{}}],"line":18},"1":{"loc":{"start":{"line":20,"column":22},"end":{"line":20,"column":63}},"type":"binary-expr","locations":[{"start":{"line":20,"column":22},"end":{"line":20,"column":32}},{"start":{"line":20,"column":36},"end":{"line":20,"column":63}}],"line":20}},"s":{"0":5,"1":5,"2":4,"3":4,"4":2,"5":2,"6":2,"7":3},"f":{"0":5},"b":{"0":[2,2],"1":[2,1]},"_coverageSchema":"1a1c01bbd47fc00a2c39e90264f33305004495a9","hash":"69bcdba897d2ae55d8c91d3f4ed6462c5545e2fc"}
,"C:\\Users\\Bobby\\Documents\\Kwesta-mobile\\scripts\\unjoinEvent.ts": {"path":"C:\\Users\\Bobby\\Documents\\Kwesta-mobile\\scripts\\unjoinEvent.ts","statementMap":{"0":{"start":{"line":4,"column":4},"end":{"line":26,"column":3}},"1":{"start":{"line":6,"column":21},"end":{"line":15,"column":5}},"2":{"start":{"line":17,"column":17},"end":{"line":17,"column":38}},"3":{"start":{"line":18,"column":4},"end":{"line":20,"column":5}},"4":{"start":{"line":19,"column":6},"end":{"line":19,"column":51}},"5":{"start":{"line":22,"column":4},"end":{"line":22,"column":16}},"6":{"start":{"line":25,"column":4},"end":{"line":25,"column":47}}},"fnMap":{"0":{"name":"unjoinEvent","decl":{"start":{"line":3,"column":15},"end":{"line":3,"column":26}},"loc":{"start":{"line":3,"column":61},"end":{"line":27,"column":1}},"line":3}},"branchMap":{"0":{"loc":{"start":{"line":18,"column":4},"end":{"line":20,"column":5}},"type":"if","locations":[{"start":{"line":18,"column":4},"end":{"line":20,"column":5}},{"start":{},"end":{}}],"line":18}},"s":{"0":4,"1":4,"2":3,"3":3,"4":1,"5":2,"6":2},"f":{"0":4},"b":{"0":[1,2]},"_coverageSchema":"1a1c01bbd47fc00a2c39e90264f33305004495a9","hash":"ff6860ca682b4b5b4cc86bad76c4fa8ae20b8d40"}
,"C:\\Users\\Bobby\\Documents\\Kwesta-mobile\\scripts\\unjoinQuest.ts": {"path":"C:\\Users\\Bobby\\Documents\\Kwesta-mobile\\scripts\\unjoinQuest.ts","statementMap":{"0":{"start":{"line":4,"column":4},"end":{"line":26,"column":3}},"1":{"start":{"line":6,"column":21},"end":{"line":15,"column":5}},"2":{"start":{"line":17,"column":17},"end":{"line":17,"column":38}},"3":{"start":{"line":18,"column":4},"end":{"line":20,"column":5}},"4":{"start":{"line":19,"column":6},"end":{"line":19,"column":51}},"5":{"start":{"line":22,"column":4},"end":{"line":22,"column":16}},"6":{"start":{"line":25,"column":4},"end":{"line":25,"column":47}}},"fnMap":{"0":{"name":"unjoinQuest","decl":{"start":{"line":3,"column":15},"end":{"line":3,"column":26}},"loc":{"start":{"line":3,"column":61},"end":{"line":27,"column":1}},"line":3}},"branchMap":{"0":{"loc":{"start":{"line":18,"column":4},"end":{"line":20,"column":5}},"type":"if","locations":[{"start":{"line":18,"column":4},"end":{"line":20,"column":5}},{"start":{},"end":{}}],"line":18}},"s":{"0":4,"1":4,"2":3,"3":3,"4":1,"5":2,"6":2},"f":{"0":4},"b":{"0":[1,2]},"_coverageSchema":"1a1c01bbd47fc00a2c39e90264f33305004495a9","hash":"c6099d0828be4a00e889daed86793d3e62310f93"}
,"C:\\Users\\Bobby\\Documents\\Kwesta-mobile\\scripts\\updateCommentCall.ts": {"path":"C:\\Users\\Bobby\\Documents\\Kwesta-mobile\\scripts\\updateCommentCall.ts","statementMap":{"0":{"start":{"line":3,"column":26},"end":{"line":30,"column":1}},"1":{"start":{"line":8,"column":4},"end":{"line":29,"column":5}},"2":{"start":{"line":9,"column":25},"end":{"line":16,"column":10}},"3":{"start":{"line":18,"column":8},"end":{"line":20,"column":9}},"4":{"start":{"line":19,"column":12},"end":{"line":19,"column":57}},"5":{"start":{"line":22,"column":21},"end":{"line":22,"column":42}},"6":{"start":{"line":24,"column":8},"end":{"line":24,"column":28}},"7":{"start":{"line":27,"column":8},"end":{"line":27,"column":62}},"8":{"start":{"line":28,"column":8},"end":{"line":28,"column":20}}},"fnMap":{"0":{"name":"(anonymous_0)","decl":{"start":{"line":3,"column":26},"end":{"line":3,"column":27}},"loc":{"start":{"line":7,"column":5},"end":{"line":30,"column":1}},"line":7}},"branchMap":{"0":{"loc":{"start":{"line":18,"column":8},"end":{"line":20,"column":9}},"type":"if","locations":[{"start":{"line":18,"column":8},"end":{"line":20,"column":9}},{"start":{},"end":{}}],"line":18}},"s":{"0":1,"1":4,"2":4,"3":3,"4":1,"5":2,"6":2,"7":2,"8":2},"f":{"0":4},"b":{"0":[1,2]},"_coverageSchema":"1a1c01bbd47fc00a2c39e90264f33305004495a9","hash":"ddeb1499aaac0a4638becd058dd9cf8ec95c4905"}
,"C:\\Users\\Bobby\\Documents\\Kwesta-mobile\\scripts\\updateEventCall.ts": {"path":"C:\\Users\\Bobby\\Documents\\Kwesta-mobile\\scripts\\updateEventCall.ts","statementMap":{"0":{"start":{"line":3,"column":24},"end":{"line":30,"column":1}},"1":{"start":{"line":8,"column":4},"end":{"line":29,"column":5}},"2":{"start":{"line":9,"column":25},"end":{"line":16,"column":10}},"3":{"start":{"line":18,"column":8},"end":{"line":20,"column":9}},"4":{"start":{"line":19,"column":12},"end":{"line":19,"column":57}},"5":{"start":{"line":22,"column":21},"end":{"line":22,"column":42}},"6":{"start":{"line":24,"column":8},"end":{"line":24,"column":26}},"7":{"start":{"line":27,"column":8},"end":{"line":27,"column":60}},"8":{"start":{"line":28,"column":8},"end":{"line":28,"column":20}}},"fnMap":{"0":{"name":"(anonymous_0)","decl":{"start":{"line":3,"column":24},"end":{"line":3,"column":25}},"loc":{"start":{"line":7,"column":5},"end":{"line":30,"column":1}},"line":7}},"branchMap":{"0":{"loc":{"start":{"line":18,"column":8},"end":{"line":20,"column":9}},"type":"if","locations":[{"start":{"line":18,"column":8},"end":{"line":20,"column":9}},{"start":{},"end":{}}],"line":18}},"s":{"0":1,"1":4,"2":4,"3":3,"4":1,"5":2,"6":2,"7":2,"8":2},"f":{"0":4},"b":{"0":[1,2]},"_coverageSchema":"1a1c01bbd47fc00a2c39e90264f33305004495a9","hash":"d332d596dbac628ea649ef6e6595796ff8fcdb29"}
,"C:\\Users\\Bobby\\Documents\\Kwesta-mobile\\scripts\\updateQuestCall.ts": {"path":"C:\\Users\\Bobby\\Documents\\Kwesta-mobile\\scripts\\updateQuestCall.ts","statementMap":{"0":{"start":{"line":3,"column":24},"end":{"line":30,"column":1}},"1":{"start":{"line":8,"column":4},"end":{"line":29,"column":5}},"2":{"start":{"line":9,"column":25},"end":{"line":16,"column":10}},"3":{"start":{"line":18,"column":8},"end":{"line":20,"column":9}},"4":{"start":{"line":19,"column":12},"end":{"line":19,"column":57}},"5":{"start":{"line":22,"column":21},"end":{"line":22,"column":42}},"6":{"start":{"line":24,"column":8},"end":{"line":24,"column":26}},"7":{"start":{"line":27,"column":8},"end":{"line":27,"column":60}},"8":{"start":{"line":28,"column":8},"end":{"line":28,"column":20}}},"fnMap":{"0":{"name":"(anonymous_0)","decl":{"start":{"line":3,"column":24},"end":{"line":3,"column":25}},"loc":{"start":{"line":7,"column":5},"end":{"line":30,"column":1}},"line":7}},"branchMap":{"0":{"loc":{"start":{"line":18,"column":8},"end":{"line":20,"column":9}},"type":"if","locations":[{"start":{"line":18,"column":8},"end":{"line":20,"column":9}},{"start":{},"end":{}}],"line":18}},"s":{"0":1,"1":4,"2":4,"3":3,"4":1,"5":2,"6":2,"7":2,"8":2},"f":{"0":4},"b":{"0":[1,2]},"_coverageSchema":"1a1c01bbd47fc00a2c39e90264f33305004495a9","hash":"f18647a13ec8b960dc899c22d305590758685ff2"}
,"C:\\Users\\Bobby\\Documents\\Kwesta-mobile\\styles\\overlayStyle.ts": {"path":"C:\\Users\\Bobby\\Documents\\Kwesta-mobile\\styles\\overlayStyle.ts","statementMap":{"0":{"start":{"line":3,"column":21},"end":{"line":3,"column":51}},"1":{"start":{"line":4,"column":19},"end":{"line":4,"column":37}},"2":{"start":{"line":5,"column":20},"end":{"line":5,"column":22}},"3":{"start":{"line":7,"column":15},"end":{"line":37,"column":2}}},"fnMap":{},"branchMap":{},"s":{"0":3,"1":3,"2":3,"3":3},"f":{},"b":{},"_coverageSchema":"1a1c01bbd47fc00a2c39e90264f33305004495a9","hash":"11cff6960d23717bdd5cbe1ba1aa8f05526cfb2f"}
}
