TN:
SF:app\context\(auth)\Login.tsx
FN:11,Login
FN:22,submitForm
FN:67,(anonymous_2)
FN:77,(anonymous_3)
FNF:4
FNH:4
FNDA:4,Login
FNDA:1,submitForm
FNDA:1,(anonymous_2)
FNDA:1,(anonymous_3)
DA:12,4
DA:13,4
DA:15,4
DA:16,4
DA:17,4
DA:23,1
DA:24,1
DA:25,1
DA:38,0
DA:39,0
DA:40,0
DA:42,0
DA:43,0
DA:45,0
DA:47,0
DA:51,0
DA:53,0
DA:57,4
DA:67,1
DA:77,1
DA:94,1
LF:21
LH:12
BRDA:38,0,0,0
BRDA:38,0,1,0
BRDA:42,1,0,0
BRDA:42,1,1,0
BRDA:84,2,0,4
BRDA:84,2,1,1
BRDA:85,3,0,4
BRDA:85,3,1,0
BRF:8
BRH:3
end_of_record
TN:
SF:app\context\(tabs)\UserProfile.tsx
FN:17,UserProfile
FN:26,(anonymous_1)
FN:27,(anonymous_2)
FN:65,(anonymous_3)
FN:78,(anonymous_4)
FN:126,(anonymous_5)
FNF:6
FNH:0
FNDA:0,UserProfile
FNDA:0,(anonymous_1)
FNDA:0,(anonymous_2)
FNDA:0,(anonymous_3)
FNDA:0,(anonymous_4)
FNDA:0,(anonymous_5)
DA:18,0
DA:19,0
DA:21,0
DA:22,0
DA:24,0
DA:26,0
DA:27,0
DA:29,0
DA:30,0
DA:31,0
DA:36,0
DA:39,0
DA:42,0
DA:47,0
DA:50,0
DA:51,0
DA:53,0
DA:55,0
DA:59,0
DA:62,0
DA:63,0
DA:65,0
DA:66,0
DA:68,0
DA:69,0
DA:70,0
DA:72,0
DA:74,0
DA:78,0
DA:79,0
DA:80,0
DA:83,0
DA:127,0
DA:141,2
LF:34
LH:1
BRDA:19,0,0,0
BRDA:19,0,1,0
BRDA:30,1,0,0
BRDA:30,1,1,0
BRDA:43,2,0,0
BRDA:43,2,1,0
BRDA:47,3,0,0
BRDA:47,3,1,0
BRDA:70,4,0,0
BRDA:70,4,1,0
BRDA:94,5,0,0
BRDA:94,5,1,0
BRDA:96,6,0,0
BRDA:96,6,1,0
BRDA:103,7,0,0
BRDA:103,7,1,0
BRDA:109,8,0,0
BRDA:109,8,1,0
BRDA:115,9,0,0
BRDA:115,9,1,0
BRDA:121,10,0,0
BRDA:121,10,1,0
BRDA:125,11,0,0
BRDA:125,11,1,0
BRF:24
BRH:0
end_of_record
TN:
SF:assets\images\close_black.png
FNF:0
FNH:0
DA:1,2
LF:1
LH:1
BRF:0
BRH:0
end_of_record
TN:
SF:assets\images\enter_sign.png
FNF:0
FNH:0
DA:1,2
LF:1
LH:1
BRF:0
BRH:0
end_of_record
TN:
SF:assets\images\exit_sign.png
FNF:0
FNH:0
DA:1,2
LF:1
LH:1
BRF:0
BRH:0
end_of_record
TN:
SF:assets\images\flag_empty_black.png
FNF:0
FNH:0
DA:1,1
LF:1
LH:1
BRF:0
BRH:0
end_of_record
TN:
SF:assets\images\flag_filled.png
FNF:0
FNH:0
DA:1,1
LF:1
LH:1
BRF:0
BRH:0
end_of_record
TN:
SF:assets\images\heart_empty_black.png
FNF:0
FNH:0
DA:1,1
LF:1
LH:1
BRF:0
BRH:0
end_of_record
TN:
SF:assets\images\profile-placeholder.png
FNF:0
FNH:0
DA:1,2
LF:1
LH:1
BRF:0
BRH:0
end_of_record
TN:
SF:components\CommentOverlay.tsx
FN:55,CommentOverlay
FN:76,(anonymous_1)
FN:79,(anonymous_2)
FN:92,(anonymous_3)
FN:98,handleLike
FN:100,(anonymous_5)
FN:101,(anonymous_6)
FN:102,(anonymous_7)
FN:116,(anonymous_8)
FN:121,handleFlag
FN:123,(anonymous_10)
FN:125,(anonymous_11)
FN:126,(anonymous_12)
FN:132,(anonymous_13)
FN:137,handleUnflag
FN:139,(anonymous_15)
FN:140,(anonymous_16)
FN:141,(anonymous_17)
FN:147,(anonymous_18)
FN:168,(anonymous_19)
FN:181,(anonymous_20)
FN:206,(anonymous_21)
FN:229,(anonymous_22)
FN:242,(anonymous_23)
FN:255,(anonymous_24)
FN:276,(anonymous_25)
FN:282,(anonymous_26)
FNF:27
FNH:17
FNDA:18,CommentOverlay
FNDA:8,(anonymous_1)
FNDA:8,(anonymous_2)
FNDA:0,(anonymous_3)
FNDA:2,handleLike
FNDA:1,(anonymous_5)
FNDA:0,(anonymous_6)
FNDA:0,(anonymous_7)
FNDA:1,(anonymous_8)
FNDA:2,handleFlag
FNDA:1,(anonymous_10)
FNDA:0,(anonymous_11)
FNDA:0,(anonymous_12)
FNDA:1,(anonymous_13)
FNDA:2,handleUnflag
FNDA:1,(anonymous_15)
FNDA:0,(anonymous_16)
FNDA:0,(anonymous_17)
FNDA:1,(anonymous_18)
FNDA:2,(anonymous_19)
FNDA:32,(anonymous_20)
FNDA:0,(anonymous_21)
FNDA:2,(anonymous_22)
FNDA:2,(anonymous_23)
FNDA:2,(anonymous_24)
FNDA:0,(anonymous_25)
FNDA:0,(anonymous_26)
DA:30,1
DA:31,1
DA:32,1
DA:33,1
DA:34,1
DA:35,1
DA:64,18
DA:65,18
DA:67,18
DA:68,18
DA:70,18
DA:71,18
DA:72,18
DA:73,18
DA:74,18
DA:76,18
DA:77,8
DA:79,8
DA:81,8
DA:82,0
DA:84,0
DA:85,0
DA:87,0
DA:92,0
DA:93,0
DA:99,2
DA:101,1
DA:102,0
DA:103,0
DA:112,1
DA:113,1
DA:117,1
DA:122,2
DA:125,1
DA:126,0
DA:127,0
DA:130,1
DA:133,1
DA:138,2
DA:140,1
DA:141,0
DA:142,0
DA:145,1
DA:148,1
DA:152,18
DA:169,2
DA:170,2
DA:172,2
DA:174,2
DA:175,2
DA:176,2
DA:182,32
DA:185,32
DA:196,32
DA:207,0
DA:208,0
DA:209,0
DA:229,2
DA:242,2
DA:255,2
DA:276,0
DA:282,0
LF:62
LH:45
BRDA:73,0,0,0
BRDA:73,0,1,18
BRDA:74,1,0,18
BRDA:74,1,1,0
BRDA:77,2,0,0
BRDA:77,2,1,8
BRDA:77,3,0,8
BRDA:77,3,1,8
BRDA:81,4,0,0
BRDA:81,4,1,8
BRDA:81,5,0,8
BRDA:81,5,1,8
BRDA:103,6,0,0
BRDA:103,6,1,0
BRDA:106,7,0,0
BRDA:106,7,1,0
BRDA:112,8,0,1
BRDA:112,8,1,0
BRDA:127,9,0,0
BRDA:127,9,1,0
BRDA:142,10,0,0
BRDA:142,10,1,0
BRDA:154,11,0,18
BRDA:154,11,1,18
BRDA:169,12,0,0
BRDA:169,12,1,2
BRDA:174,13,0,2
BRDA:174,13,1,0
BRDA:202,14,0,18
BRDA:202,14,1,14
BRDA:235,15,0,0
BRDA:235,15,1,32
BRDA:235,16,0,32
BRDA:235,16,1,0
BRDA:236,17,0,32
BRDA:236,17,1,32
BRDA:240,18,0,4
BRDA:240,18,1,28
BRDA:259,19,0,28
BRDA:259,19,1,0
BRDA:284,20,0,0
BRDA:284,20,1,18
BRF:42
BRH:23
end_of_record
TN:
SF:components\EventOverlay.tsx
FN:46,EventOverlay
FN:67,(anonymous_1)
FN:70,(anonymous_2)
FN:83,(anonymous_3)
FN:89,handleJoin
FN:91,(anonymous_5)
FN:93,(anonymous_6)
FN:94,(anonymous_7)
FN:107,(anonymous_8)
FN:112,handleUnjoin
FN:114,(anonymous_10)
FN:115,(anonymous_11)
FN:116,(anonymous_12)
FN:126,(anonymous_13)
FN:147,(anonymous_14)
FN:160,(anonymous_15)
FN:176,(anonymous_16)
FN:188,(anonymous_17)
FN:200,(anonymous_18)
FN:227,(anonymous_19)
FN:231,(anonymous_20)
FNF:21
FNH:13
FNDA:14,EventOverlay
FNDA:6,(anonymous_1)
FNDA:6,(anonymous_2)
FNDA:0,(anonymous_3)
FNDA:2,handleJoin
FNDA:1,(anonymous_5)
FNDA:0,(anonymous_6)
FNDA:0,(anonymous_7)
FNDA:1,(anonymous_8)
FNDA:2,handleUnjoin
FNDA:1,(anonymous_10)
FNDA:0,(anonymous_11)
FNDA:0,(anonymous_12)
FNDA:1,(anonymous_13)
FNDA:2,(anonymous_14)
FNDA:24,(anonymous_15)
FNDA:0,(anonymous_16)
FNDA:2,(anonymous_17)
FNDA:2,(anonymous_18)
FNDA:0,(anonymous_19)
FNDA:0,(anonymous_20)
DA:21,1
DA:22,1
DA:23,1
DA:24,1
DA:25,1
DA:26,1
DA:55,14
DA:56,14
DA:57,14
DA:58,14
DA:60,14
DA:61,14
DA:63,14
DA:64,14
DA:65,14
DA:67,14
DA:68,6
DA:70,6
DA:72,6
DA:73,0
DA:75,0
DA:76,0
DA:78,0
DA:83,0
DA:84,0
DA:90,2
DA:93,1
DA:94,0
DA:95,0
DA:102,1
DA:103,1
DA:105,1
DA:108,1
DA:113,2
DA:115,1
DA:116,0
DA:117,0
DA:124,1
DA:127,1
DA:131,14
DA:148,2
DA:150,2
DA:151,2
DA:153,2
DA:154,2
DA:155,2
DA:161,24
DA:163,24
DA:173,24
DA:177,0
DA:178,0
DA:179,0
DA:188,2
DA:200,2
DA:227,0
DA:231,0
LF:56
LH:41
BRDA:64,0,0,0
BRDA:64,0,1,14
BRDA:65,1,0,14
BRDA:65,1,1,0
BRDA:68,2,0,0
BRDA:68,2,1,6
BRDA:68,3,0,6
BRDA:68,3,1,6
BRDA:72,4,0,0
BRDA:72,4,1,6
BRDA:72,5,0,6
BRDA:72,5,1,6
BRDA:95,6,0,0
BRDA:95,6,1,0
BRDA:98,7,0,0
BRDA:98,7,1,0
BRDA:102,8,0,1
BRDA:102,8,1,0
BRDA:117,9,0,0
BRDA:117,9,1,0
BRDA:120,10,0,0
BRDA:120,10,1,0
BRDA:133,11,0,14
BRDA:133,11,1,14
BRDA:148,12,0,0
BRDA:148,12,1,2
BRDA:153,13,0,2
BRDA:153,13,1,0
BRDA:174,14,0,14
BRDA:174,14,1,10
BRDA:186,15,0,4
BRDA:186,15,1,20
BRDA:213,16,0,24
BRDA:213,16,1,24
BRDA:233,17,0,0
BRDA:233,17,1,14
BRF:36
BRH:20
end_of_record
TN:
SF:components\PostFeed.tsx
FN:4,PostFeed
FN:9,(anonymous_1)
FN:10,(anonymous_2)
FNF:3
FNH:3
FNDA:4,PostFeed
FNDA:13,(anonymous_1)
FNDA:8,(anonymous_2)
DA:6,4
DA:9,13
DA:10,8
DA:18,1
LF:4
LH:4
BRF:0
BRH:0
end_of_record
TN:
SF:components\ProfilePhoto.tsx
FN:19,(anonymous_0)
FN:24,(anonymous_1)
FN:27,(anonymous_2)
FN:47,(anonymous_3)
FNF:4
FNH:0
FNDA:0,(anonymous_0)
FNDA:0,(anonymous_1)
FNDA:0,(anonymous_2)
FNDA:0,(anonymous_3)
DA:11,2
DA:19,2
DA:20,0
DA:24,0
DA:25,0
DA:27,0
DA:28,0
DA:29,0
DA:30,0
DA:33,0
DA:35,0
DA:37,0
DA:38,0
DA:39,0
DA:42,0
DA:45,0
DA:47,0
DA:48,0
DA:52,0
LF:19
LH:2
BRDA:19,0,0,0
BRDA:28,1,0,0
BRDA:28,1,1,0
BRDA:35,2,0,0
BRDA:35,2,1,0
BRDA:37,3,0,0
BRDA:37,3,1,0
BRF:7
BRH:0
end_of_record
TN:
SF:components\QuestOverlay.tsx
FN:46,QuestOverlay
FN:67,(anonymous_1)
FN:70,(anonymous_2)
FN:83,(anonymous_3)
FN:89,handleJoin
FN:91,(anonymous_5)
FN:93,(anonymous_6)
FN:94,(anonymous_7)
FN:107,(anonymous_8)
FN:112,handleUnjoin
FN:114,(anonymous_10)
FN:115,(anonymous_11)
FN:116,(anonymous_12)
FN:126,(anonymous_13)
FN:147,(anonymous_14)
FN:160,(anonymous_15)
FN:181,(anonymous_16)
FN:194,(anonymous_17)
FNF:18
FNH:13
FNDA:14,QuestOverlay
FNDA:6,(anonymous_1)
FNDA:6,(anonymous_2)
FNDA:0,(anonymous_3)
FNDA:2,handleJoin
FNDA:1,(anonymous_5)
FNDA:0,(anonymous_6)
FNDA:0,(anonymous_7)
FNDA:1,(anonymous_8)
FNDA:2,handleUnjoin
FNDA:1,(anonymous_10)
FNDA:0,(anonymous_11)
FNDA:0,(anonymous_12)
FNDA:1,(anonymous_13)
FNDA:2,(anonymous_14)
FNDA:24,(anonymous_15)
FNDA:2,(anonymous_16)
FNDA:2,(anonymous_17)
DA:21,1
DA:22,1
DA:23,1
DA:24,1
DA:25,1
DA:26,1
DA:55,14
DA:56,14
DA:57,14
DA:58,14
DA:60,14
DA:61,14
DA:63,14
DA:64,14
DA:65,14
DA:67,14
DA:68,6
DA:70,6
DA:72,6
DA:73,0
DA:75,0
DA:76,0
DA:78,0
DA:83,0
DA:84,0
DA:90,2
DA:93,1
DA:94,0
DA:95,0
DA:102,1
DA:103,1
DA:105,1
DA:108,1
DA:113,2
DA:115,1
DA:116,0
DA:117,0
DA:124,1
DA:127,1
DA:131,14
DA:148,2
DA:150,2
DA:151,2
DA:153,2
DA:154,2
DA:155,2
DA:161,24
DA:181,2
DA:194,2
LF:49
LH:39
BRDA:64,0,0,0
BRDA:64,0,1,14
BRDA:65,1,0,14
BRDA:65,1,1,0
BRDA:68,2,0,0
BRDA:68,2,1,6
BRDA:68,3,0,6
BRDA:68,3,1,6
BRDA:72,4,0,0
BRDA:72,4,1,6
BRDA:72,5,0,6
BRDA:72,5,1,6
BRDA:95,6,0,0
BRDA:95,6,1,0
BRDA:98,7,0,0
BRDA:98,7,1,0
BRDA:102,8,0,1
BRDA:102,8,1,0
BRDA:117,9,0,0
BRDA:117,9,1,0
BRDA:120,10,0,0
BRDA:120,10,1,0
BRDA:133,11,0,14
BRDA:133,11,1,14
BRDA:148,12,0,0
BRDA:148,12,1,2
BRDA:153,13,0,2
BRDA:153,13,1,0
BRDA:165,14,0,14
BRDA:165,14,1,10
BRDA:179,15,0,4
BRDA:179,15,1,20
BRDA:209,16,0,24
BRDA:209,16,1,24
BRF:34
BRH:19
end_of_record
TN:
SF:components\points-context.tsx
FN:22,(anonymous_0)
FN:29,(anonymous_1)
FN:67,(anonymous_2)
FN:68,(anonymous_3)
FN:88,(anonymous_4)
FNF:5
FNH:0
FNDA:0,(anonymous_0)
FNDA:0,(anonymous_1)
FNDA:0,(anonymous_2)
FNDA:0,(anonymous_3)
FNDA:0,(anonymous_4)
DA:20,2
DA:22,2
DA:23,0
DA:24,0
DA:25,0
DA:26,0
DA:27,0
DA:29,0
DA:30,0
DA:32,0
DA:33,0
DA:34,0
DA:35,0
DA:36,0
DA:38,0
DA:39,0
DA:41,0
DA:44,0
DA:45,0
DA:46,0
DA:47,0
DA:49,0
DA:54,0
DA:55,0
DA:61,0
DA:62,0
DA:63,0
DA:67,0
DA:68,0
DA:69,0
DA:70,0
DA:73,0
DA:74,0
DA:75,0
DA:78,0
DA:81,0
DA:88,2
DA:89,0
DA:90,0
DA:91,0
DA:93,0
LF:41
LH:3
BRDA:32,0,0,0
BRDA:32,0,1,0
BRDA:49,1,0,0
BRDA:49,1,1,0
BRDA:50,2,0,0
BRDA:50,2,1,0
BRDA:50,2,2,0
BRDA:57,3,0,0
BRDA:57,3,1,0
BRDA:69,4,0,0
BRDA:69,4,1,0
BRDA:83,5,0,0
BRDA:83,5,1,0
BRDA:90,6,0,0
BRDA:90,6,1,0
BRF:15
BRH:0
end_of_record
TN:
SF:constants\backend.ts
FNF:0
FNH:0
DA:7,2
LF:1
LH:1
BRF:0
BRH:0
end_of_record
TN:
SF:constants\theme.ts
FNF:0
FNH:0
DA:8,2
DA:9,2
DA:11,2
DA:30,2
LF:4
LH:4
BRF:0
BRH:0
end_of_record
TN:
SF:hooks\use-color-scheme.ts
FNF:0
FNH:0
LF:0
LH:0
BRF:0
BRH:0
end_of_record
TN:
SF:hooks\use-color-scheme.web.ts
FN:7,useColorScheme
FN:10,(anonymous_1)
FNF:2
FNH:2
FNDA:46,useColorScheme
FNDA:20,(anonymous_1)
DA:8,46
DA:10,46
DA:11,20
DA:14,46
DA:16,46
DA:17,26
DA:20,20
LF:7
LH:7
BRDA:16,0,0,26
BRDA:16,0,1,20
BRF:2
BRH:2
end_of_record
TN:
SF:scripts\addCommentCall.ts
FN:5,(anonymous_0)
FNF:1
FNH:1
FNDA:4,(anonymous_0)
DA:5,1
DA:6,4
DA:7,4
DA:16,3
DA:17,1
DA:20,2
DA:23,2
DA:30,2
DA:31,1
DA:32,1
DA:35,2
DA:37,2
DA:38,2
LF:13
LH:13
BRDA:16,0,0,1
BRDA:16,0,1,2
BRDA:30,1,0,1
BRDA:30,1,1,1
BRF:4
BRH:4
end_of_record
TN:
SF:scripts\addEventCall.ts
FN:3,(anonymous_0)
FNF:1
FNH:1
FNDA:4,(anonymous_0)
DA:3,1
DA:4,4
DA:5,4
DA:14,3
DA:15,1
DA:16,1
DA:19,2
DA:20,2
DA:22,2
DA:23,2
LF:10
LH:10
BRDA:14,0,0,1
BRDA:14,0,1,2
BRF:2
BRH:2
end_of_record
TN:
SF:scripts\addQuestCall.ts
FN:3,addQuestCall
FNF:1
FNH:1
FNDA:4,addQuestCall
DA:4,4
DA:6,4
DA:18,3
DA:19,3
DA:20,1
DA:23,2
DA:26,2
LF:7
LH:7
BRDA:19,0,0,1
BRDA:19,0,1,2
BRF:2
BRH:2
end_of_record
TN:
SF:scripts\deleteCommentCall.ts
FN:2,deleteCommentCall
FNF:1
FNH:1
FNDA:3,deleteCommentCall
DA:3,3
LF:1
LH:1
BRF:0
BRH:0
end_of_record
TN:
SF:scripts\deleteEventCall.ts
FN:2,deleteEventCall
FNF:1
FNH:1
FNDA:3,deleteEventCall
DA:3,3
LF:1
LH:1
BRF:0
BRH:0
end_of_record
TN:
SF:scripts\deleteQuestCall.ts
FN:2,deleteQuestCall
FNF:1
FNH:1
FNDA:3,deleteQuestCall
DA:3,3
LF:1
LH:1
BRF:0
BRH:0
end_of_record
TN:
SF:scripts\flagComment.ts
FN:3,flagComment
FNF:1
FNH:1
FNDA:4,flagComment
DA:4,4
DA:5,4
DA:13,3
DA:14,3
DA:15,1
DA:18,2
DA:20,2
LF:7
LH:7
BRDA:14,0,0,1
BRDA:14,0,1,2
BRF:2
BRH:2
end_of_record
TN:
SF:scripts\followUserCall.ts
FN:3,(anonymous_0)
FNF:1
FNH:1
FNDA:2,(anonymous_0)
DA:3,1
DA:7,2
DA:8,2
DA:16,2
DA:17,1
DA:20,1
DA:22,1
DA:23,1
LF:8
LH:8
BRDA:16,0,0,1
BRDA:16,0,1,1
BRF:2
BRH:2
end_of_record
TN:
SF:scripts\getCommentsByAreaCall.ts
FN:3,(anonymous_0)
FN:31,(anonymous_1)
FNF:2
FNH:2
FNDA:5,(anonymous_0)
FNDA:1,(anonymous_1)
DA:3,1
DA:10,5
DA:11,5
DA:15,5
DA:23,4
DA:24,1
DA:27,3
DA:29,3
DA:31,3
DA:45,2
DA:46,2
LF:11
LH:11
BRDA:11,0,0,0
BRDA:11,0,1,5
BRDA:23,1,0,1
BRDA:23,1,1,3
BRDA:29,2,0,3
BRDA:29,2,1,1
BRDA:38,3,0,1
BRDA:38,3,1,0
BRDA:40,4,0,1
BRDA:40,4,1,0
BRDA:41,5,0,1
BRDA:41,5,1,1
BRF:12
BRH:9
end_of_record
TN:
SF:scripts\getCommentsCall.ts
FN:3,(anonymous_0)
FN:24,(anonymous_1)
FNF:2
FNH:2
FNDA:5,(anonymous_0)
FNDA:1,(anonymous_1)
DA:3,1
DA:4,5
DA:5,5
DA:16,4
DA:17,1
DA:20,3
DA:22,3
DA:24,3
DA:37,2
DA:38,2
LF:10
LH:10
BRDA:16,0,0,1
BRDA:16,0,1,3
BRDA:22,1,0,3
BRDA:22,1,1,1
BRDA:31,2,0,1
BRDA:31,2,1,0
BRDA:33,3,0,1
BRDA:33,3,1,0
BRDA:34,4,0,1
BRDA:34,4,1,1
BRF:10
BRH:8
end_of_record
TN:
SF:scripts\getEventsByAreaCall.ts
FN:3,(anonymous_0)
FN:31,(anonymous_1)
FNF:2
FNH:2
FNDA:5,(anonymous_0)
FNDA:1,(anonymous_1)
DA:3,1
DA:10,5
DA:11,5
DA:15,5
DA:23,4
DA:24,1
DA:27,3
DA:29,3
DA:31,3
DA:46,2
DA:47,2
LF:11
LH:11
BRDA:11,0,0,0
BRDA:11,0,1,5
BRDA:23,1,0,1
BRDA:23,1,1,3
BRDA:29,2,0,3
BRDA:29,2,1,1
BRDA:39,3,0,1
BRDA:39,3,1,0
BRF:8
BRH:6
end_of_record
TN:
SF:scripts\getEventsCall.ts
FN:3,(anonymous_0)
FN:26,(anonymous_1)
FNF:2
FNH:2
FNDA:5,(anonymous_0)
FNDA:1,(anonymous_1)
DA:3,1
DA:4,5
DA:5,5
DA:16,4
DA:17,1
DA:18,1
DA:19,1
DA:22,3
DA:24,3
DA:26,3
DA:39,2
DA:40,2
LF:12
LH:12
BRDA:16,0,0,1
BRDA:16,0,1,3
BRDA:24,1,0,3
BRDA:24,1,1,1
BRDA:34,2,0,1
BRDA:34,2,1,0
BRF:6
BRH:5
end_of_record
TN:
SF:scripts\getJoinedPostsCall.ts
FN:3,(anonymous_0)
FN:22,(anonymous_1)
FN:35,(anonymous_2)
FN:49,(anonymous_3)
FNF:4
FNH:4
FNDA:5,(anonymous_0)
FNDA:1,(anonymous_1)
FNDA:1,(anonymous_2)
FNDA:1,(anonymous_3)
DA:3,1
DA:4,5
DA:5,5
DA:13,4
DA:14,1
DA:17,3
DA:19,3
DA:20,3
DA:22,3
DA:35,3
DA:48,3
DA:49,1
DA:52,2
DA:53,2
LF:14
LH:14
BRDA:13,0,0,1
BRDA:13,0,1,3
BRDA:19,1,0,2
BRDA:19,1,1,1
BRDA:20,2,0,2
BRDA:20,2,1,1
BRDA:32,3,0,1
BRDA:32,3,1,0
BRDA:45,4,0,1
BRDA:45,4,1,1
BRF:10
BRH:9
end_of_record
TN:
SF:scripts\getMyPostsCall.ts
FN:3,(anonymous_0)
FN:23,(anonymous_1)
FN:35,(anonymous_2)
FN:47,(anonymous_3)
FNF:4
FNH:4
FNDA:5,(anonymous_0)
FNDA:1,(anonymous_1)
FNDA:1,(anonymous_2)
FNDA:1,(anonymous_3)
DA:3,1
DA:4,5
DA:5,5
DA:13,4
DA:14,1
DA:17,3
DA:19,3
DA:20,3
DA:21,3
DA:23,3
DA:35,3
DA:47,3
DA:59,3
DA:61,2
DA:62,2
LF:15
LH:15
BRDA:13,0,0,1
BRDA:13,0,1,3
BRDA:19,1,0,2
BRDA:19,1,1,1
BRDA:20,2,0,2
BRDA:20,2,1,1
BRDA:21,3,0,2
BRDA:21,3,1,1
BRF:8
BRH:8
end_of_record
TN:
SF:scripts\getProfilePhotoCall.ts
FN:4,(anonymous_0)
FNF:1
FNH:0
FNDA:0,(anonymous_0)
DA:4,2
DA:7,0
DA:8,0
DA:12,0
DA:13,0
DA:16,0
DA:18,0
DA:19,0
LF:8
LH:1
BRDA:12,0,0,0
BRDA:12,0,1,0
BRF:2
BRH:0
end_of_record
TN:
SF:scripts\getQuestsByAreaCall.ts
FN:3,(anonymous_0)
FN:31,(anonymous_1)
FNF:2
FNH:2
FNDA:5,(anonymous_0)
FNDA:1,(anonymous_1)
DA:3,1
DA:10,5
DA:11,5
DA:15,5
DA:23,4
DA:24,1
DA:27,3
DA:29,3
DA:31,3
DA:46,2
DA:47,2
LF:11
LH:11
BRDA:11,0,0,0
BRDA:11,0,1,5
BRDA:23,1,0,1
BRDA:23,1,1,3
BRDA:29,2,0,3
BRDA:29,2,1,1
BRDA:41,3,0,1
BRDA:41,3,1,0
BRF:8
BRH:6
end_of_record
TN:
SF:scripts\getQuestsCall.ts
FN:3,(anonymous_0)
FN:23,(anonymous_1)
FNF:2
FNH:2
FNDA:5,(anonymous_0)
FNDA:1,(anonymous_1)
DA:3,1
DA:4,5
DA:5,5
DA:15,4
DA:16,1
DA:19,3
DA:21,3
DA:23,3
DA:36,2
DA:37,2
LF:10
LH:10
BRDA:15,0,0,1
BRDA:15,0,1,3
BRDA:21,1,0,3
BRDA:21,1,1,1
BRDA:33,2,0,1
BRDA:33,2,1,0
BRF:6
BRH:5
end_of_record
TN:
SF:scripts\getUserBadges.ts
FN:3,(anonymous_0)
FNF:1
FNH:0
FNDA:0,(anonymous_0)
DA:3,2
DA:4,0
DA:6,0
DA:7,0
DA:10,0
DA:11,0
DA:19,0
DA:20,0
DA:23,0
DA:24,0
DA:26,0
DA:27,0
LF:12
LH:1
BRDA:6,0,0,0
BRDA:6,0,1,0
BRDA:19,1,0,0
BRDA:19,1,1,0
BRDA:24,2,0,0
BRDA:24,2,1,0
BRF:6
BRH:0
end_of_record
TN:
SF:scripts\getUserPoints.ts
FN:3,(anonymous_0)
FNF:1
FNH:0
FNDA:0,(anonymous_0)
DA:3,2
DA:4,0
DA:6,0
DA:7,0
DA:10,0
DA:11,0
DA:22,0
DA:23,0
DA:26,0
DA:27,0
DA:29,0
DA:30,0
LF:12
LH:1
BRDA:6,0,0,0
BRDA:6,0,1,0
BRDA:22,1,0,0
BRDA:22,1,1,0
BRDA:27,2,0,0
BRDA:27,2,1,0
BRF:6
BRH:0
end_of_record
TN:
SF:scripts\getUserProfileCall.ts
FN:19,(anonymous_0)
FN:25,(anonymous_1)
FNF:2
FNH:2
FNDA:4,(anonymous_0)
FNDA:3,(anonymous_1)
DA:19,4
DA:25,3
DA:29,3
DA:30,3
DA:34,3
DA:42,3
DA:43,1
DA:46,2
DA:47,2
DA:50,2
DA:54,2
DA:64,1
DA:65,1
LF:13
LH:13
BRDA:20,0,0,4
BRDA:20,0,1,0
BRDA:20,0,2,0
BRDA:20,0,3,0
BRDA:21,1,0,4
BRDA:21,1,1,0
BRDA:22,2,0,4
BRDA:22,2,1,2
BRDA:22,3,0,4
BRDA:22,3,1,2
BRDA:30,4,0,0
BRDA:30,4,1,3
BRDA:42,5,0,1
BRDA:42,5,1,2
BRDA:47,6,0,2
BRDA:47,6,1,0
BRDA:50,7,0,2
BRDA:50,7,1,0
BRDA:55,8,0,2
BRDA:55,8,1,0
BRDA:56,9,0,2
BRDA:56,9,1,1
BRDA:56,10,0,2
BRDA:56,10,1,1
BRDA:60,11,0,2
BRDA:60,11,1,0
BRDA:60,12,0,2
BRDA:60,12,1,1
BRDA:61,13,0,2
BRDA:61,13,1,0
BRDA:61,14,0,2
BRDA:61,14,1,1
BRF:32
BRH:22
end_of_record
TN:
SF:scripts\joinEvent.ts
FN:3,joinEvent
FNF:1
FNH:1
FNDA:4,joinEvent
DA:4,4
DA:6,4
DA:17,3
DA:18,3
DA:19,1
DA:22,2
DA:25,2
LF:7
LH:7
BRDA:18,0,0,1
BRDA:18,0,1,2
BRF:2
BRH:2
end_of_record
TN:
SF:scripts\joinQuest.ts
FN:3,joinQuest
FNF:1
FNH:1
FNDA:4,joinQuest
DA:4,4
DA:6,4
DA:17,3
DA:18,3
DA:19,1
DA:22,2
DA:25,2
LF:7
LH:7
BRDA:18,0,0,1
BRDA:18,0,1,2
BRF:2
BRH:2
end_of_record
TN:
SF:scripts\likeComment.ts
FN:4,(anonymous_0)
FNF:1
FNH:1
FNDA:5,(anonymous_0)
DA:4,1
DA:5,5
DA:6,5
DA:17,4
DA:18,4
DA:19,2
DA:24,2
DA:26,3
LF:8
LH:8
BRDA:18,0,0,2
BRDA:18,0,1,2
BRDA:20,1,0,2
BRDA:20,1,1,1
BRF:4
BRH:4
end_of_record
TN:
SF:scripts\localRedemptions.ts
FN:13,getLocalRedemptions
FN:24,addLocalRedemption
FN:34,clearLocalRedemptions
FN:42,removeLocalRedemption
FN:45,(anonymous_4)
FN:52,sumLocalRedeemedPoints
FN:55,(anonymous_6)
FNF:7
FNH:0
FNDA:0,getLocalRedemptions
FNDA:0,addLocalRedemption
FNDA:0,clearLocalRedemptions
FNDA:0,removeLocalRedemption
FNDA:0,(anonymous_4)
FNDA:0,sumLocalRedeemedPoints
FNDA:0,(anonymous_6)
DA:11,2
DA:14,0
DA:15,0
DA:16,0
DA:17,0
DA:19,0
DA:20,0
DA:25,0
DA:26,0
DA:27,0
DA:28,0
DA:30,0
DA:35,0
DA:36,0
DA:38,0
DA:43,0
DA:44,0
DA:45,0
DA:46,0
DA:48,0
DA:53,0
DA:54,0
DA:55,0
DA:57,0
DA:58,0
LF:25
LH:1
BRDA:16,0,0,0
BRDA:16,0,1,0
BRDA:55,1,0,0
BRDA:55,1,1,0
BRF:4
BRH:0
end_of_record
TN:
SF:scripts\notificationTracker.ts
FN:29,(anonymous_0)
FN:31,(anonymous_1)
FN:32,(anonymous_2)
FN:32,(anonymous_3)
FN:34,(anonymous_4)
FN:40,(anonymous_5)
FN:50,(anonymous_6)
FN:66,(anonymous_7)
FN:73,(anonymous_8)
FN:79,(anonymous_9)
FNF:10
FNH:10
FNDA:17,(anonymous_0)
FNDA:9,(anonymous_1)
FNDA:6,(anonymous_2)
FNDA:6,(anonymous_3)
FNDA:2,(anonymous_4)
FNDA:3,(anonymous_5)
FNDA:5,(anonymous_6)
FNDA:2,(anonymous_7)
FNDA:2,(anonymous_8)
FNDA:2,(anonymous_9)
DA:29,17
DA:31,1
DA:32,9
DA:34,2
DA:40,1
DA:48,3
DA:49,3
DA:50,3
DA:51,5
DA:52,5
DA:58,3
DA:60,3
DA:67,2
DA:68,2
DA:74,2
DA:75,2
DA:80,2
DA:81,2
LF:18
LH:18
BRDA:29,0,0,17
BRDA:29,0,1,0
BRDA:53,1,0,5
BRDA:53,1,1,5
BRDA:53,1,2,4
BRDA:69,2,0,2
BRDA:69,2,1,2
BRDA:76,3,0,2
BRDA:76,3,1,2
BRDA:82,4,0,2
BRDA:82,4,1,2
BRF:11
BRH:10
end_of_record
TN:
SF:scripts\syncLocalRedemptions.ts
FN:4,syncLocalRedemptions
FNF:1
FNH:0
FNDA:0,syncLocalRedemptions
DA:5,0
DA:7,0
DA:8,0
DA:10,0
DA:11,0
DA:12,0
DA:24,0
DA:26,0
DA:31,0
DA:32,0
LF:10
LH:0
BRDA:5,0,0,0
BRDA:5,0,1,0
BRDA:24,1,0,0
BRDA:24,1,1,0
BRF:4
BRH:0
end_of_record
TN:
SF:scripts\unflagComment.ts
FN:3,unflagComment
FNF:1
FNH:1
FNDA:5,unflagComment
DA:4,5
DA:6,5
DA:17,4
DA:18,4
DA:19,2
DA:20,2
DA:23,2
DA:26,3
LF:8
LH:8
BRDA:18,0,0,2
BRDA:18,0,1,2
BRDA:20,1,0,2
BRDA:20,1,1,1
BRF:4
BRH:4
end_of_record
TN:
SF:scripts\unfollowUserCall.ts
FN:3,(anonymous_0)
FNF:1
FNH:1
FNDA:1,(anonymous_0)
DA:3,1
DA:7,1
DA:8,1
DA:16,1
DA:17,0
DA:20,1
DA:22,0
DA:23,0
LF:8
LH:5
BRDA:16,0,0,0
BRDA:16,0,1,1
BRF:2
BRH:1
end_of_record
TN:
SF:scripts\unjoinEvent.ts
FN:3,unjoinEvent
FNF:1
FNH:1
FNDA:4,unjoinEvent
DA:4,4
DA:6,4
DA:17,3
DA:18,3
DA:19,1
DA:22,2
DA:25,2
LF:7
LH:7
BRDA:18,0,0,1
BRDA:18,0,1,2
BRF:2
BRH:2
end_of_record
TN:
SF:scripts\unjoinQuest.ts
FN:3,unjoinQuest
FNF:1
FNH:1
FNDA:4,unjoinQuest
DA:4,4
DA:6,4
DA:17,3
DA:18,3
DA:19,1
DA:22,2
DA:25,2
LF:7
LH:7
BRDA:18,0,0,1
BRDA:18,0,1,2
BRF:2
BRH:2
end_of_record
TN:
SF:scripts\updateCommentCall.ts
FN:3,(anonymous_0)
FNF:1
FNH:1
FNDA:4,(anonymous_0)
DA:3,1
DA:8,4
DA:9,4
DA:18,3
DA:19,1
DA:22,2
DA:24,2
DA:27,2
DA:28,2
LF:9
LH:9
BRDA:18,0,0,1
BRDA:18,0,1,2
BRF:2
BRH:2
end_of_record
TN:
SF:scripts\updateEventCall.ts
FN:3,(anonymous_0)
FNF:1
FNH:1
FNDA:4,(anonymous_0)
DA:3,1
DA:8,4
DA:9,4
DA:18,3
DA:19,1
DA:22,2
DA:24,2
DA:27,2
DA:28,2
LF:9
LH:9
BRDA:18,0,0,1
BRDA:18,0,1,2
BRF:2
BRH:2
end_of_record
TN:
SF:scripts\updateQuestCall.ts
FN:3,(anonymous_0)
FNF:1
FNH:1
FNDA:4,(anonymous_0)
DA:3,1
DA:8,4
DA:9,4
DA:18,3
DA:19,1
DA:22,2
DA:24,2
DA:27,2
DA:28,2
LF:9
LH:9
BRDA:18,0,0,1
BRDA:18,0,1,2
BRF:2
BRH:2
end_of_record
TN:
SF:styles\overlayStyle.ts
FNF:0
FNH:0
DA:3,3
DA:4,3
DA:5,3
DA:7,3
LF:4
LH:4
BRDA:26,0,0,0
BRDA:26,0,1,3
BRDA:47,1,0,0
BRDA:47,1,1,3
BRF:4
BRH:2
end_of_record
