TN:
SF:app\context\(tabs)\UserProfile.tsx
FN:14,UserProfile
FN:23,(anonymous_1)
FN:24,(anonymous_2)
FN:62,(anonymous_3)
FN:75,(anonymous_4)
FN:111,(anonymous_5)
FNF:6
FNH:0
FNDA:0,UserProfile
FNDA:0,(anonymous_1)
FNDA:0,(anonymous_2)
FNDA:0,(anonymous_3)
FNDA:0,(anonymous_4)
FNDA:0,(anonymous_5)
DA:15,0
DA:16,0
DA:18,0
DA:19,0
DA:21,0
DA:23,0
DA:24,0
DA:26,0
DA:27,0
DA:28,0
DA:33,0
DA:36,0
DA:39,0
DA:44,0
DA:47,0
DA:48,0
DA:50,0
DA:52,0
DA:56,0
DA:59,0
DA:60,0
DA:62,0
DA:63,0
DA:65,0
DA:66,0
DA:67,0
DA:69,0
DA:71,0
DA:75,0
DA:76,0
DA:77,0
DA:80,0
DA:112,0
DA:126,1
LF:34
LH:1
BRDA:16,0,0,0
BRDA:16,0,1,0
BRDA:27,1,0,0
BRDA:27,1,1,0
BRDA:40,2,0,0
BRDA:40,2,1,0
BRDA:44,3,0,0
BRDA:44,3,1,0
BRDA:67,4,0,0
BRDA:67,4,1,0
BRDA:95,5,0,0
BRDA:95,5,1,0
BRDA:100,6,0,0
BRDA:100,6,1,0
BRDA:106,7,0,0
BRDA:106,7,1,0
BRDA:110,8,0,0
BRDA:110,8,1,0
BRF:18
BRH:0
end_of_record
TN:
SF:assets\images\enter_sign.png
FNF:0
FNH:0
DA:1,2
LF:1
LH:1
BRF:0
BRH:0
end_of_record
TN:
SF:assets\images\exit_sign.png
FNF:0
FNH:0
DA:1,2
LF:1
LH:1
BRF:0
BRH:0
end_of_record
TN:
SF:assets\images\flag_empty_white.png
FNF:0
FNH:0
DA:1,1
LF:1
LH:1
BRF:0
BRH:0
end_of_record
TN:
SF:assets\images\flag_filled.png
FNF:0
FNH:0
DA:1,1
LF:1
LH:1
BRF:0
BRH:0
end_of_record
TN:
SF:assets\images\heart_empty_white.png
FNF:0
FNH:0
DA:1,1
LF:1
LH:1
BRF:0
BRH:0
end_of_record
TN:
SF:components\CommentOverlay.tsx
FN:50,CommentOverlay
FN:66,(anonymous_1)
FN:69,(anonymous_2)
FN:79,handleLike
FN:81,(anonymous_4)
FN:82,(anonymous_5)
FN:83,(anonymous_6)
FN:97,(anonymous_7)
FN:102,handleFlag
FN:104,(anonymous_9)
FN:106,(anonymous_10)
FN:107,(anonymous_11)
FN:113,(anonymous_12)
FN:118,handleUnflag
FN:120,(anonymous_14)
FN:121,(anonymous_15)
FN:122,(anonymous_16)
FN:128,(anonymous_17)
FN:149,(anonymous_18)
FN:158,(anonymous_19)
FN:182,(anonymous_20)
FN:205,(anonymous_21)
FN:226,(anonymous_22)
FN:239,(anonymous_23)
FN:267,(anonymous_24)
FN:271,(anonymous_25)
FNF:26
FNH:17
FNDA:9,CommentOverlay
FNDA:8,(anonymous_1)
FNDA:8,(anonymous_2)
FNDA:2,handleLike
FNDA:1,(anonymous_4)
FNDA:0,(anonymous_5)
FNDA:0,(anonymous_6)
FNDA:1,(anonymous_7)
FNDA:2,handleFlag
FNDA:1,(anonymous_9)
FNDA:0,(anonymous_10)
FNDA:0,(anonymous_11)
FNDA:1,(anonymous_12)
FNDA:2,handleUnflag
FNDA:1,(anonymous_14)
FNDA:0,(anonymous_15)
FNDA:0,(anonymous_16)
FNDA:1,(anonymous_17)
FNDA:1,(anonymous_18)
FNDA:16,(anonymous_19)
FNDA:0,(anonymous_20)
FNDA:2,(anonymous_21)
FNDA:2,(anonymous_22)
FNDA:2,(anonymous_23)
FNDA:0,(anonymous_24)
FNDA:0,(anonymous_25)
DA:30,1
DA:31,1
DA:32,1
DA:33,1
DA:34,1
DA:35,1
DA:36,1
DA:59,9
DA:60,9
DA:61,9
DA:63,9
DA:64,9
DA:66,9
DA:67,8
DA:69,8
DA:71,8
DA:72,0
DA:80,2
DA:82,1
DA:83,0
DA:84,0
DA:93,1
DA:94,1
DA:98,1
DA:103,2
DA:106,1
DA:107,0
DA:108,0
DA:111,1
DA:114,1
DA:119,2
DA:121,1
DA:122,0
DA:123,0
DA:126,1
DA:129,1
DA:133,9
DA:150,1
DA:151,1
DA:153,1
DA:154,1
DA:159,16
DA:162,16
DA:173,16
DA:183,0
DA:184,0
DA:185,0
DA:205,2
DA:226,2
DA:239,2
DA:267,0
DA:271,0
LF:52
LH:40
BRDA:34,0,0,0
BRDA:34,0,1,1
BRDA:67,1,0,0
BRDA:67,1,1,8
BRDA:67,2,0,8
BRDA:67,2,1,8
BRDA:71,3,0,0
BRDA:71,3,1,8
BRDA:71,4,0,8
BRDA:71,4,1,8
BRDA:84,5,0,0
BRDA:84,5,1,0
BRDA:87,6,0,0
BRDA:87,6,1,0
BRDA:93,7,0,1
BRDA:93,7,1,0
BRDA:108,8,0,0
BRDA:108,8,1,0
BRDA:123,9,0,0
BRDA:123,9,1,0
BRDA:135,10,0,9
BRDA:135,10,1,9
BRDA:178,11,0,9
BRDA:178,11,1,7
BRDA:213,12,0,0
BRDA:213,12,1,16
BRDA:215,13,0,0
BRDA:215,13,1,16
BRDA:220,14,0,16
BRDA:220,14,1,16
BRDA:224,15,0,2
BRDA:224,15,1,14
BRDA:246,16,0,0
BRDA:246,16,1,14
BRF:34
BRH:19
end_of_record
TN:
SF:components\EventOverlay.tsx
FN:47,EventOverlay
FN:60,(anonymous_1)
FN:63,(anonymous_2)
FN:73,handleJoin
FN:75,(anonymous_4)
FN:77,(anonymous_5)
FN:78,(anonymous_6)
FN:87,(anonymous_7)
FN:92,handleUnjoin
FN:94,(anonymous_9)
FN:95,(anonymous_10)
FN:96,(anonymous_11)
FN:102,(anonymous_12)
FN:123,(anonymous_13)
FN:132,(anonymous_14)
FN:168,(anonymous_15)
FN:181,(anonymous_16)
FNF:17
FNH:13
FNDA:7,EventOverlay
FNDA:6,(anonymous_1)
FNDA:6,(anonymous_2)
FNDA:2,handleJoin
FNDA:1,(anonymous_4)
FNDA:0,(anonymous_5)
FNDA:0,(anonymous_6)
FNDA:1,(anonymous_7)
FNDA:2,handleUnjoin
FNDA:1,(anonymous_9)
FNDA:0,(anonymous_10)
FNDA:0,(anonymous_11)
FNDA:1,(anonymous_12)
FNDA:1,(anonymous_13)
FNDA:12,(anonymous_14)
FNDA:2,(anonymous_15)
FNDA:2,(anonymous_16)
DA:27,1
DA:28,1
DA:29,1
DA:30,1
DA:31,1
DA:32,1
DA:33,1
DA:56,7
DA:57,7
DA:58,7
DA:60,7
DA:61,6
DA:63,6
DA:65,6
DA:66,0
DA:74,2
DA:77,1
DA:78,0
DA:79,0
DA:82,1
DA:83,1
DA:85,1
DA:88,1
DA:93,2
DA:95,1
DA:96,0
DA:97,0
DA:100,1
DA:103,1
DA:107,7
DA:124,1
DA:125,1
DA:127,1
DA:128,1
DA:133,12
DA:135,12
DA:145,12
DA:168,2
DA:181,2
LF:39
LH:34
BRDA:31,0,0,0
BRDA:31,0,1,1
BRDA:61,1,0,0
BRDA:61,1,1,6
BRDA:61,2,0,6
BRDA:61,2,1,6
BRDA:65,3,0,0
BRDA:65,3,1,6
BRDA:65,4,0,6
BRDA:65,4,1,6
BRDA:79,5,0,0
BRDA:79,5,1,0
BRDA:82,6,0,1
BRDA:82,6,1,0
BRDA:97,7,0,0
BRDA:97,7,1,0
BRDA:109,8,0,7
BRDA:109,8,1,7
BRDA:150,9,0,7
BRDA:150,9,1,5
BRDA:166,10,0,2
BRDA:166,10,1,10
BRF:22
BRH:14
end_of_record
TN:
SF:components\PostFeed.tsx
FN:4,PostFeed
FN:9,(anonymous_1)
FN:10,(anonymous_2)
FNF:3
FNH:3
FNDA:4,PostFeed
FNDA:13,(anonymous_1)
FNDA:8,(anonymous_2)
DA:6,4
DA:9,13
DA:10,8
DA:18,1
LF:4
LH:4
BRF:0
BRH:0
end_of_record
TN:
SF:components\QuestOverlay.tsx
FN:47,QuestOverlay
FN:60,(anonymous_1)
FN:63,(anonymous_2)
FN:73,handleJoin
FN:75,(anonymous_4)
FN:77,(anonymous_5)
FN:78,(anonymous_6)
FN:87,(anonymous_7)
FN:92,handleUnjoin
FN:94,(anonymous_9)
FN:95,(anonymous_10)
FN:96,(anonymous_11)
FN:102,(anonymous_12)
FN:123,(anonymous_13)
FN:132,(anonymous_14)
FN:153,(anonymous_15)
FN:166,(anonymous_16)
FNF:17
FNH:13
FNDA:7,QuestOverlay
FNDA:6,(anonymous_1)
FNDA:6,(anonymous_2)
FNDA:2,handleJoin
FNDA:1,(anonymous_4)
FNDA:0,(anonymous_5)
FNDA:0,(anonymous_6)
FNDA:1,(anonymous_7)
FNDA:2,handleUnjoin
FNDA:1,(anonymous_9)
FNDA:0,(anonymous_10)
FNDA:0,(anonymous_11)
FNDA:1,(anonymous_12)
FNDA:1,(anonymous_13)
FNDA:12,(anonymous_14)
FNDA:2,(anonymous_15)
FNDA:2,(anonymous_16)
DA:27,1
DA:28,1
DA:29,1
DA:30,1
DA:31,1
DA:32,1
DA:33,1
DA:56,7
DA:57,7
DA:58,7
DA:60,7
DA:61,6
DA:63,6
DA:65,6
DA:66,0
DA:74,2
DA:77,1
DA:78,0
DA:79,0
DA:82,1
DA:83,1
DA:85,1
DA:88,1
DA:93,2
DA:95,1
DA:96,0
DA:97,0
DA:100,1
DA:103,1
DA:107,7
DA:124,1
DA:125,1
DA:127,1
DA:128,1
DA:133,12
DA:153,2
DA:166,2
LF:37
LH:32
BRDA:31,0,0,0
BRDA:31,0,1,1
BRDA:61,1,0,0
BRDA:61,1,1,6
BRDA:61,2,0,6
BRDA:61,2,1,6
BRDA:65,3,0,0
BRDA:65,3,1,6
BRDA:65,4,0,6
BRDA:65,4,1,6
BRDA:79,5,0,0
BRDA:79,5,1,0
BRDA:82,6,0,1
BRDA:82,6,1,0
BRDA:97,7,0,0
BRDA:97,7,1,0
BRDA:109,8,0,7
BRDA:109,8,1,7
BRDA:137,9,0,7
BRDA:137,9,1,5
BRDA:151,10,0,2
BRDA:151,10,1,10
BRF:22
BRH:14
end_of_record
TN:
SF:components\points-context.tsx
FN:22,(anonymous_0)
FN:29,(anonymous_1)
FN:67,(anonymous_2)
FN:68,(anonymous_3)
FN:88,(anonymous_4)
FNF:5
FNH:0
FNDA:0,(anonymous_0)
FNDA:0,(anonymous_1)
FNDA:0,(anonymous_2)
FNDA:0,(anonymous_3)
FNDA:0,(anonymous_4)
DA:20,1
DA:22,1
DA:23,0
DA:24,0
DA:25,0
DA:26,0
DA:27,0
DA:29,0
DA:30,0
DA:32,0
DA:33,0
DA:34,0
DA:35,0
DA:36,0
DA:38,0
DA:39,0
DA:41,0
DA:44,0
DA:45,0
DA:46,0
DA:47,0
DA:49,0
DA:54,0
DA:55,0
DA:61,0
DA:62,0
DA:63,0
DA:67,0
DA:68,0
DA:69,0
DA:70,0
DA:73,0
DA:74,0
DA:75,0
DA:78,0
DA:81,0
DA:88,1
DA:89,0
DA:90,0
DA:91,0
DA:93,0
LF:41
LH:3
BRDA:32,0,0,0
BRDA:32,0,1,0
BRDA:49,1,0,0
BRDA:49,1,1,0
BRDA:50,2,0,0
BRDA:50,2,1,0
BRDA:50,2,2,0
BRDA:57,3,0,0
BRDA:57,3,1,0
BRDA:69,4,0,0
BRDA:69,4,1,0
BRDA:83,5,0,0
BRDA:83,5,1,0
BRDA:90,6,0,0
BRDA:90,6,1,0
BRF:15
BRH:0
end_of_record
TN:
SF:constants\backend.ts
FNF:0
FNH:0
DA:5,1
LF:1
LH:1
BRF:0
BRH:0
end_of_record
TN:
SF:constants\theme.ts
FNF:0
FNH:0
DA:8,1
DA:9,1
DA:11,1
DA:30,1
LF:4
LH:4
BRF:0
BRH:0
end_of_record
TN:
SF:hooks\use-color-scheme.ts
FNF:0
FNH:0
LF:0
LH:0
BRF:0
BRH:0
end_of_record
TN:
SF:scripts\addCommentCall.ts
FN:5,(anonymous_0)
FNF:1
FNH:1
FNDA:4,(anonymous_0)
DA:5,1
DA:6,4
DA:7,4
DA:16,3
DA:17,1
DA:20,2
DA:23,2
DA:30,2
DA:31,1
DA:32,1
DA:35,2
DA:37,2
DA:38,2
LF:13
LH:13
BRDA:16,0,0,1
BRDA:16,0,1,2
BRDA:30,1,0,1
BRDA:30,1,1,1
BRF:4
BRH:4
end_of_record
TN:
SF:scripts\addEventCall.ts
FN:3,(anonymous_0)
FNF:1
FNH:1
FNDA:4,(anonymous_0)
DA:3,1
DA:4,4
DA:5,4
DA:14,3
DA:15,1
DA:16,1
DA:19,2
DA:20,2
DA:22,2
DA:23,2
LF:10
LH:10
BRDA:14,0,0,1
BRDA:14,0,1,2
BRF:2
BRH:2
end_of_record
TN:
SF:scripts\addQuestCall.ts
FN:3,addQuestCall
FNF:1
FNH:1
FNDA:4,addQuestCall
DA:4,4
DA:6,4
DA:18,3
DA:19,3
DA:20,1
DA:23,2
DA:26,2
LF:7
LH:7
BRDA:19,0,0,1
BRDA:19,0,1,2
BRF:2
BRH:2
end_of_record
TN:
SF:scripts\deleteCommentCall.ts
FN:2,deleteCommentCall
FNF:1
FNH:1
FNDA:3,deleteCommentCall
DA:3,3
LF:1
LH:1
BRF:0
BRH:0
end_of_record
TN:
SF:scripts\deleteEventCall.ts
FN:2,deleteEventCall
FNF:1
FNH:1
FNDA:3,deleteEventCall
DA:3,3
LF:1
LH:1
BRF:0
BRH:0
end_of_record
TN:
SF:scripts\deleteQuestCall.ts
FN:2,deleteQuestCall
FNF:1
FNH:1
FNDA:3,deleteQuestCall
DA:3,3
LF:1
LH:1
BRF:0
BRH:0
end_of_record
TN:
SF:scripts\flagComment.ts
FN:3,flagComment
FNF:1
FNH:1
FNDA:4,flagComment
DA:4,4
DA:5,4
DA:13,3
DA:14,3
DA:15,1
DA:18,2
DA:20,2
LF:7
LH:7
BRDA:14,0,0,1
BRDA:14,0,1,2
BRF:2
BRH:2
end_of_record
TN:
SF:scripts\followUserCall.ts
FN:3,(anonymous_0)
FNF:1
FNH:1
FNDA:2,(anonymous_0)
DA:3,1
DA:7,2
DA:8,2
DA:16,2
DA:17,1
DA:20,1
DA:22,1
DA:23,1
LF:8
LH:8
BRDA:16,0,0,1
BRDA:16,0,1,1
BRF:2
BRH:2
end_of_record
TN:
SF:scripts\getCommentsByAreaCall.ts
FN:3,(anonymous_0)
FN:31,(anonymous_1)
FNF:2
FNH:2
FNDA:5,(anonymous_0)
FNDA:1,(anonymous_1)
DA:3,1
DA:10,5
DA:11,5
DA:15,5
DA:23,4
DA:24,1
DA:27,3
DA:29,3
DA:31,3
DA:45,2
DA:46,2
LF:11
LH:11
BRDA:11,0,0,0
BRDA:11,0,1,5
BRDA:23,1,0,1
BRDA:23,1,1,3
BRDA:29,2,0,3
BRDA:29,2,1,1
BRDA:38,3,0,1
BRDA:38,3,1,0
BRDA:40,4,0,1
BRDA:40,4,1,0
BRDA:41,5,0,1
BRDA:41,5,1,1
BRF:12
BRH:9
end_of_record
TN:
SF:scripts\getCommentsCall.ts
FN:3,(anonymous_0)
FN:24,(anonymous_1)
FNF:2
FNH:2
FNDA:5,(anonymous_0)
FNDA:1,(anonymous_1)
DA:3,1
DA:4,5
DA:5,5
DA:16,4
DA:17,1
DA:20,3
DA:22,3
DA:24,3
DA:37,2
DA:38,2
LF:10
LH:10
BRDA:16,0,0,1
BRDA:16,0,1,3
BRDA:22,1,0,3
BRDA:22,1,1,1
BRDA:31,2,0,1
BRDA:31,2,1,0
BRDA:33,3,0,1
BRDA:33,3,1,0
BRDA:34,4,0,1
BRDA:34,4,1,1
BRF:10
BRH:8
end_of_record
TN:
SF:scripts\getEventsByAreaCall.ts
FN:3,(anonymous_0)
FN:31,(anonymous_1)
FNF:2
FNH:2
FNDA:5,(anonymous_0)
FNDA:1,(anonymous_1)
DA:3,1
DA:10,5
DA:11,5
DA:15,5
DA:23,4
DA:24,1
DA:27,3
DA:29,3
DA:31,3
DA:45,2
DA:46,2
LF:11
LH:11
BRDA:11,0,0,0
BRDA:11,0,1,5
BRDA:23,1,0,1
BRDA:23,1,1,3
BRDA:29,2,0,3
BRDA:29,2,1,1
BRDA:39,3,0,1
BRDA:39,3,1,0
BRF:8
BRH:6
end_of_record
TN:
SF:scripts\getEventsCall.ts
FN:3,(anonymous_0)
FN:26,(anonymous_1)
FNF:2
FNH:2
FNDA:5,(anonymous_0)
FNDA:1,(anonymous_1)
DA:3,1
DA:4,5
DA:5,5
DA:16,4
DA:17,1
DA:18,1
DA:19,1
DA:22,3
DA:24,3
DA:26,3
DA:39,2
DA:40,2
LF:12
LH:12
BRDA:16,0,0,1
BRDA:16,0,1,3
BRDA:24,1,0,3
BRDA:24,1,1,1
BRDA:34,2,0,1
BRDA:34,2,1,0
BRF:6
BRH:5
end_of_record
TN:
SF:scripts\getJoinedPostsCall.ts
FN:3,(anonymous_0)
FN:22,(anonymous_1)
FN:35,(anonymous_2)
FN:49,(anonymous_3)
FNF:4
FNH:4
FNDA:5,(anonymous_0)
FNDA:1,(anonymous_1)
FNDA:1,(anonymous_2)
FNDA:1,(anonymous_3)
DA:3,1
DA:4,5
DA:5,5
DA:13,4
DA:14,1
DA:17,3
DA:19,3
DA:20,3
DA:22,3
DA:35,3
DA:48,3
DA:49,1
DA:52,2
DA:53,2
LF:14
LH:14
BRDA:13,0,0,1
BRDA:13,0,1,3
BRDA:19,1,0,2
BRDA:19,1,1,1
BRDA:20,2,0,2
BRDA:20,2,1,1
BRDA:32,3,0,1
BRDA:32,3,1,0
BRDA:45,4,0,1
BRDA:45,4,1,1
BRF:10
BRH:9
end_of_record
TN:
SF:scripts\getMyPostsCall.ts
FN:3,(anonymous_0)
FN:23,(anonymous_1)
FN:35,(anonymous_2)
FN:47,(anonymous_3)
FNF:4
FNH:4
FNDA:5,(anonymous_0)
FNDA:1,(anonymous_1)
FNDA:1,(anonymous_2)
FNDA:1,(anonymous_3)
DA:3,1
DA:4,5
DA:5,5
DA:13,4
DA:14,1
DA:17,3
DA:19,3
DA:20,3
DA:21,3
DA:23,3
DA:35,3
DA:47,3
DA:59,3
DA:61,2
DA:62,2
LF:15
LH:15
BRDA:13,0,0,1
BRDA:13,0,1,3
BRDA:19,1,0,2
BRDA:19,1,1,1
BRDA:20,2,0,2
BRDA:20,2,1,1
BRDA:21,3,0,2
BRDA:21,3,1,1
BRF:8
BRH:8
end_of_record
TN:
SF:scripts\getQuestsByAreaCall.ts
FN:3,(anonymous_0)
FN:31,(anonymous_1)
FNF:2
FNH:2
FNDA:5,(anonymous_0)
FNDA:1,(anonymous_1)
DA:3,1
DA:10,5
DA:11,5
DA:15,5
DA:23,4
DA:24,1
DA:27,3
DA:29,3
DA:31,3
DA:45,2
DA:46,2
LF:11
LH:11
BRDA:11,0,0,0
BRDA:11,0,1,5
BRDA:23,1,0,1
BRDA:23,1,1,3
BRDA:29,2,0,3
BRDA:29,2,1,1
BRDA:41,3,0,1
BRDA:41,3,1,0
BRF:8
BRH:6
end_of_record
TN:
SF:scripts\getQuestsCall.ts
FN:3,(anonymous_0)
FN:23,(anonymous_1)
FNF:2
FNH:2
FNDA:5,(anonymous_0)
FNDA:1,(anonymous_1)
DA:3,1
DA:4,5
DA:5,5
DA:15,4
DA:16,1
DA:19,3
DA:21,3
DA:23,3
DA:36,2
DA:37,2
LF:10
LH:10
BRDA:15,0,0,1
BRDA:15,0,1,3
BRDA:21,1,0,3
BRDA:21,1,1,1
BRDA:33,2,0,1
BRDA:33,2,1,0
BRF:6
BRH:5
end_of_record
TN:
SF:scripts\getUserBadges.ts
FN:3,(anonymous_0)
FNF:1
FNH:0
FNDA:0,(anonymous_0)
DA:3,1
DA:4,0
DA:6,0
DA:7,0
DA:10,0
DA:11,0
DA:19,0
DA:20,0
DA:23,0
DA:24,0
DA:26,0
DA:27,0
LF:12
LH:1
BRDA:6,0,0,0
BRDA:6,0,1,0
BRDA:19,1,0,0
BRDA:19,1,1,0
BRDA:24,2,0,0
BRDA:24,2,1,0
BRF:6
BRH:0
end_of_record
TN:
SF:scripts\getUserPoints.ts
FN:3,(anonymous_0)
FNF:1
FNH:0
FNDA:0,(anonymous_0)
DA:3,1
DA:4,0
DA:6,0
DA:7,0
DA:10,0
DA:11,0
DA:22,0
DA:23,0
DA:26,0
DA:27,0
DA:29,0
DA:30,0
LF:12
LH:1
BRDA:6,0,0,0
BRDA:6,0,1,0
BRDA:22,1,0,0
BRDA:22,1,1,0
BRDA:27,2,0,0
BRDA:27,2,1,0
BRF:6
BRH:0
end_of_record
TN:
SF:scripts\getUserProfileCall.ts
FN:19,(anonymous_0)
FN:25,(anonymous_1)
FNF:2
FNH:2
FNDA:4,(anonymous_0)
FNDA:3,(anonymous_1)
DA:19,4
DA:25,2
DA:29,3
DA:30,3
DA:34,3
DA:42,3
DA:43,1
DA:46,2
DA:47,2
DA:50,2
DA:54,2
DA:64,1
DA:65,1
LF:13
LH:13
BRDA:20,0,0,4
BRDA:20,0,1,0
BRDA:20,0,2,0
BRDA:20,0,3,0
BRDA:21,1,0,4
BRDA:21,1,1,0
BRDA:22,2,0,4
BRDA:22,2,1,2
BRDA:22,3,0,4
BRDA:22,3,1,2
BRDA:30,4,0,0
BRDA:30,4,1,3
BRDA:42,5,0,1
BRDA:42,5,1,2
BRDA:47,6,0,2
BRDA:47,6,1,0
BRDA:50,7,0,2
BRDA:50,7,1,0
BRDA:55,8,0,2
BRDA:55,8,1,0
BRDA:56,9,0,2
BRDA:56,9,1,1
BRDA:56,10,0,2
BRDA:56,10,1,1
BRDA:60,11,0,2
BRDA:60,11,1,0
BRDA:60,12,0,2
BRDA:60,12,1,1
BRDA:61,13,0,2
BRDA:61,13,1,0
BRDA:61,14,0,2
BRDA:61,14,1,1
BRF:32
BRH:22
end_of_record
TN:
SF:scripts\joinEvent.ts
FN:3,joinEvent
FNF:1
FNH:1
FNDA:4,joinEvent
DA:4,4
DA:6,4
DA:17,3
DA:18,3
DA:19,1
DA:22,2
DA:25,2
LF:7
LH:7
BRDA:18,0,0,1
BRDA:18,0,1,2
BRF:2
BRH:2
end_of_record
TN:
SF:scripts\joinQuest.ts
FN:3,joinQuest
FNF:1
FNH:1
FNDA:4,joinQuest
DA:4,4
DA:6,4
DA:17,3
DA:18,3
DA:19,1
DA:22,2
DA:25,2
LF:7
LH:7
BRDA:18,0,0,1
BRDA:18,0,1,2
BRF:2
BRH:2
end_of_record
TN:
SF:scripts\likeComment.ts
FN:4,(anonymous_0)
FNF:1
FNH:1
FNDA:5,(anonymous_0)
DA:4,1
DA:5,5
DA:6,5
DA:17,4
DA:18,4
DA:19,2
DA:24,2
DA:26,3
LF:8
LH:8
BRDA:18,0,0,2
BRDA:18,0,1,2
BRDA:20,1,0,2
BRDA:20,1,1,1
BRF:4
BRH:4
end_of_record
TN:
SF:scripts\localRedemptions.ts
FN:13,getLocalRedemptions
FN:24,addLocalRedemption
FN:34,clearLocalRedemptions
FN:42,removeLocalRedemption
FN:45,(anonymous_4)
FN:52,sumLocalRedeemedPoints
FN:55,(anonymous_6)
FNF:7
FNH:0
FNDA:0,getLocalRedemptions
FNDA:0,addLocalRedemption
FNDA:0,clearLocalRedemptions
FNDA:0,removeLocalRedemption
FNDA:0,(anonymous_4)
FNDA:0,sumLocalRedeemedPoints
FNDA:0,(anonymous_6)
DA:11,1
DA:14,0
DA:15,0
DA:16,0
DA:17,0
DA:19,0
DA:20,0
DA:25,0
DA:26,0
DA:27,0
DA:28,0
DA:30,0
DA:35,0
DA:36,0
DA:38,0
DA:43,0
DA:44,0
DA:45,0
DA:46,0
DA:48,0
DA:53,0
DA:54,0
DA:55,0
DA:57,0
DA:58,0
LF:25
LH:1
BRDA:16,0,0,0
BRDA:16,0,1,0
BRDA:55,1,0,0
BRDA:55,1,1,0
BRF:4
BRH:0
end_of_record
TN:
SF:scripts\syncLocalRedemptions.ts
FN:4,syncLocalRedemptions
FNF:1
FNH:0
FNDA:0,syncLocalRedemptions
DA:5,0
DA:7,0
DA:8,0
DA:10,0
DA:11,0
DA:12,0
DA:24,0
DA:26,0
DA:31,0
DA:32,0
LF:10
LH:0
BRDA:5,0,0,0
BRDA:5,0,1,0
BRDA:24,1,0,0
BRDA:24,1,1,0
BRF:4
BRH:0
end_of_record
TN:
SF:scripts\unflagComment.ts
FN:3,unflagComment
FNF:1
FNH:1
FNDA:5,unflagComment
DA:4,5
DA:6,5
DA:17,4
DA:18,4
DA:19,2
DA:20,2
DA:23,2
DA:26,3
LF:8
LH:8
BRDA:18,0,0,2
BRDA:18,0,1,2
BRDA:20,1,0,2
BRDA:20,1,1,1
BRF:4
BRH:4
end_of_record
TN:
SF:scripts\unfollowUserCall.ts
FN:3,(anonymous_0)
FNF:1
FNH:1
FNDA:1,(anonymous_0)
DA:3,1
DA:7,1
DA:8,1
DA:16,1
DA:17,0
DA:20,1
DA:22,0
DA:23,0
LF:8
LH:5
BRDA:16,0,0,0
BRDA:16,0,1,1
BRF:2
BRH:1
end_of_record
TN:
SF:scripts\unjoinEvent.ts
FN:3,unjoinEvent
FNF:1
FNH:1
FNDA:4,unjoinEvent
DA:4,4
DA:6,4
DA:17,3
DA:18,3
DA:19,1
DA:22,2
DA:25,2
LF:7
LH:7
BRDA:18,0,0,1
BRDA:18,0,1,2
BRF:2
BRH:2
end_of_record
TN:
SF:scripts\unjoinQuest.ts
FN:3,unjoinQuest
FNF:1
FNH:1
FNDA:4,unjoinQuest
DA:4,4
DA:6,4
DA:17,3
DA:18,3
DA:19,1
DA:22,2
DA:25,2
LF:7
LH:7
BRDA:18,0,0,1
BRDA:18,0,1,2
BRF:2
BRH:2
end_of_record
TN:
SF:scripts\updateCommentCall.ts
FN:3,(anonymous_0)
FNF:1
FNH:1
FNDA:4,(anonymous_0)
DA:3,1
DA:8,4
DA:9,4
DA:18,3
DA:19,1
DA:22,2
DA:24,2
DA:27,2
DA:28,2
LF:9
LH:9
BRDA:18,0,0,1
BRDA:18,0,1,2
BRF:2
BRH:2
end_of_record
TN:
SF:scripts\updateEventCall.ts
FN:3,(anonymous_0)
FNF:1
FNH:1
FNDA:4,(anonymous_0)
DA:3,1
DA:8,4
DA:9,4
DA:18,3
DA:19,1
DA:22,2
DA:24,2
DA:27,2
DA:28,2
LF:9
LH:9
BRDA:18,0,0,1
BRDA:18,0,1,2
BRF:2
BRH:2
end_of_record
TN:
SF:scripts\updateQuestCall.ts
FN:3,(anonymous_0)
FNF:1
FNH:1
FNDA:4,(anonymous_0)
DA:3,1
DA:8,4
DA:9,4
DA:18,3
DA:19,1
DA:22,2
DA:24,2
DA:27,2
DA:28,2
LF:9
LH:9
BRDA:18,0,0,1
BRDA:18,0,1,2
BRF:2
BRH:2
end_of_record
TN:
SF:styles\overlayStyle.ts
FNF:0
FNH:0
DA:3,3
DA:4,3
DA:5,3
DA:6,3
DA:8,3
LF:5
LH:5
BRDA:6,0,0,0
BRDA:6,0,1,3
BRDA:27,1,0,0
BRDA:27,1,1,3
BRDA:48,2,0,0
BRDA:48,2,1,3
BRF:6
BRH:3
end_of_record
